#
# There is insufficient memory for the Java Runtime Environment to continue.
# Native memory allocation (malloc) failed to allocate 2665184 bytes for Chunk::new
# Possible reasons:
#   The system is out of physical RAM or swap space
#   The process is running with CompressedOops enabled, and the Java Heap may be blocking the growth of the native heap
# Possible solutions:
#   Reduce memory load on the system
#   Increase physical memory or swap space
#   Check if swap backing store is full
#   Decrease Java heap size (-Xmx/-Xms)
#   Decrease number of Java threads
#   Decrease Java thread stack sizes (-Xss)
#   Set larger code cache with -XX:ReservedCodeCacheSize=
#   JVM is running with Unscaled Compressed Oops mode in which the Java heap is
#     placed in the first 4GB address space. The Java Heap base address is the
#     maximum limit for the native heap growth. Please use -XX:HeapBaseMinAddress
#     to set the Java Heap base and to place the Java Heap above 4GB virtual address.
# This output file may be truncated or incomplete.
#
#  Out of Memory Error (arena.cpp:189), pid=20120, tid=33900
#
# JRE version: OpenJDK Runtime Environment (17.0.6) (build 17.0.6+0-b2043.56-10027231)
# Java VM: OpenJDK 64-Bit Server VM (17.0.6+0-b2043.56-10027231, mixed mode, tiered, compressed oops, compressed class ptrs, g1 gc, windows-amd64)
# No core dump will be written. Minidumps are not enabled by default on client versions of Windows
#

---------------  S U M M A R Y ------------

Command Line: --add-opens=java.base/java.util=ALL-UNNAMED --add-opens=java.base/java.lang=ALL-UNNAMED --add-opens=java.base/java.lang.invoke=ALL-UNNAMED --add-opens=java.prefs/java.util.prefs=ALL-UNNAMED --add-opens=java.base/java.nio.charset=ALL-UNNAMED --add-opens=java.base/java.net=ALL-UNNAMED --add-opens=java.base/java.util.concurrent.atomic=ALL-UNNAMED -Xmx2048m -Dfile.encoding=UTF-8 -Duser.country=FR -Duser.language=fr -Duser.variant org.gradle.launcher.daemon.bootstrap.GradleDaemon 8.0

Host: 11th Gen Intel(R) Core(TM) i7-1165G7 @ 2.80GHz, 8 cores, 15G,  Windows 11 , 64 bit Build 23585 (10.0.23585.1001)
Time: Sat Nov 18 19:17:27 2023 Europe de l , 64 bit Build 23585 (10.0.23585.1001) elapsed time: 27.444177 seconds (0d 0h 0m 27s)

---------------  T H R E A D  ---------------

Current thread (0x000001bb6f442af0):  JavaThread "C2 CompilerThread0" daemon [_thread_in_native, id=33900, stack(0x0000009cd1c00000,0x0000009cd1d00000)]


Current CompileTask:
C2:  27444 7982       4       org.gradle.internal.instantiation.generator.AbstractClassGenerator::inspectType (560 bytes)

Stack: [0x0000009cd1c00000,0x0000009cd1d00000]
Native frames: (J=compiled Java code, j=interpreted, Vv=VM code, C=native code)
V  [jvm.dll+0x683c9a]
V  [jvm.dll+0x8427a4]
V  [jvm.dll+0x843f9e]
V  [jvm.dll+0x844603]
V  [jvm.dll+0x249b75]
V  [jvm.dll+0xabcac]
V  [jvm.dll+0xac27c]
V  [jvm.dll+0x368857]
V  [jvm.dll+0x332f31]
V  [jvm.dll+0x3323da]
V  [jvm.dll+0x21c201]
V  [jvm.dll+0x21b621]
V  [jvm.dll+0x1a4fdd]
V  [jvm.dll+0x22b098]
V  [jvm.dll+0x229159]
V  [jvm.dll+0x7f81ec]
V  [jvm.dll+0x7f274a]
V  [jvm.dll+0x682ad5]
C  [ucrtbase.dll+0x29363]
C  [KERNEL32.DLL+0x1257d]
C  [ntdll.dll+0x5aa88]


---------------  P R O C E S S  ---------------

Threads class SMR info:
_java_thread_list=0x000001bb73825980, length=126, elements={
0x000001bb549c8dc0, 0x000001bb6e829ec0, 0x000001bb6f435910, 0x000001bb6f43fd50,
0x000001bb6f440900, 0x000001bb6f4413b0, 0x000001bb6f441d60, 0x000001bb6f442af0,
0x000001bb6f484410, 0x000001bb6f484d10, 0x000001bb6f618c10, 0x000001bb6f61b140,
0x000001bb7051be20, 0x000001bb706feb20, 0x000001bb70bd0040, 0x000001bb70310b50,
0x000001bb7086a8e0, 0x000001bb7015b960, 0x000001bb7015be30, 0x000001bb70dbe790,
0x000001bb6f888cf0, 0x000001bb6f88aea0, 0x000001bb6f889690, 0x000001bb6f8874e0,
0x000001bb6f888350, 0x000001bb6f889b60, 0x000001bb6f8891c0, 0x000001bb6f8879b0,
0x000001bb6f88a500, 0x000001bb6f88a9d0, 0x000001bb6f887e80, 0x000001bb6f888820,
0x000001bb735b3980, 0x000001bb735b47f0, 0x000001bb735b6000, 0x000001bb735b2b10,
0x000001bb735b9020, 0x000001bb735b81b0, 0x000001bb735ba360, 0x000001bb735b64d0,
0x000001bb735b4320, 0x000001bb735b7340, 0x000001bb735b69a0, 0x000001bb735b5b30,
0x000001bb735b9e90, 0x000001bb735b2fe0, 0x000001bb735b6e70, 0x000001bb735b7810,
0x000001bb735b8680, 0x000001bb735b8b50, 0x000001bb735b94f0, 0x000001bb735b99c0,
0x000001bb74097800, 0x000001bb74090e20, 0x000001bb740934a0, 0x000001bb74091c90,
0x000001bb7408ffb0, 0x000001bb74096990, 0x000001bb740912f0, 0x000001bb74097330,
0x000001bb74095ff0, 0x000001bb740964c0, 0x000001bb740947e0, 0x000001bb74092630,
0x000001bb74096e60, 0x000001bb740917c0, 0x000001bb74090480, 0x000001bb74090950,
0x000001bb74092160, 0x000001bb74093970, 0x000001bb74092b00, 0x000001bb74092fd0,
0x000001bb74095b20, 0x000001bb74093e40, 0x000001bb74094310, 0x000001bb74094cb0,
0x000001bb74095180, 0x000001bb74095650, 0x000001bb72228d80, 0x000001bb722283e0,
0x000001bb7222a0c0, 0x000001bb72227a40, 0x000001bb7222a590, 0x000001bb722288b0,
0x000001bb72226bd0, 0x000001bb72227f10, 0x000001bb72229250, 0x000001bb722270a0,
0x000001bb72229720, 0x000001bb72227570, 0x000001bb72229bf0, 0x000001bb71cbef70,
0x000001bb71cc02b0, 0x000001bb71cc1ac0, 0x000001bb71cbcdc0, 0x000001bb71cbac10,
0x000001bb71cbc420, 0x000001bb71cbc8f0, 0x000001bb71cbfde0, 0x000001bb71cbd290,
0x000001bb71cc1120, 0x000001bb71cbba80, 0x000001bb71cbd760, 0x000001bb71cc15f0,
0x000001bb71cbdc30, 0x000001bb71cbb0e0, 0x000001bb71cbe100, 0x000001bb71cbf440,
0x000001bb71cc0780, 0x000001bb71cba270, 0x000001bb71cbf910, 0x000001bb71cbeaa0,
0x000001bb71cbe5d0, 0x000001bb71cba740, 0x000001bb71cc0c50, 0x000001bb71cbb5b0,
0x000001bb71cbbf50, 0x000001bb7405d620, 0x000001bb7405daf0, 0x000001bb7405d150,
0x000001bb7405dfc0, 0x000001bb74059c60, 0x000001bb74058450, 0x000001bb7405a130,
0x000001bb7405f300, 0x000001bb772584d0
}

Java Threads: ( => current thread )
  0x000001bb549c8dc0 JavaThread "main" [_thread_blocked, id=38432, stack(0x0000009cd0f00000,0x0000009cd1000000)]
  0x000001bb6e829ec0 JavaThread "Reference Handler" daemon [_thread_blocked, id=51288, stack(0x0000009cd1600000,0x0000009cd1700000)]
  0x000001bb6f435910 JavaThread "Finalizer" daemon [_thread_blocked, id=27292, stack(0x0000009cd1700000,0x0000009cd1800000)]
  0x000001bb6f43fd50 JavaThread "Signal Dispatcher" daemon [_thread_blocked, id=3824, stack(0x0000009cd1800000,0x0000009cd1900000)]
  0x000001bb6f440900 JavaThread "Attach Listener" daemon [_thread_blocked, id=55316, stack(0x0000009cd1900000,0x0000009cd1a00000)]
  0x000001bb6f4413b0 JavaThread "Service Thread" daemon [_thread_blocked, id=36904, stack(0x0000009cd1a00000,0x0000009cd1b00000)]
  0x000001bb6f441d60 JavaThread "Monitor Deflation Thread" daemon [_thread_blocked, id=16072, stack(0x0000009cd1b00000,0x0000009cd1c00000)]
=>0x000001bb6f442af0 JavaThread "C2 CompilerThread0" daemon [_thread_in_native, id=33900, stack(0x0000009cd1c00000,0x0000009cd1d00000)]
  0x000001bb6f484410 JavaThread "C1 CompilerThread0" daemon [_thread_blocked, id=19272, stack(0x0000009cd1d00000,0x0000009cd1e00000)]
  0x000001bb6f484d10 JavaThread "Sweeper thread" daemon [_thread_blocked, id=10196, stack(0x0000009cd1e00000,0x0000009cd1f00000)]
  0x000001bb6f618c10 JavaThread "Common-Cleaner" daemon [_thread_blocked, id=27220, stack(0x0000009cd1f00000,0x0000009cd2000000)]
  0x000001bb6f61b140 JavaThread "Notification Thread" daemon [_thread_blocked, id=51556, stack(0x0000009cd2000000,0x0000009cd2100000)]
  0x000001bb7051be20 JavaThread "Daemon health stats" [_thread_blocked, id=28292, stack(0x0000009cd2200000,0x0000009cd2300000)]
  0x000001bb706feb20 JavaThread "Incoming local TCP Connector on port 58372" [_thread_in_native, id=29372, stack(0x0000009cd2800000,0x0000009cd2900000)]
  0x000001bb70bd0040 JavaThread "Daemon periodic checks" [_thread_blocked, id=27024, stack(0x0000009cd2900000,0x0000009cd2a00000)]
  0x000001bb70310b50 JavaThread "Daemon" [_thread_blocked, id=46952, stack(0x0000009cd2a00000,0x0000009cd2b00000)]
  0x000001bb7086a8e0 JavaThread "Handler for socket connection from /127.0.0.1:58372 to /127.0.0.1:58373" [_thread_in_native, id=46024, stack(0x0000009cd2b00000,0x0000009cd2c00000)]
  0x000001bb7015b960 JavaThread "Cancel handler" [_thread_blocked, id=23204, stack(0x0000009cd2c00000,0x0000009cd2d00000)]
  0x000001bb7015be30 JavaThread "Daemon worker" [_thread_in_vm, id=49264, stack(0x0000009cd2d00000,0x0000009cd2e00000)]
  0x000001bb70dbe790 JavaThread "Asynchronous log dispatcher for DefaultDaemonConnection: socket connection from /127.0.0.1:58372 to /127.0.0.1:58373" [_thread_blocked, id=16252, stack(0x0000009cd2e00000,0x0000009cd2f00000)]
  0x000001bb6f888cf0 JavaThread "Stdin handler" [_thread_blocked, id=42848, stack(0x0000009cd2f00000,0x0000009cd3000000)]
  0x000001bb6f88aea0 JavaThread "Daemon client event forwarder" [_thread_blocked, id=36744, stack(0x0000009cd3000000,0x0000009cd3100000)]
  0x000001bb6f889690 JavaThread "Cache worker for journal cache (C:\Users\33601\.gradle\caches\journal-1)" [_thread_blocked, id=35548, stack(0x0000009cd3400000,0x0000009cd3500000)]
  0x000001bb6f8874e0 JavaThread "File lock request listener" [_thread_in_native, id=22068, stack(0x0000009cd3500000,0x0000009cd3600000)]
  0x000001bb6f888350 JavaThread "Cache worker for file hash cache (C:\Users\33601\.gradle\caches\8.0\fileHashes)" [_thread_blocked, id=52512, stack(0x0000009cd3600000,0x0000009cd3700000)]
  0x000001bb6f889b60 JavaThread "File watcher server" daemon [_thread_in_native, id=42116, stack(0x0000009cd3700000,0x0000009cd3800000)]
  0x000001bb6f8891c0 JavaThread "File watcher consumer" daemon [_thread_blocked, id=43792, stack(0x0000009cd3800000,0x0000009cd3900000)]
  0x000001bb6f8879b0 JavaThread "Cache worker for checksums cache (C:\Users\33601\Desktop\RealEstateManager\.gradle\8.0\checksums)" [_thread_blocked, id=46444, stack(0x0000009cd3900000,0x0000009cd3a00000)]
  0x000001bb6f88a500 JavaThread "Cache worker for cache directory md-rule (C:\Users\33601\.gradle\caches\8.0\md-rule)" [_thread_blocked, id=31856, stack(0x0000009cd3a00000,0x0000009cd3b00000)]
  0x000001bb6f88a9d0 JavaThread "Cache worker for file content cache (C:\Users\33601\.gradle\caches\8.0\fileContent)" [_thread_blocked, id=31912, stack(0x0000009cd3b00000,0x0000009cd3c00000)]
  0x000001bb6f887e80 JavaThread "Cache worker for file hash cache (C:\Users\33601\Desktop\RealEstateManager\.gradle\8.0\fileHashes)" [_thread_blocked, id=29492, stack(0x0000009cd3c00000,0x0000009cd3d00000)]
  0x000001bb6f888820 JavaThread "Cache worker for cache directory md-supplier (C:\Users\33601\.gradle\caches\8.0\md-supplier)" [_thread_blocked, id=35588, stack(0x0000009cd3d00000,0x0000009cd3e00000)]
  0x000001bb735b3980 JavaThread "Cache worker for execution history cache (C:\Users\33601\.gradle\caches\8.0\executionHistory)" [_thread_blocked, id=48232, stack(0x0000009cd3e00000,0x0000009cd3f00000)]
  0x000001bb735b47f0 JavaThread "jar transforms" [_thread_blocked, id=31332, stack(0x0000009cd3f00000,0x0000009cd4000000)]
  0x000001bb735b6000 JavaThread "jar transforms Thread 2" [_thread_blocked, id=51188, stack(0x0000009cd4000000,0x0000009cd4100000)]
  0x000001bb735b2b10 JavaThread "jar transforms Thread 3" [_thread_blocked, id=32556, stack(0x0000009cd4200000,0x0000009cd4300000)]
  0x000001bb735b9020 JavaThread "jar transforms Thread 4" [_thread_blocked, id=13980, stack(0x0000009cd4300000,0x0000009cd4400000)]
  0x000001bb735b81b0 JavaThread "Cache worker for dependencies-accessors (C:\Users\33601\Desktop\RealEstateManager\.gradle\8.0\dependencies-accessors)" [_thread_blocked, id=54996, stack(0x0000009cd4400000,0x0000009cd4500000)]
  0x000001bb735ba360 JavaThread "jar transforms Thread 5" [_thread_blocked, id=27352, stack(0x0000009cd4500000,0x0000009cd4600000)]
  0x000001bb735b64d0 JavaThread "Cache worker for Build Output Cleanup Cache (C:\Users\33601\Desktop\RealEstateManager\.gradle\buildOutputCleanup)" [_thread_blocked, id=2696, stack(0x0000009cd4600000,0x0000009cd4700000)]
  0x000001bb735b4320 JavaThread "Unconstrained build operations" [_thread_blocked, id=17452, stack(0x0000009cd4800000,0x0000009cd4900000)]
  0x000001bb735b7340 JavaThread "Unconstrained build operations Thread 2" [_thread_blocked, id=20352, stack(0x0000009cd4900000,0x0000009cd4a00000)]
  0x000001bb735b69a0 JavaThread "Unconstrained build operations Thread 3" [_thread_blocked, id=43472, stack(0x0000009cd4a00000,0x0000009cd4b00000)]
  0x000001bb735b5b30 JavaThread "Unconstrained build operations Thread 4" [_thread_blocked, id=29604, stack(0x0000009cd4b00000,0x0000009cd4c00000)]
  0x000001bb735b9e90 JavaThread "Unconstrained build operations Thread 5" [_thread_blocked, id=39148, stack(0x0000009cd4c00000,0x0000009cd4d00000)]
  0x000001bb735b2fe0 JavaThread "Unconstrained build operations Thread 6" [_thread_blocked, id=53484, stack(0x0000009cd4d00000,0x0000009cd4e00000)]
  0x000001bb735b6e70 JavaThread "Unconstrained build operations Thread 7" [_thread_blocked, id=29364, stack(0x0000009cd4e00000,0x0000009cd4f00000)]
  0x000001bb735b7810 JavaThread "Unconstrained build operations Thread 8" [_thread_blocked, id=28320, stack(0x0000009cd4f00000,0x0000009cd5000000)]
  0x000001bb735b8680 JavaThread "Unconstrained build operations Thread 9" [_thread_blocked, id=31680, stack(0x0000009cd5000000,0x0000009cd5100000)]
  0x000001bb735b8b50 JavaThread "Unconstrained build operations Thread 10" [_thread_blocked, id=2252, stack(0x0000009cd5100000,0x0000009cd5200000)]
  0x000001bb735b94f0 JavaThread "Unconstrained build operations Thread 11" [_thread_blocked, id=38008, stack(0x0000009cd5200000,0x0000009cd5300000)]
  0x000001bb735b99c0 JavaThread "Unconstrained build operations Thread 12" [_thread_blocked, id=43784, stack(0x0000009cd5300000,0x0000009cd5400000)]
  0x000001bb74097800 JavaThread "Unconstrained build operations Thread 13" [_thread_blocked, id=17068, stack(0x0000009cd5400000,0x0000009cd5500000)]
  0x000001bb74090e20 JavaThread "Unconstrained build operations Thread 14" [_thread_blocked, id=3332, stack(0x0000009cd5500000,0x0000009cd5600000)]
  0x000001bb740934a0 JavaThread "Unconstrained build operations Thread 15" [_thread_blocked, id=38184, stack(0x0000009cd5600000,0x0000009cd5700000)]
  0x000001bb74091c90 JavaThread "Unconstrained build operations Thread 16" [_thread_blocked, id=10696, stack(0x0000009cd5700000,0x0000009cd5800000)]
  0x000001bb7408ffb0 JavaThread "Unconstrained build operations Thread 17" [_thread_blocked, id=18204, stack(0x0000009cd5800000,0x0000009cd5900000)]
  0x000001bb74096990 JavaThread "Unconstrained build operations Thread 18" [_thread_blocked, id=39828, stack(0x0000009cd5900000,0x0000009cd5a00000)]
  0x000001bb740912f0 JavaThread "Unconstrained build operations Thread 19" [_thread_blocked, id=39424, stack(0x0000009cd5a00000,0x0000009cd5b00000)]
  0x000001bb74097330 JavaThread "Unconstrained build operations Thread 20" [_thread_blocked, id=34580, stack(0x0000009cd5b00000,0x0000009cd5c00000)]
  0x000001bb74095ff0 JavaThread "Unconstrained build operations Thread 21" [_thread_blocked, id=31204, stack(0x0000009cd5c00000,0x0000009cd5d00000)]
  0x000001bb740964c0 JavaThread "Unconstrained build operations Thread 22" [_thread_blocked, id=27420, stack(0x0000009cd5d00000,0x0000009cd5e00000)]
  0x000001bb740947e0 JavaThread "Unconstrained build operations Thread 23" [_thread_blocked, id=31112, stack(0x0000009cd5e00000,0x0000009cd5f00000)]
  0x000001bb74092630 JavaThread "Unconstrained build operations Thread 24" [_thread_blocked, id=30524, stack(0x0000009cd5f00000,0x0000009cd6000000)]
  0x000001bb74096e60 JavaThread "Unconstrained build operations Thread 25" [_thread_blocked, id=54080, stack(0x0000009cd6000000,0x0000009cd6100000)]
  0x000001bb740917c0 JavaThread "Unconstrained build operations Thread 26" [_thread_blocked, id=28700, stack(0x0000009cd6100000,0x0000009cd6200000)]
  0x000001bb74090480 JavaThread "Unconstrained build operations Thread 27" [_thread_blocked, id=25420, stack(0x0000009cd6200000,0x0000009cd6300000)]
  0x000001bb74090950 JavaThread "Unconstrained build operations Thread 28" [_thread_blocked, id=1880, stack(0x0000009cd6300000,0x0000009cd6400000)]
  0x000001bb74092160 JavaThread "Unconstrained build operations Thread 29" [_thread_blocked, id=25396, stack(0x0000009cd6400000,0x0000009cd6500000)]
  0x000001bb74093970 JavaThread "Unconstrained build operations Thread 30" [_thread_blocked, id=3684, stack(0x0000009cd6500000,0x0000009cd6600000)]
  0x000001bb74092b00 JavaThread "Unconstrained build operations Thread 31" [_thread_blocked, id=41932, stack(0x0000009cd6600000,0x0000009cd6700000)]
  0x000001bb74092fd0 JavaThread "Unconstrained build operations Thread 32" [_thread_blocked, id=15496, stack(0x0000009cd6700000,0x0000009cd6800000)]
  0x000001bb74095b20 JavaThread "Unconstrained build operations Thread 33" [_thread_blocked, id=52668, stack(0x0000009cd6800000,0x0000009cd6900000)]
  0x000001bb74093e40 JavaThread "Unconstrained build operations Thread 34" [_thread_blocked, id=44912, stack(0x0000009cd6900000,0x0000009cd6a00000)]
  0x000001bb74094310 JavaThread "Unconstrained build operations Thread 35" [_thread_blocked, id=36816, stack(0x0000009cd6a00000,0x0000009cd6b00000)]
  0x000001bb74094cb0 JavaThread "Unconstrained build operations Thread 36" [_thread_blocked, id=27296, stack(0x0000009cd6b00000,0x0000009cd6c00000)]
  0x000001bb74095180 JavaThread "Unconstrained build operations Thread 37" [_thread_blocked, id=24280, stack(0x0000009cd6c00000,0x0000009cd6d00000)]
  0x000001bb74095650 JavaThread "Unconstrained build operations Thread 38" [_thread_blocked, id=30416, stack(0x0000009cd6d00000,0x0000009cd6e00000)]
  0x000001bb72228d80 JavaThread "Unconstrained build operations Thread 39" [_thread_blocked, id=5040, stack(0x0000009cd6e00000,0x0000009cd6f00000)]
  0x000001bb722283e0 JavaThread "Unconstrained build operations Thread 40" [_thread_blocked, id=22028, stack(0x0000009cd6f00000,0x0000009cd7000000)]
  0x000001bb7222a0c0 JavaThread "Unconstrained build operations Thread 41" [_thread_blocked, id=9956, stack(0x0000009cd7000000,0x0000009cd7100000)]
  0x000001bb72227a40 JavaThread "Unconstrained build operations Thread 42" [_thread_blocked, id=28044, stack(0x0000009cd7100000,0x0000009cd7200000)]
  0x000001bb7222a590 JavaThread "Unconstrained build operations Thread 43" [_thread_blocked, id=52404, stack(0x0000009cd7200000,0x0000009cd7300000)]
  0x000001bb722288b0 JavaThread "Unconstrained build operations Thread 44" [_thread_blocked, id=28940, stack(0x0000009cd7300000,0x0000009cd7400000)]
  0x000001bb72226bd0 JavaThread "Unconstrained build operations Thread 45" [_thread_blocked, id=17648, stack(0x0000009cd7400000,0x0000009cd7500000)]
  0x000001bb72227f10 JavaThread "Unconstrained build operations Thread 46" [_thread_blocked, id=14704, stack(0x0000009cd7500000,0x0000009cd7600000)]
  0x000001bb72229250 JavaThread "Unconstrained build operations Thread 47" [_thread_blocked, id=15208, stack(0x0000009cd7600000,0x0000009cd7700000)]
  0x000001bb722270a0 JavaThread "Unconstrained build operations Thread 48" [_thread_blocked, id=30120, stack(0x0000009cd7700000,0x0000009cd7800000)]
  0x000001bb72229720 JavaThread "Unconstrained build operations Thread 49" [_thread_blocked, id=25788, stack(0x0000009cd7800000,0x0000009cd7900000)]
  0x000001bb72227570 JavaThread "Unconstrained build operations Thread 50" [_thread_blocked, id=41096, stack(0x0000009cd7900000,0x0000009cd7a00000)]
  0x000001bb72229bf0 JavaThread "Unconstrained build operations Thread 51" [_thread_blocked, id=23452, stack(0x0000009cd7a00000,0x0000009cd7b00000)]
  0x000001bb71cbef70 JavaThread "Unconstrained build operations Thread 52" [_thread_blocked, id=35484, stack(0x0000009cd7b00000,0x0000009cd7c00000)]
  0x000001bb71cc02b0 JavaThread "Unconstrained build operations Thread 53" [_thread_blocked, id=26292, stack(0x0000009cd7c00000,0x0000009cd7d00000)]
  0x000001bb71cc1ac0 JavaThread "Unconstrained build operations Thread 54" [_thread_blocked, id=23900, stack(0x0000009cd7d00000,0x0000009cd7e00000)]
  0x000001bb71cbcdc0 JavaThread "Unconstrained build operations Thread 55" [_thread_blocked, id=55872, stack(0x0000009cd7e00000,0x0000009cd7f00000)]
  0x000001bb71cbac10 JavaThread "Unconstrained build operations Thread 56" [_thread_blocked, id=19108, stack(0x0000009cd7f00000,0x0000009cd8000000)]
  0x000001bb71cbc420 JavaThread "Unconstrained build operations Thread 57" [_thread_blocked, id=55808, stack(0x0000009cd8000000,0x0000009cd8100000)]
  0x000001bb71cbc8f0 JavaThread "Unconstrained build operations Thread 58" [_thread_blocked, id=23004, stack(0x0000009cd8100000,0x0000009cd8200000)]
  0x000001bb71cbfde0 JavaThread "Unconstrained build operations Thread 59" [_thread_blocked, id=10364, stack(0x0000009cd8200000,0x0000009cd8300000)]
  0x000001bb71cbd290 JavaThread "Unconstrained build operations Thread 60" [_thread_blocked, id=20960, stack(0x0000009cd8300000,0x0000009cd8400000)]
  0x000001bb71cc1120 JavaThread "Unconstrained build operations Thread 61" [_thread_blocked, id=46224, stack(0x0000009cd8400000,0x0000009cd8500000)]
  0x000001bb71cbba80 JavaThread "Unconstrained build operations Thread 62" [_thread_blocked, id=51696, stack(0x0000009cd8500000,0x0000009cd8600000)]
  0x000001bb71cbd760 JavaThread "Unconstrained build operations Thread 63" [_thread_blocked, id=27904, stack(0x0000009cd8600000,0x0000009cd8700000)]
  0x000001bb71cc15f0 JavaThread "Unconstrained build operations Thread 64" [_thread_blocked, id=22224, stack(0x0000009cd8700000,0x0000009cd8800000)]
  0x000001bb71cbdc30 JavaThread "Unconstrained build operations Thread 65" [_thread_blocked, id=53972, stack(0x0000009cd8800000,0x0000009cd8900000)]
  0x000001bb71cbb0e0 JavaThread "Unconstrained build operations Thread 66" [_thread_blocked, id=52436, stack(0x0000009cd8900000,0x0000009cd8a00000)]
  0x000001bb71cbe100 JavaThread "Unconstrained build operations Thread 67" [_thread_blocked, id=31572, stack(0x0000009cd8a00000,0x0000009cd8b00000)]
  0x000001bb71cbf440 JavaThread "Unconstrained build operations Thread 68" [_thread_blocked, id=40832, stack(0x0000009cd8b00000,0x0000009cd8c00000)]
  0x000001bb71cc0780 JavaThread "Unconstrained build operations Thread 69" [_thread_blocked, id=15952, stack(0x0000009cd8c00000,0x0000009cd8d00000)]
  0x000001bb71cba270 JavaThread "Unconstrained build operations Thread 70" [_thread_blocked, id=28784, stack(0x0000009cd8d00000,0x0000009cd8e00000)]
  0x000001bb71cbf910 JavaThread "Unconstrained build operations Thread 71" [_thread_blocked, id=34808, stack(0x0000009cd8e00000,0x0000009cd8f00000)]
  0x000001bb71cbeaa0 JavaThread "Unconstrained build operations Thread 72" [_thread_blocked, id=34032, stack(0x0000009cd8f00000,0x0000009cd9000000)]
  0x000001bb71cbe5d0 JavaThread "Unconstrained build operations Thread 73" [_thread_blocked, id=30464, stack(0x0000009cd9000000,0x0000009cd9100000)]
  0x000001bb71cba740 JavaThread "Unconstrained build operations Thread 74" [_thread_blocked, id=38104, stack(0x0000009cd9100000,0x0000009cd9200000)]
  0x000001bb71cc0c50 JavaThread "Unconstrained build operations Thread 75" [_thread_blocked, id=55756, stack(0x0000009cd9200000,0x0000009cd9300000)]
  0x000001bb71cbb5b0 JavaThread "Unconstrained build operations Thread 76" [_thread_blocked, id=19636, stack(0x0000009cd9300000,0x0000009cd9400000)]
  0x000001bb71cbbf50 JavaThread "Unconstrained build operations Thread 77" [_thread_blocked, id=16312, stack(0x0000009cd9400000,0x0000009cd9500000)]
  0x000001bb7405d620 JavaThread "Unconstrained build operations Thread 78" [_thread_blocked, id=16172, stack(0x0000009cd9500000,0x0000009cd9600000)]
  0x000001bb7405daf0 JavaThread "Unconstrained build operations Thread 79" [_thread_blocked, id=41288, stack(0x0000009cd9600000,0x0000009cd9700000)]
  0x000001bb7405d150 JavaThread "Unconstrained build operations Thread 80" [_thread_blocked, id=50704, stack(0x0000009cd9700000,0x0000009cd9800000)]
  0x000001bb7405dfc0 JavaThread "jar transforms Thread 6" [_thread_blocked, id=46032, stack(0x0000009cd4700000,0x0000009cd4800000)]
  0x000001bb74059c60 JavaThread "jar transforms Thread 7" [_thread_blocked, id=20612, stack(0x0000009cd9800000,0x0000009cd9900000)]
  0x000001bb74058450 JavaThread "jar transforms Thread 8" [_thread_blocked, id=53912, stack(0x0000009cd9900000,0x0000009cd9a00000)]
  0x000001bb7405a130 JavaThread "build event listener" [_thread_blocked, id=22112, stack(0x0000009cd9a00000,0x0000009cd9b00000)]
  0x000001bb7405f300 JavaThread "Memory manager" [_thread_blocked, id=44100, stack(0x0000009cd9c00000,0x0000009cd9d00000)]
  0x000001bb772584d0 JavaThread "C2 CompilerThread1" daemon [_thread_in_native, id=46620, stack(0x0000009cd9d00000,0x0000009cd9e00000)]

Other Threads:
  0x000001bb6e816a20 VMThread "VM Thread" [stack: 0x0000009cd1500000,0x0000009cd1600000] [id=33056]
  0x000001bb54a55a30 WatcherThread [stack: 0x0000009cd2100000,0x0000009cd2200000] [id=28984]
  0x000001bb54a23fe0 GCTaskThread "GC Thread#0" [stack: 0x0000009cd1000000,0x0000009cd1100000] [id=47652]
  0x000001bb70584f00 GCTaskThread "GC Thread#1" [stack: 0x0000009cd2300000,0x0000009cd2400000] [id=24572]
  0x000001bb704e25c0 GCTaskThread "GC Thread#2" [stack: 0x0000009cd2400000,0x0000009cd2500000] [id=31448]
  0x000001bb704e2870 GCTaskThread "GC Thread#3" [stack: 0x0000009cd2500000,0x0000009cd2600000] [id=18336]
  0x000001bb704e2f20 GCTaskThread "GC Thread#4" [stack: 0x0000009cd2600000,0x0000009cd2700000] [id=34400]
  0x000001bb70918f80 GCTaskThread "GC Thread#5" [stack: 0x0000009cd2700000,0x0000009cd2800000] [id=45928]
  0x000001bb6fedc510 GCTaskThread "GC Thread#6" [stack: 0x0000009cd3100000,0x0000009cd3200000] [id=44528]
  0x000001bb709e9030 GCTaskThread "GC Thread#7" [stack: 0x0000009cd3200000,0x0000009cd3300000] [id=52752]
  0x000001bb54a34f20 ConcurrentGCThread "G1 Main Marker" [stack: 0x0000009cd1100000,0x0000009cd1200000] [id=31996]
  0x000001bb54a360d0 ConcurrentGCThread "G1 Conc#0" [stack: 0x0000009cd1200000,0x0000009cd1300000] [id=31600]
  0x000001bb70f48650 ConcurrentGCThread "G1 Conc#1" [stack: 0x0000009cd3300000,0x0000009cd3400000] [id=18532]
  0x000001bb6e6c4580 ConcurrentGCThread "G1 Refine#0" [stack: 0x0000009cd1300000,0x0000009cd1400000] [id=32924]
  0x000001bb735f3c70 ConcurrentGCThread "G1 Refine#1" [stack: 0x0000009cd4100000,0x0000009cd4200000] [id=45988]
  0x000001bb6e6c4eb0 ConcurrentGCThread "G1 Service" [stack: 0x0000009cd1400000,0x0000009cd1500000] [id=42828]

Threads with active compile tasks:
C2 CompilerThread0    27561 7982       4       org.gradle.internal.instantiation.generator.AbstractClassGenerator::inspectType (560 bytes)
C2 CompilerThread1    27561 7994       4       com.sun.beans.TypeResolver::resolve (37 bytes)

VM state: not at safepoint (normal execution)

VM Mutex/Monitor currently owned by a thread: None

Heap address: 0x0000000080000000, size: 2048 MB, Compressed Oops mode: 32-bit

CDS archive(s) not mapped
Compressed class space mapped at: 0x0000000100000000-0x0000000140000000, reserved size: 1073741824
Narrow klass base: 0x0000000000000000, Narrow klass shift: 3, Narrow klass range: 0x140000000

GC Precious Log:
 CPUs: 8 total, 8 available
 Memory: 16106M
 Large Page Support: Disabled
 NUMA Support: Disabled
 Compressed Oops: Enabled (32-bit)
 Heap Region Size: 1M
 Heap Min Capacity: 8M
 Heap Initial Capacity: 252M
 Heap Max Capacity: 2G
 Pre-touch: Disabled
 Parallel Workers: 8
 Concurrent Workers: 2
 Concurrent Refinement Workers: 8
 Periodic GC: Disabled

Heap:
 garbage-first heap   total 188416K, used 115963K [0x0000000080000000, 0x0000000100000000)
  region size 1024K, 53 young (54272K), 8 survivors (8192K)
 Metaspace       used 78851K, committed 79424K, reserved 1122304K
  class space    used 10669K, committed 10944K, reserved 1048576K

Heap Regions: E=young(eden), S=young(survivor), O=old, HS=humongous(starts), HC=humongous(continues), CS=collection set, F=free, OA=open archive, CA=closed archive, TAMS=top-at-mark-start (previous, next)
|   0|0x0000000080000000, 0x0000000080100000, 0x0000000080100000|100%|HS|  |TAMS 0x0000000080100000, 0x0000000080000000| Complete 
|   1|0x0000000080100000, 0x0000000080200000, 0x0000000080200000|100%|HC|  |TAMS 0x0000000080200000, 0x0000000080100000| Complete 
|   2|0x0000000080200000, 0x0000000080300000, 0x0000000080300000|100%|HC|  |TAMS 0x0000000080300000, 0x0000000080200000| Complete 
|   3|0x0000000080300000, 0x0000000080400000, 0x0000000080400000|100%|HC|  |TAMS 0x0000000080400000, 0x0000000080300000| Complete 
|   4|0x0000000080400000, 0x0000000080500000, 0x0000000080500000|100%| O|  |TAMS 0x0000000080500000, 0x0000000080400000| Untracked 
|   5|0x0000000080500000, 0x0000000080600000, 0x0000000080600000|100%| O|  |TAMS 0x0000000080600000, 0x0000000080500000| Untracked 
|   6|0x0000000080600000, 0x0000000080700000, 0x0000000080700000|100%| O|  |TAMS 0x0000000080700000, 0x0000000080600000| Untracked 
|   7|0x0000000080700000, 0x0000000080800000, 0x0000000080800000|100%| O|  |TAMS 0x0000000080800000, 0x0000000080700000| Untracked 
|   8|0x0000000080800000, 0x0000000080900000, 0x0000000080900000|100%| O|  |TAMS 0x0000000080900000, 0x0000000080800000| Untracked 
|   9|0x0000000080900000, 0x0000000080a00000, 0x0000000080a00000|100%| O|  |TAMS 0x0000000080a00000, 0x0000000080900000| Untracked 
|  10|0x0000000080a00000, 0x0000000080b00000, 0x0000000080b00000|100%| O|  |TAMS 0x0000000080b00000, 0x0000000080a00000| Untracked 
|  11|0x0000000080b00000, 0x0000000080c00000, 0x0000000080c00000|100%|HS|  |TAMS 0x0000000080c00000, 0x0000000080b00000| Complete 
|  12|0x0000000080c00000, 0x0000000080d00000, 0x0000000080d00000|100%| O|  |TAMS 0x0000000080d00000, 0x0000000080c00000| Untracked 
|  13|0x0000000080d00000, 0x0000000080e00000, 0x0000000080e00000|100%| O|  |TAMS 0x0000000080e00000, 0x0000000080d00000| Untracked 
|  14|0x0000000080e00000, 0x0000000080f00000, 0x0000000080f00000|100%| O|  |TAMS 0x0000000080f00000, 0x0000000080e00000| Untracked 
|  15|0x0000000080f00000, 0x0000000081000000, 0x0000000081000000|100%| O|  |TAMS 0x0000000081000000, 0x0000000080f00000| Untracked 
|  16|0x0000000081000000, 0x0000000081100000, 0x0000000081100000|100%| O|  |TAMS 0x0000000081100000, 0x0000000081000000| Untracked 
|  17|0x0000000081100000, 0x0000000081200000, 0x0000000081200000|100%| O|  |TAMS 0x0000000081200000, 0x0000000081100000| Untracked 
|  18|0x0000000081200000, 0x0000000081300000, 0x0000000081300000|100%| O|  |TAMS 0x0000000081300000, 0x0000000081200000| Untracked 
|  19|0x0000000081300000, 0x0000000081400000, 0x0000000081400000|100%| O|  |TAMS 0x0000000081400000, 0x0000000081300000| Untracked 
|  20|0x0000000081400000, 0x0000000081500000, 0x0000000081500000|100%| O|  |TAMS 0x0000000081500000, 0x0000000081400000| Untracked 
|  21|0x0000000081500000, 0x0000000081600000, 0x0000000081600000|100%| O|  |TAMS 0x0000000081600000, 0x0000000081500000| Untracked 
|  22|0x0000000081600000, 0x0000000081700000, 0x0000000081700000|100%| O|  |TAMS 0x0000000081700000, 0x0000000081600000| Untracked 
|  23|0x0000000081700000, 0x0000000081700000, 0x0000000081800000|  0%| F|  |TAMS 0x0000000081700000, 0x0000000081700000| Untracked 
|  24|0x0000000081800000, 0x0000000081900000, 0x0000000081900000|100%| O|  |TAMS 0x0000000081900000, 0x0000000081800000| Untracked 
|  25|0x0000000081900000, 0x0000000081a00000, 0x0000000081a00000|100%| O|  |TAMS 0x0000000081a00000, 0x0000000081900000| Untracked 
|  26|0x0000000081a00000, 0x0000000081b00000, 0x0000000081b00000|100%| O|  |TAMS 0x0000000081b00000, 0x0000000081a00000| Untracked 
|  27|0x0000000081b00000, 0x0000000081c00000, 0x0000000081c00000|100%| O|  |TAMS 0x0000000081c00000, 0x0000000081b00000| Untracked 
|  28|0x0000000081c00000, 0x0000000081d00000, 0x0000000081d00000|100%| O|  |TAMS 0x0000000081d00000, 0x0000000081c00000| Untracked 
|  29|0x0000000081d00000, 0x0000000081e00000, 0x0000000081e00000|100%| O|  |TAMS 0x0000000081e00000, 0x0000000081d00000| Untracked 
|  30|0x0000000081e00000, 0x0000000081f00000, 0x0000000081f00000|100%| O|  |TAMS 0x0000000081f00000, 0x0000000081e00000| Untracked 
|  31|0x0000000081f00000, 0x0000000082000000, 0x0000000082000000|100%| O|  |TAMS 0x0000000082000000, 0x0000000081f00000| Untracked 
|  32|0x0000000082000000, 0x0000000082100000, 0x0000000082100000|100%| O|  |TAMS 0x0000000082100000, 0x0000000082000000| Untracked 
|  33|0x0000000082100000, 0x0000000082200000, 0x0000000082200000|100%| O|  |TAMS 0x0000000082100000, 0x0000000082100000| Untracked 
|  34|0x0000000082200000, 0x0000000082300000, 0x0000000082300000|100%| O|  |TAMS 0x0000000082300000, 0x0000000082200000| Untracked 
|  35|0x0000000082300000, 0x0000000082400000, 0x0000000082400000|100%| O|  |TAMS 0x0000000082400000, 0x0000000082300000| Untracked 
|  36|0x0000000082400000, 0x0000000082500000, 0x0000000082500000|100%| O|  |TAMS 0x0000000082400000, 0x0000000082400000| Untracked 
|  37|0x0000000082500000, 0x0000000082600000, 0x0000000082600000|100%| O|  |TAMS 0x0000000082600000, 0x0000000082500000| Untracked 
|  38|0x0000000082600000, 0x0000000082700000, 0x0000000082700000|100%| O|  |TAMS 0x0000000082700000, 0x0000000082600000| Untracked 
|  39|0x0000000082700000, 0x0000000082800000, 0x0000000082800000|100%| O|  |TAMS 0x0000000082800000, 0x0000000082700000| Untracked 
|  40|0x0000000082800000, 0x0000000082900000, 0x0000000082900000|100%|HS|  |TAMS 0x0000000082900000, 0x0000000082800000| Complete 
|  41|0x0000000082900000, 0x0000000082a00000, 0x0000000082a00000|100%|HC|  |TAMS 0x0000000082a00000, 0x0000000082900000| Complete 
|  42|0x0000000082a00000, 0x0000000082b00000, 0x0000000082b00000|100%|HS|  |TAMS 0x0000000082b00000, 0x0000000082a00000| Complete 
|  43|0x0000000082b00000, 0x0000000082c00000, 0x0000000082c00000|100%|HS|  |TAMS 0x0000000082c00000, 0x0000000082b00000| Complete 
|  44|0x0000000082c00000, 0x0000000082d00000, 0x0000000082d00000|100%|HS|  |TAMS 0x0000000082d00000, 0x0000000082c00000| Complete 
|  45|0x0000000082d00000, 0x0000000082e00000, 0x0000000082e00000|100%|HC|  |TAMS 0x0000000082e00000, 0x0000000082d00000| Complete 
|  46|0x0000000082e00000, 0x0000000082f00000, 0x0000000082f00000|100%|HC|  |TAMS 0x0000000082f00000, 0x0000000082e00000| Complete 
|  47|0x0000000082f00000, 0x0000000083000000, 0x0000000083000000|100%|HC|  |TAMS 0x0000000083000000, 0x0000000082f00000| Complete 
|  48|0x0000000083000000, 0x0000000083100000, 0x0000000083100000|100%| O|  |TAMS 0x0000000083100000, 0x0000000083000000| Untracked 
|  49|0x0000000083100000, 0x0000000083200000, 0x0000000083200000|100%| O|  |TAMS 0x0000000083100000, 0x0000000083100000| Untracked 
|  50|0x0000000083200000, 0x0000000083300000, 0x0000000083300000|100%| O|  |TAMS 0x0000000083200000, 0x0000000083200000| Untracked 
|  51|0x0000000083300000, 0x0000000083400000, 0x0000000083400000|100%| O|  |TAMS 0x0000000083300000, 0x0000000083300000| Untracked 
|  52|0x0000000083400000, 0x0000000083500000, 0x0000000083500000|100%| O|  |TAMS 0x0000000083500000, 0x0000000083400000| Untracked 
|  53|0x0000000083500000, 0x0000000083600000, 0x0000000083600000|100%| O|  |TAMS 0x0000000083600000, 0x0000000083500000| Untracked 
|  54|0x0000000083600000, 0x0000000083700000, 0x0000000083700000|100%| O|  |TAMS 0x00000000836ffe00, 0x0000000083600000| Untracked 
|  55|0x0000000083700000, 0x0000000083800000, 0x0000000083800000|100%| O|  |TAMS 0x0000000083700000, 0x0000000083700000| Untracked 
|  56|0x0000000083800000, 0x0000000083900000, 0x0000000083900000|100%| O|  |TAMS 0x0000000083800000, 0x0000000083800000| Untracked 
|  57|0x0000000083900000, 0x0000000083a00000, 0x0000000083a00000|100%| O|  |TAMS 0x0000000083900000, 0x0000000083900000| Untracked 
|  58|0x0000000083a00000, 0x0000000083b00000, 0x0000000083b00000|100%| O|  |TAMS 0x0000000083a00000, 0x0000000083a00000| Untracked 
|  59|0x0000000083b00000, 0x0000000083b1ba00, 0x0000000083c00000| 10%| O|  |TAMS 0x0000000083b00000, 0x0000000083b00000| Untracked 
|  60|0x0000000083c00000, 0x0000000083c00000, 0x0000000083d00000|  0%| F|  |TAMS 0x0000000083c00000, 0x0000000083c00000| Untracked 
|  61|0x0000000083d00000, 0x0000000083d00000, 0x0000000083e00000|  0%| F|  |TAMS 0x0000000083d00000, 0x0000000083d00000| Untracked 
|  62|0x0000000083e00000, 0x0000000083e00000, 0x0000000083f00000|  0%| F|  |TAMS 0x0000000083e00000, 0x0000000083e00000| Untracked 
|  63|0x0000000083f00000, 0x0000000083f00000, 0x0000000084000000|  0%| F|  |TAMS 0x0000000083f00000, 0x0000000083f00000| Untracked 
|  64|0x0000000084000000, 0x0000000084000000, 0x0000000084100000|  0%| F|  |TAMS 0x0000000084000000, 0x0000000084000000| Untracked 
|  65|0x0000000084100000, 0x0000000084100000, 0x0000000084200000|  0%| F|  |TAMS 0x0000000084100000, 0x0000000084100000| Untracked 
|  66|0x0000000084200000, 0x0000000084200000, 0x0000000084300000|  0%| F|  |TAMS 0x0000000084200000, 0x0000000084200000| Untracked 
|  67|0x0000000084300000, 0x0000000084300000, 0x0000000084400000|  0%| F|  |TAMS 0x0000000084300000, 0x0000000084300000| Untracked 
|  68|0x0000000084400000, 0x0000000084400000, 0x0000000084500000|  0%| F|  |TAMS 0x0000000084400000, 0x0000000084400000| Untracked 
|  69|0x0000000084500000, 0x0000000084500000, 0x0000000084600000|  0%| F|  |TAMS 0x0000000084500000, 0x0000000084500000| Untracked 
|  70|0x0000000084600000, 0x0000000084600000, 0x0000000084700000|  0%| F|  |TAMS 0x0000000084600000, 0x0000000084600000| Untracked 
|  71|0x0000000084700000, 0x0000000084700000, 0x0000000084800000|  0%| F|  |TAMS 0x0000000084700000, 0x0000000084700000| Untracked 
|  72|0x0000000084800000, 0x0000000084800000, 0x0000000084900000|  0%| F|  |TAMS 0x0000000084800000, 0x0000000084800000| Untracked 
|  73|0x0000000084900000, 0x0000000084900000, 0x0000000084a00000|  0%| F|  |TAMS 0x0000000084900000, 0x0000000084900000| Untracked 
|  74|0x0000000084a00000, 0x0000000084a00000, 0x0000000084b00000|  0%| F|  |TAMS 0x0000000084a00000, 0x0000000084a00000| Untracked 
|  75|0x0000000084b00000, 0x0000000084b00000, 0x0000000084c00000|  0%| F|  |TAMS 0x0000000084b00000, 0x0000000084b00000| Untracked 
|  76|0x0000000084c00000, 0x0000000084c00000, 0x0000000084d00000|  0%| F|  |TAMS 0x0000000084c00000, 0x0000000084c00000| Untracked 
|  77|0x0000000084d00000, 0x0000000084d00000, 0x0000000084e00000|  0%| F|  |TAMS 0x0000000084d00000, 0x0000000084d00000| Untracked 
|  78|0x0000000084e00000, 0x0000000084e00000, 0x0000000084f00000|  0%| F|  |TAMS 0x0000000084e00000, 0x0000000084e00000| Untracked 
|  79|0x0000000084f00000, 0x0000000084f00000, 0x0000000085000000|  0%| F|  |TAMS 0x0000000084f00000, 0x0000000084f00000| Untracked 
|  80|0x0000000085000000, 0x0000000085000000, 0x0000000085100000|  0%| F|  |TAMS 0x0000000085000000, 0x0000000085000000| Untracked 
|  81|0x0000000085100000, 0x0000000085100000, 0x0000000085200000|  0%| F|  |TAMS 0x0000000085100000, 0x0000000085100000| Untracked 
|  82|0x0000000085200000, 0x0000000085200000, 0x0000000085300000|  0%| F|  |TAMS 0x0000000085200000, 0x0000000085200000| Untracked 
|  83|0x0000000085300000, 0x0000000085300000, 0x0000000085400000|  0%| F|  |TAMS 0x0000000085300000, 0x0000000085300000| Untracked 
|  84|0x0000000085400000, 0x0000000085400000, 0x0000000085500000|  0%| F|  |TAMS 0x0000000085400000, 0x0000000085400000| Untracked 
|  85|0x0000000085500000, 0x0000000085500000, 0x0000000085600000|  0%| F|  |TAMS 0x0000000085500000, 0x0000000085500000| Untracked 
|  86|0x0000000085600000, 0x0000000085600000, 0x0000000085700000|  0%| F|  |TAMS 0x0000000085600000, 0x0000000085600000| Untracked 
|  87|0x0000000085700000, 0x0000000085700000, 0x0000000085800000|  0%| F|  |TAMS 0x0000000085700000, 0x0000000085700000| Untracked 
|  88|0x0000000085800000, 0x0000000085800000, 0x0000000085900000|  0%| F|  |TAMS 0x0000000085800000, 0x0000000085800000| Untracked 
|  89|0x0000000085900000, 0x0000000085900000, 0x0000000085a00000|  0%| F|  |TAMS 0x0000000085900000, 0x0000000085900000| Untracked 
|  90|0x0000000085a00000, 0x0000000085a00000, 0x0000000085b00000|  0%| F|  |TAMS 0x0000000085a00000, 0x0000000085a00000| Untracked 
|  91|0x0000000085b00000, 0x0000000085b232a8, 0x0000000085c00000| 13%| S|CS|TAMS 0x0000000085b00000, 0x0000000085b00000| Complete 
|  92|0x0000000085c00000, 0x0000000085d00000, 0x0000000085d00000|100%| S|CS|TAMS 0x0000000085c00000, 0x0000000085c00000| Complete 
|  93|0x0000000085d00000, 0x0000000085d00000, 0x0000000085e00000|  0%| F|  |TAMS 0x0000000085d00000, 0x0000000085d00000| Untracked 
|  94|0x0000000085e00000, 0x0000000085e00000, 0x0000000085f00000|  0%| F|  |TAMS 0x0000000085e00000, 0x0000000085e00000| Untracked 
|  95|0x0000000085f00000, 0x0000000085f00000, 0x0000000086000000|  0%| F|  |TAMS 0x0000000085f00000, 0x0000000085f00000| Untracked 
|  96|0x0000000086000000, 0x0000000086000000, 0x0000000086100000|  0%| F|  |TAMS 0x0000000086000000, 0x0000000086000000| Untracked 
|  97|0x0000000086100000, 0x0000000086100000, 0x0000000086200000|  0%| F|  |TAMS 0x0000000086100000, 0x0000000086100000| Untracked 
|  98|0x0000000086200000, 0x0000000086200000, 0x0000000086300000|  0%| F|  |TAMS 0x0000000086200000, 0x0000000086200000| Untracked 
|  99|0x0000000086300000, 0x0000000086300000, 0x0000000086400000|  0%| F|  |TAMS 0x0000000086300000, 0x0000000086300000| Untracked 
| 100|0x0000000086400000, 0x0000000086400000, 0x0000000086500000|  0%| F|  |TAMS 0x0000000086400000, 0x0000000086400000| Untracked 
| 101|0x0000000086500000, 0x0000000086600000, 0x0000000086600000|100%| S|CS|TAMS 0x0000000086500000, 0x0000000086500000| Complete 
| 102|0x0000000086600000, 0x0000000086700000, 0x0000000086700000|100%| S|CS|TAMS 0x0000000086600000, 0x0000000086600000| Complete 
| 103|0x0000000086700000, 0x0000000086800000, 0x0000000086800000|100%| S|CS|TAMS 0x0000000086700000, 0x0000000086700000| Complete 
| 104|0x0000000086800000, 0x0000000086900000, 0x0000000086900000|100%| S|CS|TAMS 0x0000000086800000, 0x0000000086800000| Complete 
| 105|0x0000000086900000, 0x0000000086a00000, 0x0000000086a00000|100%| S|CS|TAMS 0x0000000086900000, 0x0000000086900000| Complete 
| 106|0x0000000086a00000, 0x0000000086b00000, 0x0000000086b00000|100%| S|CS|TAMS 0x0000000086a00000, 0x0000000086a00000| Complete 
| 107|0x0000000086b00000, 0x0000000086b00000, 0x0000000086c00000|  0%| F|  |TAMS 0x0000000086b00000, 0x0000000086b00000| Untracked 
| 108|0x0000000086c00000, 0x0000000086c00000, 0x0000000086d00000|  0%| F|  |TAMS 0x0000000086c00000, 0x0000000086c00000| Untracked 
| 109|0x0000000086d00000, 0x0000000086d00000, 0x0000000086e00000|  0%| F|  |TAMS 0x0000000086d00000, 0x0000000086d00000| Untracked 
| 110|0x0000000086e00000, 0x0000000086e00000, 0x0000000086f00000|  0%| F|  |TAMS 0x0000000086e00000, 0x0000000086e00000| Untracked 
| 111|0x0000000086f00000, 0x0000000086f00000, 0x0000000087000000|  0%| F|  |TAMS 0x0000000086f00000, 0x0000000086f00000| Untracked 
| 112|0x0000000087000000, 0x0000000087000000, 0x0000000087100000|  0%| F|  |TAMS 0x0000000087000000, 0x0000000087000000| Untracked 
| 113|0x0000000087100000, 0x0000000087100000, 0x0000000087200000|  0%| F|  |TAMS 0x0000000087100000, 0x0000000087100000| Untracked 
| 114|0x0000000087200000, 0x0000000087200000, 0x0000000087300000|  0%| F|  |TAMS 0x0000000087200000, 0x0000000087200000| Untracked 
| 115|0x0000000087300000, 0x0000000087300000, 0x0000000087400000|  0%| F|  |TAMS 0x0000000087300000, 0x0000000087300000| Untracked 
| 116|0x0000000087400000, 0x0000000087400000, 0x0000000087500000|  0%| F|  |TAMS 0x0000000087400000, 0x0000000087400000| Untracked 
| 117|0x0000000087500000, 0x0000000087500000, 0x0000000087600000|  0%| F|  |TAMS 0x0000000087500000, 0x0000000087500000| Untracked 
| 118|0x0000000087600000, 0x0000000087600000, 0x0000000087700000|  0%| F|  |TAMS 0x0000000087600000, 0x0000000087600000| Untracked 
| 119|0x0000000087700000, 0x0000000087700000, 0x0000000087800000|  0%| F|  |TAMS 0x0000000087700000, 0x0000000087700000| Untracked 
| 120|0x0000000087800000, 0x0000000087800000, 0x0000000087900000|  0%| F|  |TAMS 0x0000000087800000, 0x0000000087800000| Untracked 
| 121|0x0000000087900000, 0x0000000087900000, 0x0000000087a00000|  0%| F|  |TAMS 0x0000000087900000, 0x0000000087900000| Untracked 
| 122|0x0000000087a00000, 0x0000000087a00000, 0x0000000087b00000|  0%| F|  |TAMS 0x0000000087a00000, 0x0000000087a00000| Untracked 
| 123|0x0000000087b00000, 0x0000000087b00000, 0x0000000087c00000|  0%| F|  |TAMS 0x0000000087b00000, 0x0000000087b00000| Untracked 
| 124|0x0000000087c00000, 0x0000000087c00000, 0x0000000087d00000|  0%| F|  |TAMS 0x0000000087c00000, 0x0000000087c00000| Untracked 
| 125|0x0000000087d00000, 0x0000000087d00000, 0x0000000087e00000|  0%| F|  |TAMS 0x0000000087d00000, 0x0000000087d00000| Untracked 
| 126|0x0000000087e00000, 0x0000000087e00000, 0x0000000087f00000|  0%| F|  |TAMS 0x0000000087e00000, 0x0000000087e00000| Untracked 
| 127|0x0000000087f00000, 0x0000000087f00000, 0x0000000088000000|  0%| F|  |TAMS 0x0000000087f00000, 0x0000000087f00000| Untracked 
| 128|0x0000000088000000, 0x0000000088000000, 0x0000000088100000|  0%| F|  |TAMS 0x0000000088000000, 0x0000000088000000| Untracked 
| 129|0x0000000088100000, 0x0000000088100000, 0x0000000088200000|  0%| F|  |TAMS 0x0000000088100000, 0x0000000088100000| Untracked 
| 130|0x0000000088200000, 0x0000000088200000, 0x0000000088300000|  0%| F|  |TAMS 0x0000000088200000, 0x0000000088200000| Untracked 
| 131|0x0000000088300000, 0x0000000088300000, 0x0000000088400000|  0%| F|  |TAMS 0x0000000088300000, 0x0000000088300000| Untracked 
| 132|0x0000000088400000, 0x0000000088400000, 0x0000000088500000|  0%| F|  |TAMS 0x0000000088400000, 0x0000000088400000| Untracked 
| 133|0x0000000088500000, 0x0000000088500000, 0x0000000088600000|  0%| F|  |TAMS 0x0000000088500000, 0x0000000088500000| Untracked 
| 134|0x0000000088600000, 0x0000000088600000, 0x0000000088700000|  0%| F|  |TAMS 0x0000000088600000, 0x0000000088600000| Untracked 
| 135|0x0000000088700000, 0x00000000887805f8, 0x0000000088800000| 50%| E|  |TAMS 0x0000000088700000, 0x0000000088700000| Complete 
| 136|0x0000000088800000, 0x0000000088900000, 0x0000000088900000|100%| E|CS|TAMS 0x0000000088800000, 0x0000000088800000| Complete 
| 137|0x0000000088900000, 0x0000000088a00000, 0x0000000088a00000|100%| E|CS|TAMS 0x0000000088900000, 0x0000000088900000| Complete 
| 138|0x0000000088a00000, 0x0000000088b00000, 0x0000000088b00000|100%| E|CS|TAMS 0x0000000088a00000, 0x0000000088a00000| Complete 
| 139|0x0000000088b00000, 0x0000000088c00000, 0x0000000088c00000|100%| E|CS|TAMS 0x0000000088b00000, 0x0000000088b00000| Complete 
| 140|0x0000000088c00000, 0x0000000088d00000, 0x0000000088d00000|100%| E|CS|TAMS 0x0000000088c00000, 0x0000000088c00000| Complete 
| 141|0x0000000088d00000, 0x0000000088e00000, 0x0000000088e00000|100%| E|CS|TAMS 0x0000000088d00000, 0x0000000088d00000| Complete 
| 142|0x0000000088e00000, 0x0000000088f00000, 0x0000000088f00000|100%| E|CS|TAMS 0x0000000088e00000, 0x0000000088e00000| Complete 
| 143|0x0000000088f00000, 0x0000000089000000, 0x0000000089000000|100%| E|CS|TAMS 0x0000000088f00000, 0x0000000088f00000| Complete 
| 144|0x0000000089000000, 0x0000000089100000, 0x0000000089100000|100%| E|CS|TAMS 0x0000000089000000, 0x0000000089000000| Complete 
| 145|0x0000000089100000, 0x0000000089200000, 0x0000000089200000|100%| E|CS|TAMS 0x0000000089100000, 0x0000000089100000| Complete 
| 146|0x0000000089200000, 0x0000000089300000, 0x0000000089300000|100%| E|CS|TAMS 0x0000000089200000, 0x0000000089200000| Complete 
| 147|0x0000000089300000, 0x0000000089400000, 0x0000000089400000|100%| E|CS|TAMS 0x0000000089300000, 0x0000000089300000| Complete 
| 148|0x0000000089400000, 0x0000000089500000, 0x0000000089500000|100%| E|CS|TAMS 0x0000000089400000, 0x0000000089400000| Complete 
| 149|0x0000000089500000, 0x0000000089600000, 0x0000000089600000|100%| E|CS|TAMS 0x0000000089500000, 0x0000000089500000| Complete 
| 150|0x0000000089600000, 0x0000000089700000, 0x0000000089700000|100%| E|CS|TAMS 0x0000000089600000, 0x0000000089600000| Complete 
| 151|0x0000000089700000, 0x0000000089800000, 0x0000000089800000|100%| E|CS|TAMS 0x0000000089700000, 0x0000000089700000| Complete 
| 152|0x0000000089800000, 0x0000000089900000, 0x0000000089900000|100%| E|CS|TAMS 0x0000000089800000, 0x0000000089800000| Complete 
| 153|0x0000000089900000, 0x0000000089a00000, 0x0000000089a00000|100%| E|CS|TAMS 0x0000000089900000, 0x0000000089900000| Complete 
| 154|0x0000000089a00000, 0x0000000089b00000, 0x0000000089b00000|100%| E|CS|TAMS 0x0000000089a00000, 0x0000000089a00000| Complete 
| 155|0x0000000089b00000, 0x0000000089c00000, 0x0000000089c00000|100%| E|CS|TAMS 0x0000000089b00000, 0x0000000089b00000| Complete 
| 156|0x0000000089c00000, 0x0000000089d00000, 0x0000000089d00000|100%| E|CS|TAMS 0x0000000089c00000, 0x0000000089c00000| Complete 
| 157|0x0000000089d00000, 0x0000000089e00000, 0x0000000089e00000|100%| E|CS|TAMS 0x0000000089d00000, 0x0000000089d00000| Complete 
| 158|0x0000000089e00000, 0x0000000089f00000, 0x0000000089f00000|100%| E|CS|TAMS 0x0000000089e00000, 0x0000000089e00000| Complete 
| 159|0x0000000089f00000, 0x000000008a000000, 0x000000008a000000|100%| E|CS|TAMS 0x0000000089f00000, 0x0000000089f00000| Complete 
| 160|0x000000008a000000, 0x000000008a100000, 0x000000008a100000|100%| E|CS|TAMS 0x000000008a000000, 0x000000008a000000| Complete 
| 161|0x000000008a100000, 0x000000008a200000, 0x000000008a200000|100%| E|CS|TAMS 0x000000008a100000, 0x000000008a100000| Complete 
| 162|0x000000008a200000, 0x000000008a300000, 0x000000008a300000|100%| E|CS|TAMS 0x000000008a200000, 0x000000008a200000| Complete 
| 163|0x000000008a300000, 0x000000008a400000, 0x000000008a400000|100%| E|CS|TAMS 0x000000008a300000, 0x000000008a300000| Complete 
| 164|0x000000008a400000, 0x000000008a500000, 0x000000008a500000|100%| E|CS|TAMS 0x000000008a400000, 0x000000008a400000| Complete 
| 165|0x000000008a500000, 0x000000008a600000, 0x000000008a600000|100%| E|CS|TAMS 0x000000008a500000, 0x000000008a500000| Complete 
| 166|0x000000008a600000, 0x000000008a700000, 0x000000008a700000|100%| E|CS|TAMS 0x000000008a600000, 0x000000008a600000| Complete 
| 167|0x000000008a700000, 0x000000008a800000, 0x000000008a800000|100%| E|CS|TAMS 0x000000008a700000, 0x000000008a700000| Complete 
| 168|0x000000008a800000, 0x000000008a900000, 0x000000008a900000|100%| E|CS|TAMS 0x000000008a800000, 0x000000008a800000| Complete 
| 169|0x000000008a900000, 0x000000008aa00000, 0x000000008aa00000|100%| E|CS|TAMS 0x000000008a900000, 0x000000008a900000| Complete 
| 201|0x000000008c900000, 0x000000008ca00000, 0x000000008ca00000|100%| E|CS|TAMS 0x000000008c900000, 0x000000008c900000| Complete 
| 202|0x000000008ca00000, 0x000000008cb00000, 0x000000008cb00000|100%| E|CS|TAMS 0x000000008ca00000, 0x000000008ca00000| Complete 
| 203|0x000000008cb00000, 0x000000008cc00000, 0x000000008cc00000|100%| E|CS|TAMS 0x000000008cb00000, 0x000000008cb00000| Complete 
| 204|0x000000008cc00000, 0x000000008cd00000, 0x000000008cd00000|100%| E|CS|TAMS 0x000000008cc00000, 0x000000008cc00000| Complete 
| 205|0x000000008cd00000, 0x000000008ce00000, 0x000000008ce00000|100%| E|CS|TAMS 0x000000008cd00000, 0x000000008cd00000| Complete 
| 206|0x000000008ce00000, 0x000000008cf00000, 0x000000008cf00000|100%| E|CS|TAMS 0x000000008ce00000, 0x000000008ce00000| Complete 
| 207|0x000000008cf00000, 0x000000008d000000, 0x000000008d000000|100%| E|CS|TAMS 0x000000008cf00000, 0x000000008cf00000| Complete 
| 208|0x000000008d000000, 0x000000008d100000, 0x000000008d100000|100%| E|CS|TAMS 0x000000008d000000, 0x000000008d000000| Complete 
| 209|0x000000008d100000, 0x000000008d200000, 0x000000008d200000|100%| E|CS|TAMS 0x000000008d100000, 0x000000008d100000| Complete 
| 251|0x000000008fb00000, 0x000000008fc00000, 0x000000008fc00000|100%| E|CS|TAMS 0x000000008fb00000, 0x000000008fb00000| Complete 
|2044|0x00000000ffc00000, 0x00000000ffd00000, 0x00000000ffd00000|100%| O|  |TAMS 0x00000000ffd00000, 0x00000000ffc00000| Untracked 
|2045|0x00000000ffd00000, 0x00000000ffe00000, 0x00000000ffe00000|100%| O|  |TAMS 0x00000000ffe00000, 0x00000000ffd00000| Untracked 
|2046|0x00000000ffe00000, 0x00000000fff00000, 0x00000000fff00000|100%| O|  |TAMS 0x00000000fff00000, 0x00000000ffe00000| Untracked 
|2047|0x00000000fff00000, 0x0000000100000000, 0x0000000100000000|100%| O|  |TAMS 0x0000000100000000, 0x00000000fff00000| Untracked 

Card table byte_map: [0x000001bb675c0000,0x000001bb679c0000] _byte_map_base: 0x000001bb671c0000

Marking Bits (Prev, Next): (CMBitMap*) 0x000001bb54a24630, (CMBitMap*) 0x000001bb54a245f0
 Prev Bits: [0x000001bb69dc0000, 0x000001bb6bdc0000)
 Next Bits: [0x000001bb67dc0000, 0x000001bb69dc0000)

Polling page: 0x000001bb52930000

Metaspace:

Usage:
  Non-class:     66.60 MB used.
      Class:     10.42 MB used.
       Both:     77.02 MB used.

Virtual space:
  Non-class space:       72.00 MB reserved,      66.94 MB ( 93%) committed,  9 nodes.
      Class space:        1.00 GB reserved,      10.69 MB (  1%) committed,  1 nodes.
             Both:        1.07 GB reserved,      77.62 MB (  7%) committed. 

Chunk freelists:
   Non-Class:  432.00 KB
       Class:  1.34 MB
        Both:  1.77 MB

MaxMetaspaceSize: unlimited
CompressedClassSpaceSize: 1.00 GB
Initial GC threshold: 21.00 MB
Current GC threshold: 96.69 MB
CDS: off
MetaspaceReclaimPolicy: balanced
 - commit_granule_bytes: 65536.
 - commit_granule_words: 8192.
 - virtual_space_node_default_size: 1048576.
 - enlarge_chunks_in_place: 1.
 - new_chunks_are_fully_committed: 0.
 - uncommit_free_chunks: 1.
 - use_allocation_guard: 0.
 - handle_deallocations: 1.


Internal statistics:

num_allocs_failed_limit: 6.
num_arena_births: 670.
num_arena_deaths: 0.
num_vsnodes_births: 10.
num_vsnodes_deaths: 0.
num_space_committed: 1242.
num_space_uncommitted: 0.
num_chunks_returned_to_freelist: 6.
num_chunks_taken_from_freelist: 3411.
num_chunk_merges: 6.
num_chunk_splits: 2297.
num_chunks_enlarged: 1585.
num_purges: 0.
num_inconsistent_stats: 0.

CodeHeap 'non-profiled nmethods': size=120000Kb used=4118Kb max_used=4118Kb free=115881Kb
 bounds [0x000001bb5f960000, 0x000001bb5fd70000, 0x000001bb66e90000]
CodeHeap 'profiled nmethods': size=120000Kb used=13866Kb max_used=13866Kb free=106133Kb
 bounds [0x000001bb57e90000, 0x000001bb58c20000, 0x000001bb5f3c0000]
CodeHeap 'non-nmethods': size=5760Kb used=2381Kb max_used=2429Kb free=3378Kb
 bounds [0x000001bb5f3c0000, 0x000001bb5f630000, 0x000001bb5f960000]
 total_blobs=8022 nmethods=7121 adapters=813
 compilation: enabled
              stopped_count=0, restarted_count=0
 full_count=0

Compilation events (20 events):
Event: 27.062 Thread 0x000001bb772584d0 7994       4       com.sun.beans.TypeResolver::resolve (37 bytes)
Event: 27.062 Thread 0x000001bb6f484410 nmethod 7999 0x000001bb58c16710 code [0x000001bb58c168e0, 0x000001bb58c16e18]
Event: 27.062 Thread 0x000001bb6f484410 8000       3       sun.reflect.generics.scope.MethodScope::getEnclosingClass (11 bytes)
Event: 27.062 Thread 0x000001bb6f484410 nmethod 8000 0x000001bb58c17010 code [0x000001bb58c171c0, 0x000001bb58c17458]
Event: 27.112 Thread 0x000001bb6f484410 8001       3       java.util.jar.JarFile$JarFileEntry::getRealName (5 bytes)
Event: 27.113 Thread 0x000001bb6f484410 nmethod 8001 0x000001bb58c17510 code [0x000001bb58c176a0, 0x000001bb58c177b8]
Event: 27.309 Thread 0x000001bb6f484410 8002       3       kotlin.reflect.jvm.internal.impl.name.Name::asString (13 bytes)
Event: 27.310 Thread 0x000001bb6f484410 nmethod 8002 0x000001bb58c17890 code [0x000001bb58c17a40, 0x000001bb58c17bc8]
Event: 27.312 Thread 0x000001bb6f484410 8003       3       kotlin.reflect.jvm.internal.impl.name.FqNameUnsafe::isRoot (8 bytes)
Event: 27.312 Thread 0x000001bb6f484410 nmethod 8003 0x000001bb58c17c90 code [0x000001bb58c17e40, 0x000001bb58c18018]
Event: 27.312 Thread 0x000001bb6f484410 8004       3       kotlin.reflect.jvm.internal.impl.name.FqNameUnsafe::hashCode (8 bytes)
Event: 27.312 Thread 0x000001bb6f484410 nmethod 8004 0x000001bb58c18110 code [0x000001bb58c182c0, 0x000001bb58c18408]
Event: 27.313 Thread 0x000001bb6f484410 8005       3       kotlin.reflect.jvm.internal.impl.name.FqNameUnsafe::<init> (28 bytes)
Event: 27.314 Thread 0x000001bb6f484410 nmethod 8005 0x000001bb58c18510 code [0x000001bb58c186c0, 0x000001bb58c189c8]
Event: 27.314 Thread 0x000001bb6f484410 8006       3       kotlin.reflect.jvm.internal.impl.name.FqName::toUnsafe (13 bytes)
Event: 27.314 Thread 0x000001bb6f484410 nmethod 8006 0x000001bb58c18a90 code [0x000001bb58c18c40, 0x000001bb58c18dc8]
Event: 27.316 Thread 0x000001bb6f484410 8008       3       kotlin.reflect.jvm.internal.impl.name.Name::identifier (18 bytes)
Event: 27.318 Thread 0x000001bb6f484410 nmethod 8008 0x000001bb58c18e90 code [0x000001bb58c19060, 0x000001bb58c193b8]
Event: 27.318 Thread 0x000001bb6f484410 8007       3       kotlin.reflect.jvm.internal.impl.name.Name::<init> (23 bytes)
Event: 27.319 Thread 0x000001bb6f484410 nmethod 8007 0x000001bb58c19510 code [0x000001bb58c196c0, 0x000001bb58c19908]

GC Heap History (20 events):
Event: 17.117 GC heap before
{Heap before GC invocations=20 (full 0):
 garbage-first heap   total 71680K, used 65483K [0x0000000080000000, 0x0000000100000000)
  region size 1024K, 18 young (18432K), 1 survivors (1024K)
 Metaspace       used 52569K, committed 52992K, reserved 1097728K
  class space    used 6942K, committed 7104K, reserved 1048576K
}
Event: 17.124 GC heap after
{Heap after GC invocations=21 (full 0):
 garbage-first heap   total 75776K, used 56140K [0x0000000080000000, 0x0000000100000000)
  region size 1024K, 3 young (3072K), 3 survivors (3072K)
 Metaspace       used 52569K, committed 52992K, reserved 1097728K
  class space    used 6942K, committed 7104K, reserved 1048576K
}
Event: 17.154 GC heap before
{Heap before GC invocations=21 (full 0):
 garbage-first heap   total 75776K, used 57164K [0x0000000080000000, 0x0000000100000000)
  region size 1024K, 4 young (4096K), 3 survivors (3072K)
 Metaspace       used 52705K, committed 53184K, reserved 1097728K
  class space    used 6967K, committed 7168K, reserved 1048576K
}
Event: 17.158 GC heap after
{Heap after GC invocations=22 (full 0):
 garbage-first heap   total 75776K, used 55952K [0x0000000080000000, 0x0000000100000000)
  region size 1024K, 1 young (1024K), 1 survivors (1024K)
 Metaspace       used 52705K, committed 53184K, reserved 1097728K
  class space    used 6967K, committed 7168K, reserved 1048576K
}
Event: 17.376 GC heap before
{Heap before GC invocations=22 (full 0):
 garbage-first heap   total 75776K, used 62096K [0x0000000080000000, 0x0000000100000000)
  region size 1024K, 8 young (8192K), 1 survivors (1024K)
 Metaspace       used 53713K, committed 54208K, reserved 1097728K
  class space    used 7093K, committed 7296K, reserved 1048576K
}
Event: 17.380 GC heap after
{Heap after GC invocations=23 (full 0):
 garbage-first heap   total 75776K, used 56062K [0x0000000080000000, 0x0000000100000000)
  region size 1024K, 1 young (1024K), 1 survivors (1024K)
 Metaspace       used 53713K, committed 54208K, reserved 1097728K
  class space    used 7093K, committed 7296K, reserved 1048576K
}
Event: 17.688 GC heap before
{Heap before GC invocations=24 (full 0):
 garbage-first heap   total 99328K, used 62206K [0x0000000080000000, 0x0000000100000000)
  region size 1024K, 8 young (8192K), 1 survivors (1024K)
 Metaspace       used 54636K, committed 55104K, reserved 1097728K
  class space    used 7232K, committed 7424K, reserved 1048576K
}
Event: 17.693 GC heap after
{Heap after GC invocations=25 (full 0):
 garbage-first heap   total 99328K, used 56272K [0x0000000080000000, 0x0000000100000000)
  region size 1024K, 1 young (1024K), 1 survivors (1024K)
 Metaspace       used 54636K, committed 55104K, reserved 1097728K
  class space    used 7232K, committed 7424K, reserved 1048576K
}
Event: 17.804 GC heap before
{Heap before GC invocations=25 (full 0):
 garbage-first heap   total 99328K, used 59344K [0x0000000080000000, 0x0000000100000000)
  region size 1024K, 4 young (4096K), 1 survivors (1024K)
 Metaspace       used 55090K, committed 55552K, reserved 1097728K
  class space    used 7304K, committed 7488K, reserved 1048576K
}
Event: 17.807 GC heap after
{Heap after GC invocations=26 (full 0):
 garbage-first heap   total 99328K, used 55944K [0x0000000080000000, 0x0000000100000000)
  region size 1024K, 1 young (1024K), 1 survivors (1024K)
 Metaspace       used 55090K, committed 55552K, reserved 1097728K
  class space    used 7304K, committed 7488K, reserved 1048576K
}
Event: 18.764 GC heap before
{Heap before GC invocations=26 (full 0):
 garbage-first heap   total 99328K, used 77448K [0x0000000080000000, 0x0000000100000000)
  region size 1024K, 22 young (22528K), 1 survivors (1024K)
 Metaspace       used 58719K, committed 59200K, reserved 1105920K
  class space    used 7746K, committed 7936K, reserved 1048576K
}
Event: 19.258 GC heap after
{Heap after GC invocations=27 (full 0):
 garbage-first heap   total 188416K, used 56715K [0x0000000080000000, 0x0000000100000000)
  region size 1024K, 2 young (2048K), 2 survivors (2048K)
 Metaspace       used 58719K, committed 59200K, reserved 1105920K
  class space    used 7746K, committed 7936K, reserved 1048576K
}
Event: 19.590 GC heap before
{Heap before GC invocations=28 (full 0):
 garbage-first heap   total 188416K, used 63883K [0x0000000080000000, 0x0000000100000000)
  region size 1024K, 9 young (9216K), 2 survivors (2048K)
 Metaspace       used 59544K, committed 60032K, reserved 1105920K
  class space    used 7849K, committed 8064K, reserved 1048576K
}
Event: 19.595 GC heap after
{Heap after GC invocations=29 (full 0):
 garbage-first heap   total 188416K, used 56995K [0x0000000080000000, 0x0000000100000000)
  region size 1024K, 2 young (2048K), 2 survivors (2048K)
 Metaspace       used 59544K, committed 60032K, reserved 1105920K
  class space    used 7849K, committed 8064K, reserved 1048576K
}
Event: 20.032 GC heap before
{Heap before GC invocations=29 (full 0):
 garbage-first heap   total 188416K, used 64163K [0x0000000080000000, 0x0000000100000000)
  region size 1024K, 9 young (9216K), 2 survivors (2048K)
 Metaspace       used 61333K, committed 61888K, reserved 1105920K
  class space    used 8103K, committed 8384K, reserved 1048576K
}
Event: 20.036 GC heap after
{Heap after GC invocations=30 (full 0):
 garbage-first heap   total 188416K, used 57215K [0x0000000080000000, 0x0000000100000000)
  region size 1024K, 1 young (1024K), 1 survivors (1024K)
 Metaspace       used 61333K, committed 61888K, reserved 1105920K
  class space    used 8103K, committed 8384K, reserved 1048576K
}
Event: 23.042 GC heap before
{Heap before GC invocations=30 (full 0):
 garbage-first heap   total 188416K, used 143231K [0x0000000080000000, 0x0000000100000000)
  region size 1024K, 79 young (80896K), 1 survivors (1024K)
 Metaspace       used 69479K, committed 70016K, reserved 1114112K
  class space    used 9166K, committed 9408K, reserved 1048576K
}
Event: 23.054 GC heap after
{Heap after GC invocations=31 (full 0):
 garbage-first heap   total 188416K, used 63697K [0x0000000080000000, 0x0000000100000000)
  region size 1024K, 8 young (8192K), 8 survivors (8192K)
 Metaspace       used 69479K, committed 70016K, reserved 1114112K
  class space    used 9166K, committed 9408K, reserved 1048576K
}
Event: 25.199 GC heap before
{Heap before GC invocations=31 (full 0):
 garbage-first heap   total 188416K, used 138449K [0x0000000080000000, 0x0000000100000000)
  region size 1024K, 81 young (82944K), 8 survivors (8192K)
 Metaspace       used 73440K, committed 74048K, reserved 1114112K
  class space    used 9704K, committed 9984K, reserved 1048576K
}
Event: 25.222 GC heap after
{Heap after GC invocations=32 (full 0):
 garbage-first heap   total 188416K, used 70907K [0x0000000080000000, 0x0000000100000000)
  region size 1024K, 8 young (8192K), 8 survivors (8192K)
 Metaspace       used 73440K, committed 74048K, reserved 1114112K
  class space    used 9704K, committed 9984K, reserved 1048576K
}

Dll operation events (2 events):
Event: 0.035 Loaded shared library C:\Program Files\Android\Android Studio1\jbr\bin\java.dll
Event: 1.324 Loaded shared library C:\Program Files\Android\Android Studio1\jbr\bin\verify.dll

Deoptimization events (20 events):
Event: 25.144 Thread 0x000001bb7015be30 Uncommon trap: trap_request=0xffffff45 fr.pc=0x000001bb5f9a8388 relative=0x0000000000000548
Event: 25.144 Thread 0x000001bb7015be30 Uncommon trap: reason=unstable_if action=reinterpret pc=0x000001bb5f9a8388 method=java.lang.AbstractStringBuilder.putStringAt(ILjava/lang/String;II)V @ 8 c2
Event: 25.144 Thread 0x000001bb7015be30 DEOPT PACKING pc=0x000001bb5f9a8388 sp=0x0000009cd2df7690
Event: 25.144 Thread 0x000001bb7015be30 DEOPT UNPACKING pc=0x000001bb5f41a1a3 sp=0x0000009cd2df7570 mode 2
Event: 25.144 Thread 0x000001bb7015be30 Uncommon trap: trap_request=0xffffff45 fr.pc=0x000001bb5f997174 relative=0x0000000000000154
Event: 25.144 Thread 0x000001bb7015be30 Uncommon trap: reason=unstable_if action=reinterpret pc=0x000001bb5f997174 method=java.lang.AbstractStringBuilder.putStringAt(ILjava/lang/String;II)V @ 8 c2
Event: 25.144 Thread 0x000001bb7015be30 DEOPT PACKING pc=0x000001bb5f997174 sp=0x0000009cd2df7610
Event: 25.144 Thread 0x000001bb7015be30 DEOPT UNPACKING pc=0x000001bb5f41a1a3 sp=0x0000009cd2df7558 mode 2
Event: 25.298 Thread 0x000001bb7015be30 Uncommon trap: trap_request=0xfffffff4 fr.pc=0x000001bb5fd1c3e8 relative=0x0000000000000068
Event: 25.298 Thread 0x000001bb7015be30 Uncommon trap: reason=null_check action=make_not_entrant pc=0x000001bb5fd1c3e8 method=java.lang.Class.isAnnotation()Z @ 1 c2
Event: 25.298 Thread 0x000001bb7015be30 DEOPT PACKING pc=0x000001bb5fd1c3e8 sp=0x0000009cd2df8530
Event: 25.298 Thread 0x000001bb7015be30 DEOPT UNPACKING pc=0x000001bb5f41a1a3 sp=0x0000009cd2df84c0 mode 2
Event: 26.274 Thread 0x000001bb7015be30 DEOPT PACKING pc=0x000001bb58b12e4e sp=0x0000009cd2df82f0
Event: 26.274 Thread 0x000001bb7015be30 DEOPT UNPACKING pc=0x000001bb5f41ace3 sp=0x0000009cd2df7818 mode 0
Event: 26.541 Thread 0x000001bb7015be30 Uncommon trap: trap_request=0xffffff45 fr.pc=0x000001bb5fc21bac relative=0x000000000000026c
Event: 26.541 Thread 0x000001bb7015be30 Uncommon trap: reason=unstable_if action=reinterpret pc=0x000001bb5fc21bac method=java.io.WinNTFileSystem.prefixLength(Ljava/lang/String;)I @ 11 c2
Event: 26.541 Thread 0x000001bb7015be30 DEOPT PACKING pc=0x000001bb5fc21bac sp=0x0000009cd2df8d90
Event: 26.541 Thread 0x000001bb7015be30 DEOPT UNPACKING pc=0x000001bb5f41a1a3 sp=0x0000009cd2df8d10 mode 2
Event: 27.001 Thread 0x000001bb7015be30 DEOPT PACKING pc=0x000001bb582ea176 sp=0x0000009cd2df88f0
Event: 27.001 Thread 0x000001bb7015be30 DEOPT UNPACKING pc=0x000001bb5f41ace3 sp=0x0000009cd2df7e90 mode 0

Classes unloaded (0 events):
No events

Classes redefined (0 events):
No events

Internal exceptions (20 events):
Event: 24.301 Thread 0x000001bb7015be30 Exception <a 'java/lang/ClassNotFoundException'{0x00000000883a5008}: com/google/common/collect/ImmutableListBeanInfo> (0x00000000883a5008) 
thrown [s\src\hotspot\share\classfile\systemDictionary.cpp, line 256]
Event: 24.301 Thread 0x000001bb7015be30 Exception <a 'java/lang/ClassNotFoundException'{0x00000000883b2e48}: com/google/common/collect/ImmutableCollectionBeanInfo> (0x00000000883b2e48) 
thrown [s\src\hotspot\share\classfile\systemDictionary.cpp, line 256]
Event: 24.302 Thread 0x000001bb7015be30 Exception <a 'java/lang/ClassNotFoundException'{0x00000000883c0f78}: com/google/common/collect/ImmutableCollectionCustomizer> (0x00000000883c0f78) 
thrown [s\src\hotspot\share\classfile\systemDictionary.cpp, line 256]
Event: 24.304 Thread 0x000001bb7015be30 Exception <a 'java/lang/ClassNotFoundException'{0x00000000883dd5d8}: com/google/common/collect/ImmutableListCustomizer> (0x00000000883dd5d8) 
thrown [s\src\hotspot\share\classfile\systemDictionary.cpp, line 256]
Event: 24.307 Thread 0x000001bb7015be30 Exception <a 'java/lang/ClassNotFoundException'{0x0000000088220048}: com/google/common/collect/RegularImmutableListCustomizer> (0x0000000088220048) 
thrown [s\src\hotspot\share\classfile\systemDictionary.cpp, line 256]
Event: 24.326 Thread 0x000001bb7015be30 Exception <a 'java/lang/ClassNotFoundException'{0x00000000882a1d28}: org/gradle/api/internal/artifacts/dsl/dependencies/DefaultDependencyHandler_DecoratedBeanInfo> (0x00000000882a1d28) 
thrown [s\src\hotspot\share\classfile\systemDictionary.cpp, line 256]
Event: 24.327 Thread 0x000001bb7015be30 Exception <a 'java/lang/ClassNotFoundException'{0x00000000882b90a0}: org/gradle/api/internal/artifacts/dsl/dependencies/DefaultDependencyHandlerBeanInfo> (0x00000000882b90a0) 
thrown [s\src\hotspot\share\classfile\systemDictionary.cpp, line 256]
Event: 24.328 Thread 0x000001bb7015be30 Exception <a 'java/lang/ClassNotFoundException'{0x00000000882d03d8}: org/gradle/api/internal/artifacts/dsl/dependencies/DefaultDependencyHandlerCustomizer> (0x00000000882d03d8) 
thrown [s\src\hotspot\share\classfile\systemDictionary.cpp, line 256]
Event: 24.332 Thread 0x000001bb7015be30 Exception <a 'java/lang/ClassNotFoundException'{0x000000008810eee0}: org/gradle/api/internal/artifacts/dsl/dependencies/DefaultDependencyHandler_DecoratedCustomizer> (0x000000008810eee0) 
thrown [s\src\hotspot\share\classfile\systemDictionary.cpp, line 256]
Event: 24.347 Thread 0x000001bb7015be30 Exception <a 'java/lang/ClassNotFoundException'{0x000000008818cc88}: org/jetbrains/kotlin/gradle/plugin/KaptExtension_DecoratedBeanInfo> (0x000000008818cc88) 
thrown [s\src\hotspot\share\classfile\systemDictionary.cpp, line 256]
Event: 24.347 Thread 0x000001bb7015be30 Exception <a 'java/lang/ClassNotFoundException'{0x0000000088197f20}: org/jetbrains/kotlin/gradle/plugin/KaptExtensionBeanInfo> (0x0000000088197f20) 
thrown [s\src\hotspot\share\classfile\systemDictionary.cpp, line 256]
Event: 24.348 Thread 0x000001bb7015be30 Exception <a 'java/lang/ClassNotFoundException'{0x00000000881a31c8}: org/jetbrains/kotlin/gradle/plugin/KaptExtensionCustomizer> (0x00000000881a31c8) 
thrown [s\src\hotspot\share\classfile\systemDictionary.cpp, line 256]
Event: 24.363 Thread 0x000001bb7015be30 Exception <a 'java/lang/ClassNotFoundException'{0x00000000881d8868}: org/jetbrains/kotlin/gradle/plugin/KaptExtension_DecoratedCustomizer> (0x00000000881d8868) 
thrown [s\src\hotspot\share\classfile\systemDictionary.cpp, line 256]
Event: 26.354 Thread 0x000001bb7015be30 Exception <a 'java/lang/NoSuchMethodError'{0x0000000089dc6f30}: 'int java.lang.invoke.DirectMethodHandle$Holder.invokeSpecialIFC(java.lang.Object, java.lang.Object, java.lang.Object, java.lang.Object, java.lang.Object)'> (0x0000000089dc6f30) 
thrown [s\src\hotspot\share\interpreter\linkResolver.cpp, line 771]
Event: 27.041 Thread 0x000001bb7015be30 Exception <a 'java/lang/ClassNotFoundException'{0x00000000890b54f8}: com/android/build/gradle/internal/api/ApkVariantOutputImpl_DecoratedBeanInfo> (0x00000000890b54f8) 
thrown [s\src\hotspot\share\classfile\systemDictionary.cpp, line 256]
Event: 27.043 Thread 0x000001bb7015be30 Exception <a 'java/lang/ClassNotFoundException'{0x00000000890c20d0}: com/android/build/gradle/internal/api/ApkVariantOutputImplBeanInfo> (0x00000000890c20d0) 
thrown [s\src\hotspot\share\classfile\systemDictionary.cpp, line 256]
Event: 27.044 Thread 0x000001bb7015be30 Exception <a 'java/lang/ClassNotFoundException'{0x00000000890cecb8}: com/android/build/gradle/internal/api/BaseVariantOutputImplBeanInfo> (0x00000000890cecb8) 
thrown [s\src\hotspot\share\classfile\systemDictionary.cpp, line 256]
Event: 27.045 Thread 0x000001bb7015be30 Exception <a 'java/lang/ClassNotFoundException'{0x00000000890dbb20}: com/android/build/gradle/internal/api/BaseVariantOutputImplCustomizer> (0x00000000890dbb20) 
thrown [s\src\hotspot\share\classfile\systemDictionary.cpp, line 256]
Event: 27.053 Thread 0x000001bb7015be30 Exception <a 'java/lang/ClassNotFoundException'{0x00000000890fb090}: com/android/build/gradle/internal/api/ApkVariantOutputImplCustomizer> (0x00000000890fb090) 
thrown [s\src\hotspot\share\classfile\systemDictionary.cpp, line 256]
Event: 27.055 Thread 0x000001bb7015be30 Exception <a 'java/lang/ClassNotFoundException'{0x0000000088f14d90}: com/android/build/gradle/internal/api/ApkVariantOutputImpl_DecoratedCustomizer> (0x0000000088f14d90) 
thrown [s\src\hotspot\share\classfile\systemDictionary.cpp, line 256]

VM Operations (20 events):
Event: 22.064 Executing VM operation: ICBufferFull
Event: 22.064 Executing VM operation: ICBufferFull done
Event: 22.250 Executing VM operation: HandshakeAllThreads
Event: 22.251 Executing VM operation: HandshakeAllThreads done
Event: 22.880 Executing VM operation: HandshakeAllThreads
Event: 22.881 Executing VM operation: HandshakeAllThreads done
Event: 23.042 Executing VM operation: G1CollectForAllocation
Event: 23.054 Executing VM operation: G1CollectForAllocation done
Event: 24.060 Executing VM operation: Cleanup
Event: 24.061 Executing VM operation: Cleanup done
Event: 24.312 Executing VM operation: HandshakeAllThreads
Event: 24.312 Executing VM operation: HandshakeAllThreads done
Event: 24.450 Executing VM operation: HandshakeAllThreads
Event: 24.450 Executing VM operation: HandshakeAllThreads done
Event: 25.199 Executing VM operation: G1CollectForAllocation
Event: 25.222 Executing VM operation: G1CollectForAllocation done
Event: 26.235 Executing VM operation: Cleanup
Event: 26.254 Executing VM operation: Cleanup done
Event: 27.260 Executing VM operation: Cleanup
Event: 27.267 Executing VM operation: Cleanup done

Events (20 events):
Event: 22.620 loading class java/time/format/DateTimeFormatterBuilder$WeekBasedFieldPrinterParser
Event: 22.620 loading class java/time/format/DateTimeFormatterBuilder$WeekBasedFieldPrinterParser done
Event: 22.647 loading class com/sun/jmx/mbeanserver/StandardMBeanSupport
Event: 22.648 loading class com/sun/jmx/mbeanserver/StandardMBeanSupport done
Event: 22.648 loading class com/sun/jmx/mbeanserver/StandardMBeanIntrospector
Event: 22.648 loading class com/sun/jmx/mbeanserver/StandardMBeanIntrospector done
Event: 23.981 loading class java/beans/IntrospectionException
Event: 23.981 loading class java/beans/IntrospectionException done
Event: 24.660 Thread 0x000001bb6f8435b0 Thread exited: 0x000001bb6f8435b0
Event: 24.846 Thread 0x000001bb77257fc0 Thread added: 0x000001bb77257fc0
Event: 24.966 loading class sun/reflect/generics/repository/FieldRepository
Event: 24.966 loading class sun/reflect/generics/repository/FieldRepository done
Event: 25.000 loading class jdk/internal/vm/annotation/ForceInline
Event: 25.000 loading class jdk/internal/vm/annotation/ForceInline done
Event: 25.145 loading class java/util/regex/Pattern$Caret
Event: 25.145 loading class java/util/regex/Pattern$Caret done
Event: 25.599 Thread 0x000001bb77257fc0 Thread exited: 0x000001bb77257fc0
Event: 26.139 Thread 0x000001bb77259400 Thread added: 0x000001bb77259400
Event: 26.756 Thread 0x000001bb77259400 Thread exited: 0x000001bb77259400
Event: 26.822 Thread 0x000001bb772584d0 Thread added: 0x000001bb772584d0


Dynamic libraries:
0x00007ff7b5cc0000 - 0x00007ff7b5cca000 	C:\Program Files\Android\Android Studio1\jbr\bin\java.exe
0x00007ffd0f150000 - 0x00007ffd0f367000 	C:\WINDOWS\SYSTEM32\ntdll.dll
0x00007ffd0d920000 - 0x00007ffd0d9e4000 	C:\WINDOWS\System32\KERNEL32.DLL
0x00007ffd0c4d0000 - 0x00007ffd0c87e000 	C:\WINDOWS\System32\KERNELBASE.dll
0x00007ffd0cb30000 - 0x00007ffd0cc41000 	C:\WINDOWS\System32\ucrtbase.dll
0x00007ffcc4c30000 - 0x00007ffcc4c47000 	C:\Program Files\Android\Android Studio1\jbr\bin\jli.dll
0x00007ffd0dd90000 - 0x00007ffd0df3d000 	C:\WINDOWS\System32\USER32.dll
0x00007ffd0cdc0000 - 0x00007ffd0cde6000 	C:\WINDOWS\System32\win32u.dll
0x00007ffd0e970000 - 0x00007ffd0e999000 	C:\WINDOWS\System32\GDI32.dll
0x00007ffd0ca10000 - 0x00007ffd0cb28000 	C:\WINDOWS\System32\gdi32full.dll
0x00007ffd0c8f0000 - 0x00007ffd0c98a000 	C:\WINDOWS\System32\msvcp_win.dll
0x00007ffcf7510000 - 0x00007ffcf77a3000 	C:\WINDOWS\WinSxS\amd64_microsoft.windows.common-controls_6595b64144ccf1df_6.0.23585.1001_none_eea134f67b8cd7e5\COMCTL32.dll
0x00007ffd0d3e0000 - 0x00007ffd0d487000 	C:\WINDOWS\System32\msvcrt.dll
0x00007ffcc2640000 - 0x00007ffcc265b000 	C:\Program Files\Android\Android Studio1\jbr\bin\VCRUNTIME140.dll
0x00007ffd0d5e0000 - 0x00007ffd0d611000 	C:\WINDOWS\System32\IMM32.DLL
0x00007ffcf3ef0000 - 0x00007ffcf3efc000 	C:\Program Files\Android\Android Studio1\jbr\bin\vcruntime140_1.dll
0x00007ffcb3610000 - 0x00007ffcb369d000 	C:\Program Files\Android\Android Studio1\jbr\bin\msvcp140.dll
0x00007ffc62730000 - 0x00007ffc6339e000 	C:\Program Files\Android\Android Studio1\jbr\bin\server\jvm.dll
0x00007ffd0d7d0000 - 0x00007ffd0d880000 	C:\WINDOWS\System32\ADVAPI32.dll
0x00007ffd0d9f0000 - 0x00007ffd0da96000 	C:\WINDOWS\System32\sechost.dll
0x00007ffd0ef70000 - 0x00007ffd0f087000 	C:\WINDOWS\System32\RPCRT4.dll
0x00007ffcc4830000 - 0x00007ffcc4839000 	C:\WINDOWS\SYSTEM32\WSOCK32.dll
0x00007ffd0e090000 - 0x00007ffd0e101000 	C:\WINDOWS\System32\WS2_32.dll
0x00007ffcfe6f0000 - 0x00007ffcfe724000 	C:\WINDOWS\SYSTEM32\WINMM.dll
0x00007ffcf9820000 - 0x00007ffcf982a000 	C:\WINDOWS\SYSTEM32\VERSION.dll
0x00007ffd0b470000 - 0x00007ffd0b488000 	C:\WINDOWS\SYSTEM32\kernel.appcore.dll
0x00007ffcc27b0000 - 0x00007ffcc27ba000 	C:\Program Files\Android\Android Studio1\jbr\bin\jimage.dll
0x00007ffd09d00000 - 0x00007ffd09f33000 	C:\WINDOWS\SYSTEM32\DBGHELP.DLL
0x00007ffd0eb60000 - 0x00007ffd0eeea000 	C:\WINDOWS\System32\combase.dll
0x00007ffd0db00000 - 0x00007ffd0dbd7000 	C:\WINDOWS\System32\OLEAUT32.dll
0x00007ffcf5cb0000 - 0x00007ffcf5ce2000 	C:\WINDOWS\SYSTEM32\dbgcore.DLL
0x00007ffd0c990000 - 0x00007ffd0ca0a000 	C:\WINDOWS\System32\bcryptPrimitives.dll
0x00007ffc62700000 - 0x00007ffc62725000 	C:\Program Files\Android\Android Studio1\jbr\bin\java.dll
0x00007ffc638b0000 - 0x00007ffc638c8000 	C:\Program Files\Android\Android Studio1\jbr\bin\zip.dll
0x00007ffd0e110000 - 0x00007ffd0e966000 	C:\WINDOWS\System32\SHELL32.dll
0x00007ffd0a3e0000 - 0x00007ffd0acef000 	C:\WINDOWS\SYSTEM32\windows.storage.dll
0x00007ffd0a2a0000 - 0x00007ffd0a3de000 	C:\WINDOWS\SYSTEM32\wintypes.dll
0x00007ffd0df40000 - 0x00007ffd0e033000 	C:\WINDOWS\System32\SHCORE.dll
0x00007ffd0daa0000 - 0x00007ffd0dafe000 	C:\WINDOWS\System32\shlwapi.dll
0x00007ffd0c400000 - 0x00007ffd0c426000 	C:\WINDOWS\SYSTEM32\profapi.dll
0x00007ffc626e0000 - 0x00007ffc626f9000 	C:\Program Files\Android\Android Studio1\jbr\bin\net.dll
0x00007ffd01b20000 - 0x00007ffd01c57000 	C:\WINDOWS\SYSTEM32\WINHTTP.dll
0x00007ffd0b940000 - 0x00007ffd0b9a9000 	C:\WINDOWS\system32\mswsock.dll
0x00007ffc626c0000 - 0x00007ffc626d6000 	C:\Program Files\Android\Android Studio1\jbr\bin\nio.dll
0x00007ffccd660000 - 0x00007ffccd670000 	C:\Program Files\Android\Android Studio1\jbr\bin\verify.dll
0x00007ffcdc480000 - 0x00007ffcdc4a7000 	C:\Users\33601\.gradle\native\68d5fa5c4cc2d200863cafc0d521ce42e7d3e7ee720ec0a83991735586a16f82\windows-amd64\native-platform.dll
0x00007ffcb60f0000 - 0x00007ffcb6234000 	C:\Users\33601\.gradle\native\e376f236ea51e6404a007f0833ffe2c6e607c4080706a723a18a27aeea778392\windows-amd64\native-platform-file-events.dll
0x00007ffcc9680000 - 0x00007ffcc9689000 	C:\Program Files\Android\Android Studio1\jbr\bin\management.dll
0x00007ffcc9670000 - 0x00007ffcc967b000 	C:\Program Files\Android\Android Studio1\jbr\bin\management_ext.dll
0x00007ffd0ceb0000 - 0x00007ffd0ceb8000 	C:\WINDOWS\System32\PSAPI.DLL
0x00007ffd0bc60000 - 0x00007ffd0bc7b000 	C:\WINDOWS\SYSTEM32\CRYPTSP.dll
0x00007ffd0b430000 - 0x00007ffd0b465000 	C:\WINDOWS\system32\rsaenh.dll
0x00007ffd0b9e0000 - 0x00007ffd0ba0c000 	C:\WINDOWS\SYSTEM32\USERENV.dll
0x00007ffd0be10000 - 0x00007ffd0be38000 	C:\WINDOWS\SYSTEM32\bcrypt.dll
0x00007ffd0bc40000 - 0x00007ffd0bc4c000 	C:\WINDOWS\SYSTEM32\CRYPTBASE.dll
0x00007ffd0afe0000 - 0x00007ffd0b00d000 	C:\WINDOWS\SYSTEM32\IPHLPAPI.DLL
0x00007ffd0d880000 - 0x00007ffd0d889000 	C:\WINDOWS\System32\NSI.dll
0x00007ffd01930000 - 0x00007ffd01949000 	C:\WINDOWS\SYSTEM32\dhcpcsvc6.DLL
0x00007ffd01910000 - 0x00007ffd0192f000 	C:\WINDOWS\SYSTEM32\dhcpcsvc.DLL
0x00007ffd0b010000 - 0x00007ffd0b109000 	C:\WINDOWS\SYSTEM32\DNSAPI.dll
0x00007ffc55690000 - 0x00007ffc55698000 	C:\WINDOWS\system32\wshunix.dll

dbghelp: loaded successfully - version: 4.0.5 - missing functions: none
symbol engine: initialized successfully - sym options: 0x614 - pdb path: .;C:\Program Files\Android\Android Studio1\jbr\bin;C:\WINDOWS\SYSTEM32;C:\WINDOWS\WinSxS\amd64_microsoft.windows.common-controls_6595b64144ccf1df_6.0.23585.1001_none_eea134f67b8cd7e5;C:\Program Files\Android\Android Studio1\jbr\bin\server;C:\Users\33601\.gradle\native\68d5fa5c4cc2d200863cafc0d521ce42e7d3e7ee720ec0a83991735586a16f82\windows-amd64;C:\Users\33601\.gradle\native\e376f236ea51e6404a007f0833ffe2c6e607c4080706a723a18a27aeea778392\windows-amd64

VM Arguments:
jvm_args: --add-opens=java.base/java.util=ALL-UNNAMED --add-opens=java.base/java.lang=ALL-UNNAMED --add-opens=java.base/java.lang.invoke=ALL-UNNAMED --add-opens=java.prefs/java.util.prefs=ALL-UNNAMED --add-opens=java.base/java.nio.charset=ALL-UNNAMED --add-opens=java.base/java.net=ALL-UNNAMED --add-opens=java.base/java.util.concurrent.atomic=ALL-UNNAMED -Xmx2048m -Dfile.encoding=UTF-8 -Duser.country=FR -Duser.language=fr -Duser.variant 
java_command: org.gradle.launcher.daemon.bootstrap.GradleDaemon 8.0
java_class_path (initial): C:\Users\33601\.gradle\wrapper\dists\gradle-8.0-bin\ca5e32bp14vu59qr306oxotwh\gradle-8.0\lib\gradle-launcher-8.0.jar
Launcher Type: SUN_STANDARD

[Global flags]
     intx CICompilerCount                          = 4                                         {product} {ergonomic}
     uint ConcGCThreads                            = 2                                         {product} {ergonomic}
     uint G1ConcRefinementThreads                  = 8                                         {product} {ergonomic}
   size_t G1HeapRegionSize                         = 1048576                                   {product} {ergonomic}
    uintx GCDrainStackTargetSize                   = 64                                        {product} {ergonomic}
   size_t InitialHeapSize                          = 264241152                                 {product} {ergonomic}
   size_t MarkStackSize                            = 4194304                                   {product} {ergonomic}
   size_t MaxHeapSize                              = 2147483648                                {product} {command line}
   size_t MaxNewSize                               = 1287651328                                {product} {ergonomic}
   size_t MinHeapDeltaBytes                        = 1048576                                   {product} {ergonomic}
   size_t MinHeapSize                              = 8388608                                   {product} {ergonomic}
    uintx NonNMethodCodeHeapSize                   = 5839372                                {pd product} {ergonomic}
    uintx NonProfiledCodeHeapSize                  = 122909434                              {pd product} {ergonomic}
    uintx ProfiledCodeHeapSize                     = 122909434                              {pd product} {ergonomic}
    uintx ReservedCodeCacheSize                    = 251658240                              {pd product} {ergonomic}
     bool SegmentedCodeCache                       = true                                      {product} {ergonomic}
   size_t SoftMaxHeapSize                          = 2147483648                             {manageable} {ergonomic}
     bool UseCompressedClassPointers               = true                           {product lp64_product} {ergonomic}
     bool UseCompressedOops                        = true                           {product lp64_product} {ergonomic}
     bool UseG1GC                                  = true                                      {product} {ergonomic}
     bool UseLargePagesIndividualAllocation        = false                                  {pd product} {ergonomic}

Logging:
Log output configuration:
 #0: stdout all=warning uptime,level,tags
 #1: stderr all=off uptime,level,tags

Environment Variables:
PATH=C:\Python311\Scripts\;C:\Python311\;C:\Program Files (x86)\Common Files\Oracle\Java\javapath;C:\WINDOWS\system32;C:\WINDOWS;C:\WINDOWS\System32\Wbem;C:\WINDOWS\System32\WindowsPowerShell\v1.0\;C:\WINDOWS\System32\OpenSSH\;C:\Program Files (x86)\PowerShell\7\;C:\Program Files\dotnet\;C:\Users\33601\Desktop\SCRCPY\scrcpy-win64-v1.24;C:\Program Files\Git\cmd;C:\Program Files\nodejs\;C:\ProgramData\chocolatey\bin;C:\Program Files\PowerShell\7\;C:\Users\33601\AppData\Local\Microsoft\WindowsApps;
USERNAME=33601
OS=Windows_NT
PROCESSOR_IDENTIFIER=Intel64 Family 6 Model 140 Stepping 1, GenuineIntel
TMP=C:\Users\33601\AppData\Local\Temp
TEMP=C:\Users\33601\AppData\Local\Temp


JNI global refs:
JNI global refs: 25, weak refs: 1

JNI global refs memory usage: 843, weak refs: 841


---------------  S Y S T E M  ---------------

OS:
 Windows 11 , 64 bit Build 23585 (10.0.23585.1001)
OS uptime: 3 days 15:36 hours
Hyper-V role detected

CPU: total 8 (initial active 8) (4 cores per cpu, 2 threads per core) family 6 model 140 stepping 1 microcode 0xac, cx8, cmov, fxsr, ht, mmx, 3dnowpref, sse, sse2, sse3, ssse3, sse4.1, sse4.2, popcnt, lzcnt, tsc, tscinvbit, avx, avx2, aes, erms, clmul, bmi1, bmi2, adx, avx512f, avx512dq, avx512cd, avx512bw, avx512vl, sha, fma, vzeroupper, avx512_vpopcntdq, avx512_vpclmulqdq, avx512_vaes, avx512_vnni, clflush, clflushopt, clwb, avx512_vbmi2, avx512_vbmi, hv

Memory: 4k page, system-wide physical 16106M (622M free)
TotalPageFile size 65258M (AvailPageFile size 3M)
current process WorkingSet (physical memory assigned to process): 387M, peak: 387M
current process commit charge ("private bytes"): 448M, peak: 450M

vm_info: OpenJDK 64-Bit Server VM (17.0.6+0-b2043.56-10027231) for windows-amd64 JRE (17.0.6+0-b2043.56-10027231), built on Apr 28 2023 00:43:19 by "androidbuild" with MS VC++ 16.10 / 16.11 (VS2019)

END.
