#
# There is insufficient memory for the Java Runtime Environment to continue.
# Native memory allocation (malloc) failed to allocate 32744 bytes for ChunkPool::allocate
# Possible reasons:
#   The system is out of physical RAM or swap space
#   The process is running with CompressedOops enabled, and the Java Heap may be blocking the growth of the native heap
# Possible solutions:
#   Reduce memory load on the system
#   Increase physical memory or swap space
#   Check if swap backing store is full
#   Decrease Java heap size (-Xmx/-Xms)
#   Decrease number of Java threads
#   Decrease Java thread stack sizes (-Xss)
#   Set larger code cache with -XX:ReservedCodeCacheSize=
#   JVM is running with Unscaled Compressed Oops mode in which the Java heap is
#     placed in the first 4GB address space. The Java Heap base address is the
#     maximum limit for the native heap growth. Please use -XX:HeapBaseMinAddress
#     to set the Java Heap base and to place the Java Heap above 4GB virtual address.
# This output file may be truncated or incomplete.
#
#  Out of Memory Error (arena.cpp:78), pid=14140, tid=41172
#
# JRE version: OpenJDK Runtime Environment (17.0.6) (build 17.0.6+0-b2043.56-10027231)
# Java VM: OpenJDK 64-Bit Server VM (17.0.6+0-b2043.56-10027231, mixed mode, tiered, compressed oops, compressed class ptrs, g1 gc, windows-amd64)
# No core dump will be written. Minidumps are not enabled by default on client versions of Windows
#

---------------  S U M M A R Y ------------

Command Line: --add-opens=java.base/java.util=ALL-UNNAMED --add-opens=java.base/java.lang=ALL-UNNAMED --add-opens=java.base/java.lang.invoke=ALL-UNNAMED --add-opens=java.prefs/java.util.prefs=ALL-UNNAMED --add-opens=java.base/java.nio.charset=ALL-UNNAMED --add-opens=java.base/java.net=ALL-UNNAMED --add-opens=java.base/java.util.concurrent.atomic=ALL-UNNAMED -Xmx2048m -Dfile.encoding=UTF-8 -Duser.country=FR -Duser.language=fr -Duser.variant org.gradle.launcher.daemon.bootstrap.GradleDaemon 8.0

Host: 11th Gen Intel(R) Core(TM) i7-1165G7 @ 2.80GHz, 8 cores, 15G,  Windows 11 , 64 bit Build 23585 (10.0.23585.1001)
Time: Sat Nov 18 19:19:57 2023 Europe de l , 64 bit Build 23585 (10.0.23585.1001) elapsed time: 38.110168 seconds (0d 0h 0m 38s)

---------------  T H R E A D  ---------------

Current thread (0x0000022ee408c4c0):  JavaThread "C2 CompilerThread0" daemon [_thread_in_native, id=41172, stack(0x000000bf39a00000,0x000000bf39b00000)]


Current CompileTask:
C2:  38110 13760   !   4       java.nio.file.FileTreeWalker::next (144 bytes)

Stack: [0x000000bf39a00000,0x000000bf39b00000]
Native frames: (J=compiled Java code, j=interpreted, Vv=VM code, C=native code)
V  [jvm.dll+0x683c9a]
V  [jvm.dll+0x8427a4]
V  [jvm.dll+0x843f9e]
V  [jvm.dll+0x844603]
V  [jvm.dll+0x249b75]
V  [jvm.dll+0xabecc]
V  [jvm.dll+0xac27c]
V  [jvm.dll+0x36e380]
V  [jvm.dll+0x36d8d1]
V  [jvm.dll+0x36d914]
V  [jvm.dll+0x56b6e1]
V  [jvm.dll+0x56beb3]
V  [jvm.dll+0x332f60]
V  [jvm.dll+0x3323da]
V  [jvm.dll+0x21c201]
V  [jvm.dll+0x21b621]
V  [jvm.dll+0x1a4fdd]
V  [jvm.dll+0x22b098]
V  [jvm.dll+0x229159]
V  [jvm.dll+0x7f81ec]
V  [jvm.dll+0x7f274a]
V  [jvm.dll+0x682ad5]
C  [ucrtbase.dll+0x29363]
C  [KERNEL32.DLL+0x1257d]
C  [ntdll.dll+0x5aa88]


---------------  P R O C E S S  ---------------

Threads class SMR info:
_java_thread_list=0x0000022ee8d46590, length=135, elements={
0x0000022ec9638160, 0x0000022ee403e020, 0x0000022ee403eef0, 0x0000022ee40853b0,
0x0000022ee4085f60, 0x0000022ee4088a20, 0x0000022ee408b7e0, 0x0000022ee408c4c0,
0x0000022ee4090870, 0x0000022ee4092270, 0x0000022ee420ba70, 0x0000022ee42049d0,
0x0000022ee577e170, 0x0000022ee6d0bdd0, 0x0000022ee68267b0, 0x0000022ee591f2d0,
0x0000022ee682c5b0, 0x0000022ee512ea30, 0x0000022ee512ef00, 0x0000022ee5742a30,
0x0000022ee5742560, 0x0000022ee5742f00, 0x0000022ee57433d0, 0x0000022ee57438a0,
0x0000022ee5742090, 0x0000022eea04e4d0, 0x0000022eea054040, 0x0000022eea050b50,
0x0000022eea051020, 0x0000022eea04e9a0, 0x0000022eea04e000, 0x0000022eea0514f0,
0x0000022eea050680, 0x0000022eea0519c0, 0x0000022eea0531d0, 0x0000022eea052360,
0x0000022eea0501b0, 0x0000022eea055380, 0x0000022eea052830, 0x0000022eea04f340,
0x0000022eea04ee70, 0x0000022eea04fce0, 0x0000022eea0549e0, 0x0000022eea054eb0,
0x0000022eea04db30, 0x0000022ee7121530, 0x0000022ee7121060, 0x0000022ee71236e0,
0x0000022ee7122d40, 0x0000022ee7120b90, 0x0000022ee7123bb0, 0x0000022ee71253c0,
0x0000022ee711db70, 0x0000022ee7121a00, 0x0000022ee7121ed0, 0x0000022ee71223a0,
0x0000022ee711e040, 0x0000022ee7122870, 0x0000022ee7123210, 0x0000022ee711f380,
0x0000022ee7124080, 0x0000022ee711e9e0, 0x0000022ee711e510, 0x0000022ee711eeb0,
0x0000022ee711fd20, 0x0000022ee7124550, 0x0000022ee71201f0, 0x0000022ee711f850,
0x0000022ee7124a20, 0x0000022ee7124ef0, 0x0000022ee71206c0, 0x0000022ee45e3660,
0x0000022ee45de960, 0x0000022ee45e2320, 0x0000022ee45dee30, 0x0000022ee45e3b30,
0x0000022ee45e5810, 0x0000022ee45e1e50, 0x0000022ee45e5ce0, 0x0000022ee45e3190,
0x0000022ee45e61b0, 0x0000022ee45e0170, 0x0000022ee45e44d0, 0x0000022ee45df300,
0x0000022ee45e0640, 0x0000022ee45e49a0, 0x0000022ee45df7d0, 0x0000022ee45e0fe0,
0x0000022ee45e4e70, 0x0000022ee45e5340, 0x0000022ee45e4000, 0x0000022ee45dfca0,
0x0000022ee45e0b10, 0x0000022ee45e14b0, 0x0000022ee45e1980, 0x0000022ee45e27f0,
0x0000022ee45e2cc0, 0x0000022ee88079c0, 0x0000022ee8804e70, 0x0000022ee880a040,
0x0000022ee8808360, 0x0000022ee880bd20, 0x0000022ee880a510, 0x0000022ee880c1f0,
0x0000022ee8805340, 0x0000022ee8806680, 0x0000022ee8808830, 0x0000022ee880b850,
0x0000022ee880b380, 0x0000022ee8808d00, 0x0000022ee8807e90, 0x0000022ee880a9e0,
0x0000022ee880aeb0, 0x0000022ee88091d0, 0x0000022ee880c6c0, 0x0000022ee8805810,
0x0000022ee88096a0, 0x0000022ee8805ce0, 0x0000022ee8809b70, 0x0000022ee88061b0,
0x0000022ee8806b50, 0x0000022ee8807020, 0x0000022ee88074f0, 0x0000022ee8bf7210,
0x0000022ee8bf93c0, 0x0000022ee8bf6d40, 0x0000022ee8bf5530, 0x0000022ee8bf9d60,
0x0000022ee8bf5a00, 0x0000022ee8bfb570, 0x0000022ee8bf8080, 0x0000022ee8bf76e0,
0x0000022ee8bfa230, 0x0000022ee8bfbf10, 0x0000022eeba26f00
}

Java Threads: ( => current thread )
  0x0000022ec9638160 JavaThread "main" [_thread_blocked, id=12608, stack(0x000000bf38d00000,0x000000bf38e00000)]
  0x0000022ee403e020 JavaThread "Reference Handler" daemon [_thread_blocked, id=32068, stack(0x000000bf39400000,0x000000bf39500000)]
  0x0000022ee403eef0 JavaThread "Finalizer" daemon [_thread_blocked, id=2444, stack(0x000000bf39500000,0x000000bf39600000)]
  0x0000022ee40853b0 JavaThread "Signal Dispatcher" daemon [_thread_blocked, id=31748, stack(0x000000bf39600000,0x000000bf39700000)]
  0x0000022ee4085f60 JavaThread "Attach Listener" daemon [_thread_blocked, id=40984, stack(0x000000bf39700000,0x000000bf39800000)]
  0x0000022ee4088a20 JavaThread "Service Thread" daemon [_thread_blocked, id=46464, stack(0x000000bf39800000,0x000000bf39900000)]
  0x0000022ee408b7e0 JavaThread "Monitor Deflation Thread" daemon [_thread_blocked, id=6208, stack(0x000000bf39900000,0x000000bf39a00000)]
=>0x0000022ee408c4c0 JavaThread "C2 CompilerThread0" daemon [_thread_in_native, id=41172, stack(0x000000bf39a00000,0x000000bf39b00000)]
  0x0000022ee4090870 JavaThread "C1 CompilerThread0" daemon [_thread_blocked, id=53316, stack(0x000000bf39b00000,0x000000bf39c00000)]
  0x0000022ee4092270 JavaThread "Sweeper thread" daemon [_thread_blocked, id=28052, stack(0x000000bf39c00000,0x000000bf39d00000)]
  0x0000022ee420ba70 JavaThread "Common-Cleaner" daemon [_thread_blocked, id=9576, stack(0x000000bf39d00000,0x000000bf39e00000)]
  0x0000022ee42049d0 JavaThread "Notification Thread" daemon [_thread_blocked, id=32704, stack(0x000000bf39e00000,0x000000bf39f00000)]
  0x0000022ee577e170 JavaThread "Daemon health stats" [_thread_blocked, id=54276, stack(0x000000bf3a600000,0x000000bf3a700000)]
  0x0000022ee6d0bdd0 JavaThread "Incoming local TCP Connector on port 58416" [_thread_in_native, id=5024, stack(0x000000bf3a000000,0x000000bf3a100000)]
  0x0000022ee68267b0 JavaThread "Daemon periodic checks" [_thread_blocked, id=50684, stack(0x000000bf3a700000,0x000000bf3a800000)]
  0x0000022ee591f2d0 JavaThread "Daemon" [_thread_blocked, id=25360, stack(0x000000bf3a800000,0x000000bf3a900000)]
  0x0000022ee682c5b0 JavaThread "Handler for socket connection from /127.0.0.1:58416 to /127.0.0.1:58417" [_thread_in_native, id=52944, stack(0x000000bf3a900000,0x000000bf3aa00000)]
  0x0000022ee512ea30 JavaThread "Cancel handler" [_thread_blocked, id=20460, stack(0x000000bf3aa00000,0x000000bf3ab00000)]
  0x0000022ee512ef00 JavaThread "Daemon worker" [_thread_blocked, id=7628, stack(0x000000bf3ab00000,0x000000bf3ac00000)]
  0x0000022ee5742a30 JavaThread "Asynchronous log dispatcher for DefaultDaemonConnection: socket connection from /127.0.0.1:58416 to /127.0.0.1:58417" [_thread_blocked, id=48436, stack(0x000000bf3ac00000,0x000000bf3ad00000)]
  0x0000022ee5742560 JavaThread "Stdin handler" [_thread_blocked, id=43736, stack(0x000000bf3ad00000,0x000000bf3ae00000)]
  0x0000022ee5742f00 JavaThread "Daemon client event forwarder" [_thread_blocked, id=39560, stack(0x000000bf3ae00000,0x000000bf3af00000)]
  0x0000022ee57433d0 JavaThread "Cache worker for journal cache (C:\Users\33601\.gradle\caches\journal-1)" [_thread_blocked, id=29080, stack(0x000000bf3b200000,0x000000bf3b300000)]
  0x0000022ee57438a0 JavaThread "File lock request listener" [_thread_in_native, id=50992, stack(0x000000bf3b300000,0x000000bf3b400000)]
  0x0000022ee5742090 JavaThread "Cache worker for file hash cache (C:\Users\33601\.gradle\caches\8.0\fileHashes)" [_thread_blocked, id=17028, stack(0x000000bf3b400000,0x000000bf3b500000)]
  0x0000022eea04e4d0 JavaThread "File watcher server" daemon [_thread_in_native, id=20776, stack(0x000000bf3b700000,0x000000bf3b800000)]
  0x0000022eea054040 JavaThread "File watcher consumer" daemon [_thread_blocked, id=43896, stack(0x000000bf3b800000,0x000000bf3b900000)]
  0x0000022eea050b50 JavaThread "Cache worker for checksums cache (C:\Users\33601\Desktop\RealEstateManager\.gradle\8.0\checksums)" [_thread_blocked, id=15124, stack(0x000000bf3b900000,0x000000bf3ba00000)]
  0x0000022eea051020 JavaThread "Cache worker for cache directory md-rule (C:\Users\33601\.gradle\caches\8.0\md-rule)" [_thread_blocked, id=17400, stack(0x000000bf3ba00000,0x000000bf3bb00000)]
  0x0000022eea04e9a0 JavaThread "Cache worker for file content cache (C:\Users\33601\.gradle\caches\8.0\fileContent)" [_thread_blocked, id=57252, stack(0x000000bf3bb00000,0x000000bf3bc00000)]
  0x0000022eea04e000 JavaThread "Cache worker for file hash cache (C:\Users\33601\Desktop\RealEstateManager\.gradle\8.0\fileHashes)" [_thread_blocked, id=768, stack(0x000000bf3bc00000,0x000000bf3bd00000)]
  0x0000022eea0514f0 JavaThread "Cache worker for cache directory md-supplier (C:\Users\33601\.gradle\caches\8.0\md-supplier)" [_thread_blocked, id=33280, stack(0x000000bf3bd00000,0x000000bf3be00000)]
  0x0000022eea050680 JavaThread "Cache worker for execution history cache (C:\Users\33601\.gradle\caches\8.0\executionHistory)" [_thread_blocked, id=20256, stack(0x000000bf3b500000,0x000000bf3b600000)]
  0x0000022eea0519c0 JavaThread "jar transforms" [_thread_blocked, id=30704, stack(0x000000bf3b600000,0x000000bf3b700000)]
  0x0000022eea0531d0 JavaThread "jar transforms Thread 2" [_thread_blocked, id=22256, stack(0x000000bf3bf00000,0x000000bf3c000000)]
  0x0000022eea052360 JavaThread "jar transforms Thread 3" [_thread_blocked, id=46340, stack(0x000000bf3c100000,0x000000bf3c200000)]
  0x0000022eea0501b0 JavaThread "jar transforms Thread 4" [_thread_blocked, id=37232, stack(0x000000bf3c200000,0x000000bf3c300000)]
  0x0000022eea055380 JavaThread "Cache worker for dependencies-accessors (C:\Users\33601\Desktop\RealEstateManager\.gradle\8.0\dependencies-accessors)" [_thread_blocked, id=41012, stack(0x000000bf3c300000,0x000000bf3c400000)]
  0x0000022eea052830 JavaThread "jar transforms Thread 5" [_thread_blocked, id=34164, stack(0x000000bf3c400000,0x000000bf3c500000)]
  0x0000022eea04f340 JavaThread "Cache worker for Build Output Cleanup Cache (C:\Users\33601\Desktop\RealEstateManager\.gradle\buildOutputCleanup)" [_thread_blocked, id=24004, stack(0x000000bf3c000000,0x000000bf3c100000)]
  0x0000022eea04ee70 JavaThread "Unconstrained build operations" [_thread_blocked, id=46556, stack(0x000000bf3c500000,0x000000bf3c600000)]
  0x0000022eea04fce0 JavaThread "Unconstrained build operations Thread 2" [_thread_blocked, id=27032, stack(0x000000bf3c600000,0x000000bf3c700000)]
  0x0000022eea0549e0 JavaThread "Unconstrained build operations Thread 3" [_thread_blocked, id=29088, stack(0x000000bf3c700000,0x000000bf3c800000)]
  0x0000022eea054eb0 JavaThread "Unconstrained build operations Thread 4" [_thread_blocked, id=44616, stack(0x000000bf3c800000,0x000000bf3c900000)]
  0x0000022eea04db30 JavaThread "Unconstrained build operations Thread 5" [_thread_blocked, id=23324, stack(0x000000bf3c900000,0x000000bf3ca00000)]
  0x0000022ee7121530 JavaThread "Unconstrained build operations Thread 6" [_thread_blocked, id=33260, stack(0x000000bf3ca00000,0x000000bf3cb00000)]
  0x0000022ee7121060 JavaThread "Unconstrained build operations Thread 7" [_thread_blocked, id=47088, stack(0x000000bf3cb00000,0x000000bf3cc00000)]
  0x0000022ee71236e0 JavaThread "Unconstrained build operations Thread 8" [_thread_blocked, id=18668, stack(0x000000bf3cc00000,0x000000bf3cd00000)]
  0x0000022ee7122d40 JavaThread "Unconstrained build operations Thread 9" [_thread_blocked, id=38244, stack(0x000000bf3cd00000,0x000000bf3ce00000)]
  0x0000022ee7120b90 JavaThread "Unconstrained build operations Thread 10" [_thread_blocked, id=34428, stack(0x000000bf3ce00000,0x000000bf3cf00000)]
  0x0000022ee7123bb0 JavaThread "Unconstrained build operations Thread 11" [_thread_blocked, id=50188, stack(0x000000bf3cf00000,0x000000bf3d000000)]
  0x0000022ee71253c0 JavaThread "Unconstrained build operations Thread 12" [_thread_blocked, id=37544, stack(0x000000bf3d000000,0x000000bf3d100000)]
  0x0000022ee711db70 JavaThread "Unconstrained build operations Thread 13" [_thread_blocked, id=51376, stack(0x000000bf3d100000,0x000000bf3d200000)]
  0x0000022ee7121a00 JavaThread "Unconstrained build operations Thread 14" [_thread_blocked, id=52520, stack(0x000000bf3d200000,0x000000bf3d300000)]
  0x0000022ee7121ed0 JavaThread "Unconstrained build operations Thread 15" [_thread_blocked, id=49176, stack(0x000000bf3d300000,0x000000bf3d400000)]
  0x0000022ee71223a0 JavaThread "Unconstrained build operations Thread 16" [_thread_blocked, id=21084, stack(0x000000bf3d400000,0x000000bf3d500000)]
  0x0000022ee711e040 JavaThread "Unconstrained build operations Thread 17" [_thread_blocked, id=56792, stack(0x000000bf3d500000,0x000000bf3d600000)]
  0x0000022ee7122870 JavaThread "Unconstrained build operations Thread 18" [_thread_blocked, id=22640, stack(0x000000bf3d600000,0x000000bf3d700000)]
  0x0000022ee7123210 JavaThread "Unconstrained build operations Thread 19" [_thread_blocked, id=35932, stack(0x000000bf3d700000,0x000000bf3d800000)]
  0x0000022ee711f380 JavaThread "Unconstrained build operations Thread 20" [_thread_blocked, id=13180, stack(0x000000bf3d800000,0x000000bf3d900000)]
  0x0000022ee7124080 JavaThread "Unconstrained build operations Thread 21" [_thread_blocked, id=47064, stack(0x000000bf3d900000,0x000000bf3da00000)]
  0x0000022ee711e9e0 JavaThread "Unconstrained build operations Thread 22" [_thread_blocked, id=24196, stack(0x000000bf3da00000,0x000000bf3db00000)]
  0x0000022ee711e510 JavaThread "Unconstrained build operations Thread 23" [_thread_blocked, id=37228, stack(0x000000bf3db00000,0x000000bf3dc00000)]
  0x0000022ee711eeb0 JavaThread "Unconstrained build operations Thread 24" [_thread_blocked, id=25736, stack(0x000000bf3dc00000,0x000000bf3dd00000)]
  0x0000022ee711fd20 JavaThread "Unconstrained build operations Thread 25" [_thread_blocked, id=7036, stack(0x000000bf3dd00000,0x000000bf3de00000)]
  0x0000022ee7124550 JavaThread "Unconstrained build operations Thread 26" [_thread_blocked, id=27800, stack(0x000000bf3de00000,0x000000bf3df00000)]
  0x0000022ee71201f0 JavaThread "Unconstrained build operations Thread 27" [_thread_blocked, id=23112, stack(0x000000bf3df00000,0x000000bf3e000000)]
  0x0000022ee711f850 JavaThread "Unconstrained build operations Thread 28" [_thread_blocked, id=22152, stack(0x000000bf3e000000,0x000000bf3e100000)]
  0x0000022ee7124a20 JavaThread "Unconstrained build operations Thread 29" [_thread_blocked, id=33292, stack(0x000000bf3e100000,0x000000bf3e200000)]
  0x0000022ee7124ef0 JavaThread "Unconstrained build operations Thread 30" [_thread_blocked, id=44160, stack(0x000000bf3e200000,0x000000bf3e300000)]
  0x0000022ee71206c0 JavaThread "Unconstrained build operations Thread 31" [_thread_blocked, id=21316, stack(0x000000bf3e300000,0x000000bf3e400000)]
  0x0000022ee45e3660 JavaThread "Unconstrained build operations Thread 32" [_thread_blocked, id=44316, stack(0x000000bf3e400000,0x000000bf3e500000)]
  0x0000022ee45de960 JavaThread "Unconstrained build operations Thread 33" [_thread_blocked, id=42072, stack(0x000000bf3e500000,0x000000bf3e600000)]
  0x0000022ee45e2320 JavaThread "Unconstrained build operations Thread 34" [_thread_blocked, id=37556, stack(0x000000bf3e600000,0x000000bf3e700000)]
  0x0000022ee45dee30 JavaThread "Unconstrained build operations Thread 35" [_thread_blocked, id=43364, stack(0x000000bf3e700000,0x000000bf3e800000)]
  0x0000022ee45e3b30 JavaThread "Unconstrained build operations Thread 36" [_thread_blocked, id=9780, stack(0x000000bf3e800000,0x000000bf3e900000)]
  0x0000022ee45e5810 JavaThread "Unconstrained build operations Thread 37" [_thread_blocked, id=35112, stack(0x000000bf3e900000,0x000000bf3ea00000)]
  0x0000022ee45e1e50 JavaThread "Unconstrained build operations Thread 38" [_thread_blocked, id=28340, stack(0x000000bf3ea00000,0x000000bf3eb00000)]
  0x0000022ee45e5ce0 JavaThread "Unconstrained build operations Thread 39" [_thread_blocked, id=11644, stack(0x000000bf3eb00000,0x000000bf3ec00000)]
  0x0000022ee45e3190 JavaThread "Unconstrained build operations Thread 40" [_thread_blocked, id=4812, stack(0x000000bf3ec00000,0x000000bf3ed00000)]
  0x0000022ee45e61b0 JavaThread "Unconstrained build operations Thread 41" [_thread_blocked, id=34372, stack(0x000000bf3ed00000,0x000000bf3ee00000)]
  0x0000022ee45e0170 JavaThread "Unconstrained build operations Thread 42" [_thread_blocked, id=54552, stack(0x000000bf3ee00000,0x000000bf3ef00000)]
  0x0000022ee45e44d0 JavaThread "Unconstrained build operations Thread 43" [_thread_blocked, id=23216, stack(0x000000bf3ef00000,0x000000bf3f000000)]
  0x0000022ee45df300 JavaThread "Unconstrained build operations Thread 44" [_thread_blocked, id=13400, stack(0x000000bf3f000000,0x000000bf3f100000)]
  0x0000022ee45e0640 JavaThread "Unconstrained build operations Thread 45" [_thread_blocked, id=49828, stack(0x000000bf3f100000,0x000000bf3f200000)]
  0x0000022ee45e49a0 JavaThread "Unconstrained build operations Thread 46" [_thread_blocked, id=12528, stack(0x000000bf3f200000,0x000000bf3f300000)]
  0x0000022ee45df7d0 JavaThread "Unconstrained build operations Thread 47" [_thread_blocked, id=28436, stack(0x000000bf3f300000,0x000000bf3f400000)]
  0x0000022ee45e0fe0 JavaThread "Unconstrained build operations Thread 48" [_thread_blocked, id=42288, stack(0x000000bf3f400000,0x000000bf3f500000)]
  0x0000022ee45e4e70 JavaThread "Unconstrained build operations Thread 49" [_thread_blocked, id=26748, stack(0x000000bf3f500000,0x000000bf3f600000)]
  0x0000022ee45e5340 JavaThread "Unconstrained build operations Thread 50" [_thread_blocked, id=45648, stack(0x000000bf3f600000,0x000000bf3f700000)]
  0x0000022ee45e4000 JavaThread "Unconstrained build operations Thread 51" [_thread_blocked, id=25276, stack(0x000000bf3f700000,0x000000bf3f800000)]
  0x0000022ee45dfca0 JavaThread "Unconstrained build operations Thread 52" [_thread_blocked, id=24292, stack(0x000000bf3f800000,0x000000bf3f900000)]
  0x0000022ee45e0b10 JavaThread "Unconstrained build operations Thread 53" [_thread_blocked, id=23100, stack(0x000000bf3f900000,0x000000bf3fa00000)]
  0x0000022ee45e14b0 JavaThread "Unconstrained build operations Thread 54" [_thread_blocked, id=25596, stack(0x000000bf3fa00000,0x000000bf3fb00000)]
  0x0000022ee45e1980 JavaThread "Unconstrained build operations Thread 55" [_thread_blocked, id=784, stack(0x000000bf3fb00000,0x000000bf3fc00000)]
  0x0000022ee45e27f0 JavaThread "Unconstrained build operations Thread 56" [_thread_blocked, id=53328, stack(0x000000bf3fc00000,0x000000bf3fd00000)]
  0x0000022ee45e2cc0 JavaThread "Unconstrained build operations Thread 57" [_thread_blocked, id=56164, stack(0x000000bf3fd00000,0x000000bf3fe00000)]
  0x0000022ee88079c0 JavaThread "Unconstrained build operations Thread 58" [_thread_blocked, id=37168, stack(0x000000bf3fe00000,0x000000bf3ff00000)]
  0x0000022ee8804e70 JavaThread "Unconstrained build operations Thread 59" [_thread_blocked, id=9296, stack(0x000000bf3ff00000,0x000000bf40000000)]
  0x0000022ee880a040 JavaThread "Unconstrained build operations Thread 60" [_thread_blocked, id=28452, stack(0x000000bf40000000,0x000000bf40100000)]
  0x0000022ee8808360 JavaThread "Unconstrained build operations Thread 61" [_thread_blocked, id=32584, stack(0x000000bf40100000,0x000000bf40200000)]
  0x0000022ee880bd20 JavaThread "Unconstrained build operations Thread 62" [_thread_blocked, id=27684, stack(0x000000bf40200000,0x000000bf40300000)]
  0x0000022ee880a510 JavaThread "Unconstrained build operations Thread 63" [_thread_blocked, id=6376, stack(0x000000bf40300000,0x000000bf40400000)]
  0x0000022ee880c1f0 JavaThread "Unconstrained build operations Thread 64" [_thread_blocked, id=4308, stack(0x000000bf40400000,0x000000bf40500000)]
  0x0000022ee8805340 JavaThread "Unconstrained build operations Thread 65" [_thread_blocked, id=49160, stack(0x000000bf40500000,0x000000bf40600000)]
  0x0000022ee8806680 JavaThread "Unconstrained build operations Thread 66" [_thread_blocked, id=39420, stack(0x000000bf40600000,0x000000bf40700000)]
  0x0000022ee8808830 JavaThread "Unconstrained build operations Thread 67" [_thread_blocked, id=49320, stack(0x000000bf40700000,0x000000bf40800000)]
  0x0000022ee880b850 JavaThread "Unconstrained build operations Thread 68" [_thread_blocked, id=45600, stack(0x000000bf40800000,0x000000bf40900000)]
  0x0000022ee880b380 JavaThread "Unconstrained build operations Thread 69" [_thread_blocked, id=10376, stack(0x000000bf40900000,0x000000bf40a00000)]
  0x0000022ee8808d00 JavaThread "Unconstrained build operations Thread 70" [_thread_blocked, id=43280, stack(0x000000bf40a00000,0x000000bf40b00000)]
  0x0000022ee8807e90 JavaThread "Unconstrained build operations Thread 71" [_thread_blocked, id=44964, stack(0x000000bf40b00000,0x000000bf40c00000)]
  0x0000022ee880a9e0 JavaThread "Unconstrained build operations Thread 72" [_thread_blocked, id=19104, stack(0x000000bf40c00000,0x000000bf40d00000)]
  0x0000022ee880aeb0 JavaThread "Unconstrained build operations Thread 73" [_thread_blocked, id=41424, stack(0x000000bf40d00000,0x000000bf40e00000)]
  0x0000022ee88091d0 JavaThread "Unconstrained build operations Thread 74" [_thread_blocked, id=43616, stack(0x000000bf40e00000,0x000000bf40f00000)]
  0x0000022ee880c6c0 JavaThread "Unconstrained build operations Thread 75" [_thread_blocked, id=48604, stack(0x000000bf40f00000,0x000000bf41000000)]
  0x0000022ee8805810 JavaThread "Unconstrained build operations Thread 76" [_thread_blocked, id=25180, stack(0x000000bf41000000,0x000000bf41100000)]
  0x0000022ee88096a0 JavaThread "Unconstrained build operations Thread 77" [_thread_blocked, id=30552, stack(0x000000bf41100000,0x000000bf41200000)]
  0x0000022ee8805ce0 JavaThread "Unconstrained build operations Thread 78" [_thread_blocked, id=17636, stack(0x000000bf41200000,0x000000bf41300000)]
  0x0000022ee8809b70 JavaThread "Unconstrained build operations Thread 79" [_thread_blocked, id=4652, stack(0x000000bf41300000,0x000000bf41400000)]
  0x0000022ee88061b0 JavaThread "Unconstrained build operations Thread 80" [_thread_blocked, id=304, stack(0x000000bf41400000,0x000000bf41500000)]
  0x0000022ee8806b50 JavaThread "jar transforms Thread 6" [_thread_blocked, id=24800, stack(0x000000bf41600000,0x000000bf41700000)]
  0x0000022ee8807020 JavaThread "jar transforms Thread 7" [_thread_blocked, id=31196, stack(0x000000bf41700000,0x000000bf41800000)]
  0x0000022ee88074f0 JavaThread "jar transforms Thread 8" [_thread_blocked, id=816, stack(0x000000bf41800000,0x000000bf41900000)]
  0x0000022ee8bf7210 JavaThread "build event listener" [_thread_blocked, id=36352, stack(0x000000bf41500000,0x000000bf41600000)]
  0x0000022ee8bf93c0 JavaThread "Memory manager" [_thread_blocked, id=17768, stack(0x000000bf41b00000,0x000000bf41c00000)]
  0x0000022ee8bf6d40 JavaThread "included builds" [_thread_blocked, id=34884, stack(0x000000bf41c00000,0x000000bf41d00000)]
  0x0000022ee8bf5530 JavaThread "Execution worker" [_thread_blocked, id=32568, stack(0x000000bf41d00000,0x000000bf41e00000)]
  0x0000022ee8bf9d60 JavaThread "Execution worker Thread 2" [_thread_blocked, id=53364, stack(0x000000bf41e00000,0x000000bf41f00000)]
  0x0000022ee8bf5a00 JavaThread "Execution worker Thread 3" [_thread_blocked, id=33128, stack(0x000000bf41f00000,0x000000bf42000000)]
  0x0000022ee8bfb570 JavaThread "Execution worker Thread 4" [_thread_blocked, id=20828, stack(0x000000bf42000000,0x000000bf42100000)]
  0x0000022ee8bf8080 JavaThread "Execution worker Thread 5" [_thread_blocked, id=44608, stack(0x000000bf42100000,0x000000bf42200000)]
  0x0000022ee8bf76e0 JavaThread "Execution worker Thread 6" [_thread_blocked, id=14000, stack(0x000000bf42200000,0x000000bf42300000)]
  0x0000022ee8bfa230 JavaThread "Execution worker Thread 7" [_thread_blocked, id=53720, stack(0x000000bf42300000,0x000000bf42400000)]
  0x0000022ee8bfbf10 JavaThread "Cache worker for execution history cache (C:\Users\33601\Desktop\RealEstateManager\.gradle\8.0\executionHistory)" [_thread_blocked, id=23464, stack(0x000000bf42400000,0x000000bf42500000)]
  0x0000022eeba26f00 JavaThread "WorkerExecutor Queue" [_thread_in_native, id=33156, stack(0x000000bf42500000,0x000000bf42600000)]

Other Threads:
  0x0000022ee349a2e0 VMThread "VM Thread" [stack: 0x000000bf39300000,0x000000bf39400000] [id=30396]
  0x0000022ee4130010 WatcherThread [stack: 0x000000bf39f00000,0x000000bf3a000000] [id=35744]
  0x0000022ec9695390 GCTaskThread "GC Thread#0" [stack: 0x000000bf38e00000,0x000000bf38f00000] [id=27288]
  0x0000022ee4dfd7f0 GCTaskThread "GC Thread#1" [stack: 0x000000bf3a100000,0x000000bf3a200000] [id=24684]
  0x0000022ee4dfdaa0 GCTaskThread "GC Thread#2" [stack: 0x000000bf3a200000,0x000000bf3a300000] [id=20208]
  0x0000022ee4dfdd50 GCTaskThread "GC Thread#3" [stack: 0x000000bf3a300000,0x000000bf3a400000] [id=56828]
  0x0000022ee4dfe000 GCTaskThread "GC Thread#4" [stack: 0x000000bf3a400000,0x000000bf3a500000] [id=19852]
  0x0000022ee4dfe2b0 GCTaskThread "GC Thread#5" [stack: 0x000000bf3a500000,0x000000bf3a600000] [id=49012]
  0x0000022ee65ecbe0 GCTaskThread "GC Thread#6" [stack: 0x000000bf3af00000,0x000000bf3b000000] [id=19972]
  0x0000022ee58e9840 GCTaskThread "GC Thread#7" [stack: 0x000000bf3b000000,0x000000bf3b100000] [id=2368]
  0x0000022ec96a62d0 ConcurrentGCThread "G1 Main Marker" [stack: 0x000000bf38f00000,0x000000bf39000000] [id=39068]
  0x0000022ec96a7480 ConcurrentGCThread "G1 Conc#0" [stack: 0x000000bf39000000,0x000000bf39100000] [id=40488]
  0x0000022ee5374090 ConcurrentGCThread "G1 Conc#1" [stack: 0x000000bf3b100000,0x000000bf3b200000] [id=9388]
  0x0000022ec96fe0c0 ConcurrentGCThread "G1 Refine#0" [stack: 0x000000bf39100000,0x000000bf39200000] [id=16316]
  0x0000022ee6e7f980 ConcurrentGCThread "G1 Refine#1" [stack: 0x000000bf41900000,0x000000bf41a00000] [id=21408]
  0x0000022ec96feae0 ConcurrentGCThread "G1 Service" [stack: 0x000000bf39200000,0x000000bf39300000] [id=25536]

Threads with active compile tasks:
C2 CompilerThread0    38178 13760   !   4       java.nio.file.FileTreeWalker::next (144 bytes)

VM state: not at safepoint (normal execution)

VM Mutex/Monitor currently owned by a thread: None

Heap address: 0x0000000080000000, size: 2048 MB, Compressed Oops mode: 32-bit

CDS archive(s) not mapped
Compressed class space mapped at: 0x0000000100000000-0x0000000140000000, reserved size: 1073741824
Narrow klass base: 0x0000000000000000, Narrow klass shift: 3, Narrow klass range: 0x140000000

GC Precious Log:
 CPUs: 8 total, 8 available
 Memory: 16106M
 Large Page Support: Disabled
 NUMA Support: Disabled
 Compressed Oops: Enabled (32-bit)
 Heap Region Size: 1M
 Heap Min Capacity: 8M
 Heap Initial Capacity: 252M
 Heap Max Capacity: 2G
 Pre-touch: Disabled
 Parallel Workers: 8
 Concurrent Workers: 2
 Concurrent Refinement Workers: 8
 Periodic GC: Disabled

Heap:
 garbage-first heap   total 292864K, used 206515K [0x0000000080000000, 0x0000000100000000)
  region size 1024K, 102 young (104448K), 8 survivors (8192K)
 Metaspace       used 100927K, committed 101632K, reserved 1138688K
  class space    used 13735K, committed 14080K, reserved 1048576K

Heap Regions: E=young(eden), S=young(survivor), O=old, HS=humongous(starts), HC=humongous(continues), CS=collection set, F=free, OA=open archive, CA=closed archive, TAMS=top-at-mark-start (previous, next)
|   0|0x0000000080000000, 0x0000000080100000, 0x0000000080100000|100%|HS|  |TAMS 0x0000000080100000, 0x0000000080000000| Complete 
|   1|0x0000000080100000, 0x0000000080200000, 0x0000000080200000|100%|HC|  |TAMS 0x0000000080200000, 0x0000000080100000| Complete 
|   2|0x0000000080200000, 0x0000000080300000, 0x0000000080300000|100%|HC|  |TAMS 0x0000000080300000, 0x0000000080200000| Complete 
|   3|0x0000000080300000, 0x0000000080400000, 0x0000000080400000|100%|HC|  |TAMS 0x0000000080400000, 0x0000000080300000| Complete 
|   4|0x0000000080400000, 0x0000000080500000, 0x0000000080500000|100%| O|  |TAMS 0x0000000080500000, 0x0000000080400000| Untracked 
|   5|0x0000000080500000, 0x0000000080600000, 0x0000000080600000|100%| O|  |TAMS 0x0000000080600000, 0x0000000080500000| Untracked 
|   6|0x0000000080600000, 0x0000000080700000, 0x0000000080700000|100%| O|  |TAMS 0x0000000080700000, 0x0000000080600000| Untracked 
|   7|0x0000000080700000, 0x0000000080800000, 0x0000000080800000|100%| O|  |TAMS 0x0000000080800000, 0x0000000080700000| Untracked 
|   8|0x0000000080800000, 0x0000000080900000, 0x0000000080900000|100%| O|  |TAMS 0x0000000080900000, 0x0000000080800000| Untracked 
|   9|0x0000000080900000, 0x0000000080a00000, 0x0000000080a00000|100%| O|  |TAMS 0x0000000080a00000, 0x0000000080900000| Untracked 
|  10|0x0000000080a00000, 0x0000000080b00000, 0x0000000080b00000|100%| O|  |TAMS 0x0000000080b00000, 0x0000000080a00000| Untracked 
|  11|0x0000000080b00000, 0x0000000080c00000, 0x0000000080c00000|100%| O|  |TAMS 0x0000000080c00000, 0x0000000080b00000| Untracked 
|  12|0x0000000080c00000, 0x0000000080d00000, 0x0000000080d00000|100%|HS|  |TAMS 0x0000000080d00000, 0x0000000080c00000| Complete 
|  13|0x0000000080d00000, 0x0000000080e00000, 0x0000000080e00000|100%| O|  |TAMS 0x0000000080e00000, 0x0000000080d00000| Untracked 
|  14|0x0000000080e00000, 0x0000000080f00000, 0x0000000080f00000|100%| O|  |TAMS 0x0000000080f00000, 0x0000000080e00000| Untracked 
|  15|0x0000000080f00000, 0x0000000081000000, 0x0000000081000000|100%| O|  |TAMS 0x0000000081000000, 0x0000000080f00000| Untracked 
|  16|0x0000000081000000, 0x0000000081100000, 0x0000000081100000|100%| O|  |TAMS 0x0000000081100000, 0x0000000081000000| Untracked 
|  17|0x0000000081100000, 0x0000000081200000, 0x0000000081200000|100%| O|  |TAMS 0x0000000081200000, 0x0000000081100000| Untracked 
|  18|0x0000000081200000, 0x0000000081300000, 0x0000000081300000|100%| O|  |TAMS 0x0000000081300000, 0x0000000081200000| Untracked 
|  19|0x0000000081300000, 0x0000000081400000, 0x0000000081400000|100%| O|  |TAMS 0x0000000081400000, 0x0000000081300000| Untracked 
|  20|0x0000000081400000, 0x0000000081500000, 0x0000000081500000|100%| O|  |TAMS 0x0000000081500000, 0x0000000081400000| Untracked 
|  21|0x0000000081500000, 0x0000000081600000, 0x0000000081600000|100%| O|  |TAMS 0x0000000081600000, 0x0000000081500000| Untracked 
|  22|0x0000000081600000, 0x0000000081700000, 0x0000000081700000|100%| O|  |TAMS 0x0000000081700000, 0x0000000081600000| Untracked 
|  23|0x0000000081700000, 0x0000000081800000, 0x0000000081800000|100%| O|  |TAMS 0x0000000081700000, 0x0000000081700000| Untracked 
|  24|0x0000000081800000, 0x0000000081900000, 0x0000000081900000|100%| O|  |TAMS 0x0000000081900000, 0x0000000081800000| Untracked 
|  25|0x0000000081900000, 0x0000000081a00000, 0x0000000081a00000|100%| O|  |TAMS 0x0000000081a00000, 0x0000000081900000| Untracked 
|  26|0x0000000081a00000, 0x0000000081b00000, 0x0000000081b00000|100%| O|  |TAMS 0x0000000081b00000, 0x0000000081a00000| Untracked 
|  27|0x0000000081b00000, 0x0000000081c00000, 0x0000000081c00000|100%| O|  |TAMS 0x0000000081c00000, 0x0000000081b00000| Untracked 
|  28|0x0000000081c00000, 0x0000000081d00000, 0x0000000081d00000|100%| O|  |TAMS 0x0000000081d00000, 0x0000000081c00000| Untracked 
|  29|0x0000000081d00000, 0x0000000081e00000, 0x0000000081e00000|100%| O|  |TAMS 0x0000000081e00000, 0x0000000081d00000| Untracked 
|  30|0x0000000081e00000, 0x0000000081f00000, 0x0000000081f00000|100%| O|  |TAMS 0x0000000081f00000, 0x0000000081e00000| Untracked 
|  31|0x0000000081f00000, 0x0000000082000000, 0x0000000082000000|100%| O|  |TAMS 0x0000000082000000, 0x0000000081f00000| Untracked 
|  32|0x0000000082000000, 0x0000000082100000, 0x0000000082100000|100%| O|  |TAMS 0x0000000082100000, 0x0000000082000000| Untracked 
|  33|0x0000000082100000, 0x0000000082200000, 0x0000000082200000|100%|HS|  |TAMS 0x0000000082200000, 0x0000000082100000| Complete 
|  34|0x0000000082200000, 0x0000000082300000, 0x0000000082300000|100%|HC|  |TAMS 0x0000000082300000, 0x0000000082200000| Complete 
|  35|0x0000000082300000, 0x0000000082400000, 0x0000000082400000|100%|HS|  |TAMS 0x0000000082400000, 0x0000000082300000| Complete 
|  36|0x0000000082400000, 0x0000000082500000, 0x0000000082500000|100%|HS|  |TAMS 0x0000000082500000, 0x0000000082400000| Complete 
|  37|0x0000000082500000, 0x0000000082600000, 0x0000000082600000|100%|HS|  |TAMS 0x0000000082600000, 0x0000000082500000| Complete 
|  38|0x0000000082600000, 0x0000000082700000, 0x0000000082700000|100%|HC|  |TAMS 0x0000000082700000, 0x0000000082600000| Complete 
|  39|0x0000000082700000, 0x0000000082800000, 0x0000000082800000|100%|HC|  |TAMS 0x0000000082800000, 0x0000000082700000| Complete 
|  40|0x0000000082800000, 0x0000000082900000, 0x0000000082900000|100%|HC|  |TAMS 0x0000000082900000, 0x0000000082800000| Complete 
|  41|0x0000000082900000, 0x0000000082a00000, 0x0000000082a00000|100%| O|  |TAMS 0x0000000082a00000, 0x0000000082900000| Untracked 
|  42|0x0000000082a00000, 0x0000000082b00000, 0x0000000082b00000|100%| O|  |TAMS 0x0000000082b00000, 0x0000000082a00000| Untracked 
|  43|0x0000000082b00000, 0x0000000082c00000, 0x0000000082c00000|100%| O|  |TAMS 0x0000000082c00000, 0x0000000082b00000| Untracked 
|  44|0x0000000082c00000, 0x0000000082d00000, 0x0000000082d00000|100%| O|  |TAMS 0x0000000082d00000, 0x0000000082c00000| Untracked 
|  45|0x0000000082d00000, 0x0000000082e00000, 0x0000000082e00000|100%| O|  |TAMS 0x0000000082e00000, 0x0000000082d00000| Untracked 
|  46|0x0000000082e00000, 0x0000000082f00000, 0x0000000082f00000|100%| O|  |TAMS 0x0000000082f00000, 0x0000000082e00000| Untracked 
|  47|0x0000000082f00000, 0x0000000083000000, 0x0000000083000000|100%| O|  |TAMS 0x0000000083000000, 0x0000000082f00000| Untracked 
|  48|0x0000000083000000, 0x0000000083100000, 0x0000000083100000|100%| O|  |TAMS 0x0000000083100000, 0x0000000083000000| Untracked 
|  49|0x0000000083100000, 0x0000000083200000, 0x0000000083200000|100%| O|  |TAMS 0x0000000083200000, 0x0000000083100000| Untracked 
|  50|0x0000000083200000, 0x0000000083300000, 0x0000000083300000|100%| O|  |TAMS 0x0000000083300000, 0x0000000083200000| Untracked 
|  51|0x0000000083300000, 0x0000000083400000, 0x0000000083400000|100%| O|  |TAMS 0x0000000083400000, 0x0000000083300000| Untracked 
|  52|0x0000000083400000, 0x0000000083500000, 0x0000000083500000|100%| O|  |TAMS 0x0000000083500000, 0x0000000083400000| Untracked 
|  53|0x0000000083500000, 0x0000000083600000, 0x0000000083600000|100%| O|  |TAMS 0x0000000083600000, 0x0000000083500000| Untracked 
|  54|0x0000000083600000, 0x0000000083700000, 0x0000000083700000|100%| O|  |TAMS 0x0000000083700000, 0x0000000083600000| Untracked 
|  55|0x0000000083700000, 0x0000000083800000, 0x0000000083800000|100%| O|  |TAMS 0x0000000083800000, 0x0000000083700000| Untracked 
|  56|0x0000000083800000, 0x0000000083900000, 0x0000000083900000|100%| O|  |TAMS 0x0000000083900000, 0x0000000083800000| Untracked 
|  57|0x0000000083900000, 0x0000000083a00000, 0x0000000083a00000|100%| O|  |TAMS 0x0000000083a00000, 0x0000000083900000| Untracked 
|  58|0x0000000083a00000, 0x0000000083b00000, 0x0000000083b00000|100%| O|  |TAMS 0x0000000083b00000, 0x0000000083a00000| Untracked 
|  59|0x0000000083b00000, 0x0000000083c00000, 0x0000000083c00000|100%| O|  |TAMS 0x0000000083c00000, 0x0000000083b00000| Untracked 
|  60|0x0000000083c00000, 0x0000000083d00000, 0x0000000083d00000|100%| O|  |TAMS 0x0000000083d00000, 0x0000000083c00000| Untracked 
|  61|0x0000000083d00000, 0x0000000083e00000, 0x0000000083e00000|100%| O|  |TAMS 0x0000000083e00000, 0x0000000083d00000| Untracked 
|  62|0x0000000083e00000, 0x0000000083f00000, 0x0000000083f00000|100%| O|  |TAMS 0x0000000083f00000, 0x0000000083e00000| Untracked 
|  63|0x0000000083f00000, 0x0000000084000000, 0x0000000084000000|100%| O|  |TAMS 0x0000000084000000, 0x0000000083f00000| Untracked 
|  64|0x0000000084000000, 0x0000000084100000, 0x0000000084100000|100%| O|  |TAMS 0x0000000084100000, 0x0000000084000000| Untracked 
|  65|0x0000000084100000, 0x0000000084200000, 0x0000000084200000|100%| O|  |TAMS 0x0000000084100000, 0x0000000084100000| Untracked 
|  66|0x0000000084200000, 0x0000000084300000, 0x0000000084300000|100%| O|  |TAMS 0x0000000084300000, 0x0000000084200000| Untracked 
|  67|0x0000000084300000, 0x0000000084400000, 0x0000000084400000|100%| O|  |TAMS 0x0000000084400000, 0x0000000084300000| Untracked 
|  68|0x0000000084400000, 0x0000000084500000, 0x0000000084500000|100%| O|  |TAMS 0x0000000084500000, 0x0000000084400000| Untracked 
|  69|0x0000000084500000, 0x0000000084600000, 0x0000000084600000|100%| O|  |TAMS 0x000000008453b000, 0x0000000084500000| Untracked 
|  70|0x0000000084600000, 0x0000000084700000, 0x0000000084700000|100%| O|  |TAMS 0x0000000084600000, 0x0000000084600000| Untracked 
|  71|0x0000000084700000, 0x0000000084800000, 0x0000000084800000|100%| O|  |TAMS 0x0000000084700000, 0x0000000084700000| Untracked 
|  72|0x0000000084800000, 0x0000000084900000, 0x0000000084900000|100%| O|  |TAMS 0x0000000084800000, 0x0000000084800000| Untracked 
|  73|0x0000000084900000, 0x0000000084a00000, 0x0000000084a00000|100%| O|  |TAMS 0x0000000084900000, 0x0000000084900000| Untracked 
|  74|0x0000000084a00000, 0x0000000084b00000, 0x0000000084b00000|100%| O|  |TAMS 0x0000000084a00000, 0x0000000084a00000| Untracked 
|  75|0x0000000084b00000, 0x0000000084c00000, 0x0000000084c00000|100%| O|  |TAMS 0x0000000084b00000, 0x0000000084b00000| Untracked 
|  76|0x0000000084c00000, 0x0000000084d00000, 0x0000000084d00000|100%| O|  |TAMS 0x0000000084c00000, 0x0000000084c00000| Untracked 
|  77|0x0000000084d00000, 0x0000000084e00000, 0x0000000084e00000|100%| O|  |TAMS 0x0000000084d00000, 0x0000000084d00000| Untracked 
|  78|0x0000000084e00000, 0x0000000084f00000, 0x0000000084f00000|100%| O|  |TAMS 0x0000000084e00000, 0x0000000084e00000| Untracked 
|  79|0x0000000084f00000, 0x0000000085000000, 0x0000000085000000|100%| O|  |TAMS 0x0000000084f00000, 0x0000000084f00000| Untracked 
|  80|0x0000000085000000, 0x0000000085100000, 0x0000000085100000|100%| O|  |TAMS 0x0000000085000000, 0x0000000085000000| Untracked 
|  81|0x0000000085100000, 0x0000000085200000, 0x0000000085200000|100%| O|  |TAMS 0x0000000085100000, 0x0000000085100000| Untracked 
|  82|0x0000000085200000, 0x0000000085300000, 0x0000000085300000|100%| O|  |TAMS 0x0000000085200000, 0x0000000085200000| Untracked 
|  83|0x0000000085300000, 0x0000000085400000, 0x0000000085400000|100%| O|  |TAMS 0x0000000085300000, 0x0000000085300000| Untracked 
|  84|0x0000000085400000, 0x0000000085500000, 0x0000000085500000|100%| O|  |TAMS 0x0000000085400000, 0x0000000085400000| Untracked 
|  85|0x0000000085500000, 0x0000000085600000, 0x0000000085600000|100%| O|  |TAMS 0x0000000085500000, 0x0000000085500000| Untracked 
|  86|0x0000000085600000, 0x0000000085700000, 0x0000000085700000|100%| O|  |TAMS 0x0000000085600000, 0x0000000085600000| Untracked 
|  87|0x0000000085700000, 0x0000000085800000, 0x0000000085800000|100%| O|  |TAMS 0x0000000085700000, 0x0000000085700000| Untracked 
|  88|0x0000000085800000, 0x0000000085900000, 0x0000000085900000|100%| O|  |TAMS 0x0000000085800000, 0x0000000085800000| Untracked 
|  89|0x0000000085900000, 0x0000000085a00000, 0x0000000085a00000|100%| O|  |TAMS 0x0000000085900000, 0x0000000085900000| Untracked 
|  90|0x0000000085a00000, 0x0000000085b00000, 0x0000000085b00000|100%| O|  |TAMS 0x0000000085a00000, 0x0000000085a00000| Untracked 
|  91|0x0000000085b00000, 0x0000000085c00000, 0x0000000085c00000|100%| O|  |TAMS 0x0000000085b00000, 0x0000000085b00000| Untracked 
|  92|0x0000000085c00000, 0x0000000085d00000, 0x0000000085d00000|100%| O|  |TAMS 0x0000000085c00000, 0x0000000085c00000| Untracked 
|  93|0x0000000085d00000, 0x0000000085e00000, 0x0000000085e00000|100%| O|  |TAMS 0x0000000085d00000, 0x0000000085d00000| Untracked 
|  94|0x0000000085e00000, 0x0000000085f00000, 0x0000000085f00000|100%| O|  |TAMS 0x0000000085e00000, 0x0000000085e00000| Untracked 
|  95|0x0000000085f00000, 0x0000000086000000, 0x0000000086000000|100%| O|  |TAMS 0x0000000085f00000, 0x0000000085f00000| Untracked 
|  96|0x0000000086000000, 0x0000000086100000, 0x0000000086100000|100%| O|  |TAMS 0x0000000086000000, 0x0000000086000000| Untracked 
|  97|0x0000000086100000, 0x0000000086200000, 0x0000000086200000|100%| O|  |TAMS 0x0000000086100000, 0x0000000086100000| Untracked 
|  98|0x0000000086200000, 0x0000000086300000, 0x0000000086300000|100%| O|  |TAMS 0x0000000086200000, 0x0000000086200000| Untracked 
|  99|0x0000000086300000, 0x0000000086400000, 0x0000000086400000|100%| O|  |TAMS 0x0000000086300000, 0x0000000086300000| Untracked 
| 100|0x0000000086400000, 0x0000000086500000, 0x0000000086500000|100%| O|  |TAMS 0x0000000086400000, 0x0000000086400000| Untracked 
| 101|0x0000000086500000, 0x00000000865fc400, 0x0000000086600000| 98%| O|  |TAMS 0x0000000086500000, 0x0000000086500000| Untracked 
| 102|0x0000000086600000, 0x0000000086600000, 0x0000000086700000|  0%| F|  |TAMS 0x0000000086600000, 0x0000000086600000| Untracked 
| 103|0x0000000086700000, 0x0000000086700000, 0x0000000086800000|  0%| F|  |TAMS 0x0000000086700000, 0x0000000086700000| Untracked 
| 104|0x0000000086800000, 0x0000000086800000, 0x0000000086900000|  0%| F|  |TAMS 0x0000000086800000, 0x0000000086800000| Untracked 
| 105|0x0000000086900000, 0x0000000086900000, 0x0000000086a00000|  0%| F|  |TAMS 0x0000000086900000, 0x0000000086900000| Untracked 
| 106|0x0000000086a00000, 0x0000000086a00000, 0x0000000086b00000|  0%| F|  |TAMS 0x0000000086a00000, 0x0000000086a00000| Untracked 
| 107|0x0000000086b00000, 0x0000000086b00000, 0x0000000086c00000|  0%| F|  |TAMS 0x0000000086b00000, 0x0000000086b00000| Untracked 
| 108|0x0000000086c00000, 0x0000000086c00000, 0x0000000086d00000|  0%| F|  |TAMS 0x0000000086c00000, 0x0000000086c00000| Untracked 
| 109|0x0000000086d00000, 0x0000000086d00000, 0x0000000086e00000|  0%| F|  |TAMS 0x0000000086d00000, 0x0000000086d00000| Untracked 
| 110|0x0000000086e00000, 0x0000000086e00000, 0x0000000086f00000|  0%| F|  |TAMS 0x0000000086e00000, 0x0000000086e00000| Untracked 
| 111|0x0000000086f00000, 0x0000000086f00000, 0x0000000087000000|  0%| F|  |TAMS 0x0000000086f00000, 0x0000000086f00000| Untracked 
| 112|0x0000000087000000, 0x0000000087000000, 0x0000000087100000|  0%| F|  |TAMS 0x0000000087000000, 0x0000000087000000| Untracked 
| 113|0x0000000087100000, 0x0000000087100000, 0x0000000087200000|  0%| F|  |TAMS 0x0000000087100000, 0x0000000087100000| Untracked 
| 114|0x0000000087200000, 0x0000000087200000, 0x0000000087300000|  0%| F|  |TAMS 0x0000000087200000, 0x0000000087200000| Untracked 
| 115|0x0000000087300000, 0x0000000087300000, 0x0000000087400000|  0%| F|  |TAMS 0x0000000087300000, 0x0000000087300000| Untracked 
| 116|0x0000000087400000, 0x0000000087400000, 0x0000000087500000|  0%| F|  |TAMS 0x0000000087400000, 0x0000000087400000| Untracked 
| 117|0x0000000087500000, 0x0000000087500000, 0x0000000087600000|  0%| F|  |TAMS 0x0000000087500000, 0x0000000087500000| Untracked 
| 118|0x0000000087600000, 0x0000000087600000, 0x0000000087700000|  0%| F|  |TAMS 0x0000000087600000, 0x0000000087600000| Untracked 
| 119|0x0000000087700000, 0x0000000087700000, 0x0000000087800000|  0%| F|  |TAMS 0x0000000087700000, 0x0000000087700000| Untracked 
| 120|0x0000000087800000, 0x0000000087800000, 0x0000000087900000|  0%| F|  |TAMS 0x0000000087800000, 0x0000000087800000| Untracked 
| 121|0x0000000087900000, 0x0000000087900000, 0x0000000087a00000|  0%| F|  |TAMS 0x0000000087900000, 0x0000000087900000| Untracked 
| 122|0x0000000087a00000, 0x0000000087a00000, 0x0000000087b00000|  0%| F|  |TAMS 0x0000000087a00000, 0x0000000087a00000| Untracked 
| 123|0x0000000087b00000, 0x0000000087b00000, 0x0000000087c00000|  0%| F|  |TAMS 0x0000000087b00000, 0x0000000087b00000| Untracked 
| 124|0x0000000087c00000, 0x0000000087c00000, 0x0000000087d00000|  0%| F|  |TAMS 0x0000000087c00000, 0x0000000087c00000| Untracked 
| 125|0x0000000087d00000, 0x0000000087d00000, 0x0000000087e00000|  0%| F|  |TAMS 0x0000000087d00000, 0x0000000087d00000| Untracked 
| 126|0x0000000087e00000, 0x0000000087e00000, 0x0000000087f00000|  0%| F|  |TAMS 0x0000000087e00000, 0x0000000087e00000| Untracked 
| 127|0x0000000087f00000, 0x0000000087f00000, 0x0000000088000000|  0%| F|  |TAMS 0x0000000087f00000, 0x0000000087f00000| Untracked 
| 128|0x0000000088000000, 0x0000000088000000, 0x0000000088100000|  0%| F|  |TAMS 0x0000000088000000, 0x0000000088000000| Untracked 
| 129|0x0000000088100000, 0x0000000088100000, 0x0000000088200000|  0%| F|  |TAMS 0x0000000088100000, 0x0000000088100000| Untracked 
| 130|0x0000000088200000, 0x0000000088200000, 0x0000000088300000|  0%| F|  |TAMS 0x0000000088200000, 0x0000000088200000| Untracked 
| 131|0x0000000088300000, 0x0000000088300000, 0x0000000088400000|  0%| F|  |TAMS 0x0000000088300000, 0x0000000088300000| Untracked 
| 132|0x0000000088400000, 0x0000000088400000, 0x0000000088500000|  0%| F|  |TAMS 0x0000000088400000, 0x0000000088400000| Untracked 
| 133|0x0000000088500000, 0x0000000088500000, 0x0000000088600000|  0%| F|  |TAMS 0x0000000088500000, 0x0000000088500000| Untracked 
| 134|0x0000000088600000, 0x0000000088600000, 0x0000000088700000|  0%| F|  |TAMS 0x0000000088600000, 0x0000000088600000| Untracked 
| 135|0x0000000088700000, 0x0000000088700000, 0x0000000088800000|  0%| F|  |TAMS 0x0000000088700000, 0x0000000088700000| Untracked 
| 136|0x0000000088800000, 0x0000000088800000, 0x0000000088900000|  0%| F|  |TAMS 0x0000000088800000, 0x0000000088800000| Untracked 
| 137|0x0000000088900000, 0x0000000088900000, 0x0000000088a00000|  0%| F|  |TAMS 0x0000000088900000, 0x0000000088900000| Untracked 
| 138|0x0000000088a00000, 0x0000000088a00000, 0x0000000088b00000|  0%| F|  |TAMS 0x0000000088a00000, 0x0000000088a00000| Untracked 
| 139|0x0000000088b00000, 0x0000000088b00000, 0x0000000088c00000|  0%| F|  |TAMS 0x0000000088b00000, 0x0000000088b00000| Untracked 
| 140|0x0000000088c00000, 0x0000000088c00000, 0x0000000088d00000|  0%| F|  |TAMS 0x0000000088c00000, 0x0000000088c00000| Untracked 
| 141|0x0000000088d00000, 0x0000000088d00000, 0x0000000088e00000|  0%| F|  |TAMS 0x0000000088d00000, 0x0000000088d00000| Untracked 
| 142|0x0000000088e00000, 0x0000000088e00000, 0x0000000088f00000|  0%| F|  |TAMS 0x0000000088e00000, 0x0000000088e00000| Untracked 
| 143|0x0000000088f00000, 0x0000000088f00000, 0x0000000089000000|  0%| F|  |TAMS 0x0000000088f00000, 0x0000000088f00000| Untracked 
| 144|0x0000000089000000, 0x0000000089000000, 0x0000000089100000|  0%| F|  |TAMS 0x0000000089000000, 0x0000000089000000| Untracked 
| 145|0x0000000089100000, 0x0000000089100000, 0x0000000089200000|  0%| F|  |TAMS 0x0000000089100000, 0x0000000089100000| Untracked 
| 146|0x0000000089200000, 0x0000000089200000, 0x0000000089300000|  0%| F|  |TAMS 0x0000000089200000, 0x0000000089200000| Untracked 
| 147|0x0000000089300000, 0x0000000089300000, 0x0000000089400000|  0%| F|  |TAMS 0x0000000089300000, 0x0000000089300000| Untracked 
| 148|0x0000000089400000, 0x0000000089400000, 0x0000000089500000|  0%| F|  |TAMS 0x0000000089400000, 0x0000000089400000| Untracked 
| 149|0x0000000089500000, 0x0000000089500000, 0x0000000089600000|  0%| F|  |TAMS 0x0000000089500000, 0x0000000089500000| Untracked 
| 150|0x0000000089600000, 0x0000000089600000, 0x0000000089700000|  0%| F|  |TAMS 0x0000000089600000, 0x0000000089600000| Untracked 
| 151|0x0000000089700000, 0x0000000089700000, 0x0000000089800000|  0%| F|  |TAMS 0x0000000089700000, 0x0000000089700000| Untracked 
| 152|0x0000000089800000, 0x0000000089800000, 0x0000000089900000|  0%| F|  |TAMS 0x0000000089800000, 0x0000000089800000| Untracked 
| 153|0x0000000089900000, 0x0000000089900000, 0x0000000089a00000|  0%| F|  |TAMS 0x0000000089900000, 0x0000000089900000| Untracked 
| 154|0x0000000089a00000, 0x0000000089a00000, 0x0000000089b00000|  0%| F|  |TAMS 0x0000000089a00000, 0x0000000089a00000| Untracked 
| 155|0x0000000089b00000, 0x0000000089b00000, 0x0000000089c00000|  0%| F|  |TAMS 0x0000000089b00000, 0x0000000089b00000| Untracked 
| 156|0x0000000089c00000, 0x0000000089c00000, 0x0000000089d00000|  0%| F|  |TAMS 0x0000000089c00000, 0x0000000089c00000| Untracked 
| 157|0x0000000089d00000, 0x0000000089d00000, 0x0000000089e00000|  0%| F|  |TAMS 0x0000000089d00000, 0x0000000089d00000| Untracked 
| 158|0x0000000089e00000, 0x0000000089eb0ad8, 0x0000000089f00000| 69%| S|CS|TAMS 0x0000000089e00000, 0x0000000089e00000| Complete 
| 159|0x0000000089f00000, 0x000000008a000000, 0x000000008a000000|100%| S|CS|TAMS 0x0000000089f00000, 0x0000000089f00000| Complete 
| 160|0x000000008a000000, 0x000000008a100000, 0x000000008a100000|100%| S|CS|TAMS 0x000000008a000000, 0x000000008a000000| Complete 
| 161|0x000000008a100000, 0x000000008a200000, 0x000000008a200000|100%| S|CS|TAMS 0x000000008a100000, 0x000000008a100000| Complete 
| 162|0x000000008a200000, 0x000000008a300000, 0x000000008a300000|100%| S|CS|TAMS 0x000000008a200000, 0x000000008a200000| Complete 
| 163|0x000000008a300000, 0x000000008a400000, 0x000000008a400000|100%| S|CS|TAMS 0x000000008a300000, 0x000000008a300000| Complete 
| 164|0x000000008a400000, 0x000000008a500000, 0x000000008a500000|100%| S|CS|TAMS 0x000000008a400000, 0x000000008a400000| Complete 
| 165|0x000000008a500000, 0x000000008a600000, 0x000000008a600000|100%| S|CS|TAMS 0x000000008a500000, 0x000000008a500000| Complete 
| 166|0x000000008a600000, 0x000000008a600000, 0x000000008a700000|  0%| F|  |TAMS 0x000000008a600000, 0x000000008a600000| Untracked 
| 167|0x000000008a700000, 0x000000008a700000, 0x000000008a800000|  0%| F|  |TAMS 0x000000008a700000, 0x000000008a700000| Untracked 
| 168|0x000000008a800000, 0x000000008a800000, 0x000000008a900000|  0%| F|  |TAMS 0x000000008a800000, 0x000000008a800000| Untracked 
| 169|0x000000008a900000, 0x000000008a900000, 0x000000008aa00000|  0%| F|  |TAMS 0x000000008a900000, 0x000000008a900000| Untracked 
| 170|0x000000008aa00000, 0x000000008aa00000, 0x000000008ab00000|  0%| F|  |TAMS 0x000000008aa00000, 0x000000008aa00000| Untracked 
| 171|0x000000008ab00000, 0x000000008ab00000, 0x000000008ac00000|  0%| F|  |TAMS 0x000000008ab00000, 0x000000008ab00000| Untracked 
| 172|0x000000008ac00000, 0x000000008ac00000, 0x000000008ad00000|  0%| F|  |TAMS 0x000000008ac00000, 0x000000008ac00000| Untracked 
| 173|0x000000008ad00000, 0x000000008ad00000, 0x000000008ae00000|  0%| F|  |TAMS 0x000000008ad00000, 0x000000008ad00000| Untracked 
| 174|0x000000008ae00000, 0x000000008ae00000, 0x000000008af00000|  0%| F|  |TAMS 0x000000008ae00000, 0x000000008ae00000| Untracked 
| 175|0x000000008af00000, 0x000000008af00000, 0x000000008b000000|  0%| F|  |TAMS 0x000000008af00000, 0x000000008af00000| Untracked 
| 176|0x000000008b000000, 0x000000008b000000, 0x000000008b100000|  0%| F|  |TAMS 0x000000008b000000, 0x000000008b000000| Untracked 
| 177|0x000000008b100000, 0x000000008b100000, 0x000000008b200000|  0%| F|  |TAMS 0x000000008b100000, 0x000000008b100000| Untracked 
| 178|0x000000008b200000, 0x000000008b200000, 0x000000008b300000|  0%| F|  |TAMS 0x000000008b200000, 0x000000008b200000| Untracked 
| 179|0x000000008b300000, 0x000000008b300000, 0x000000008b400000|  0%| F|  |TAMS 0x000000008b300000, 0x000000008b300000| Untracked 
| 180|0x000000008b400000, 0x000000008b400000, 0x000000008b500000|  0%| F|  |TAMS 0x000000008b400000, 0x000000008b400000| Untracked 
| 181|0x000000008b500000, 0x000000008b500000, 0x000000008b600000|  0%| F|  |TAMS 0x000000008b500000, 0x000000008b500000| Untracked 
| 182|0x000000008b600000, 0x000000008b600000, 0x000000008b700000|  0%| F|  |TAMS 0x000000008b600000, 0x000000008b600000| Untracked 
| 183|0x000000008b700000, 0x000000008b700000, 0x000000008b800000|  0%| F|  |TAMS 0x000000008b700000, 0x000000008b700000| Untracked 
| 184|0x000000008b800000, 0x000000008b800000, 0x000000008b900000|  0%| F|  |TAMS 0x000000008b800000, 0x000000008b800000| Untracked 
| 185|0x000000008b900000, 0x000000008b900000, 0x000000008ba00000|  0%| F|  |TAMS 0x000000008b900000, 0x000000008b900000| Untracked 
| 186|0x000000008ba00000, 0x000000008ba00000, 0x000000008bb00000|  0%| F|  |TAMS 0x000000008ba00000, 0x000000008ba00000| Untracked 
| 187|0x000000008bb00000, 0x000000008bb00000, 0x000000008bc00000|  0%| F|  |TAMS 0x000000008bb00000, 0x000000008bb00000| Untracked 
| 188|0x000000008bc00000, 0x000000008bc00000, 0x000000008bd00000|  0%| F|  |TAMS 0x000000008bc00000, 0x000000008bc00000| Untracked 
| 189|0x000000008bd00000, 0x000000008bd00000, 0x000000008be00000|  0%| F|  |TAMS 0x000000008bd00000, 0x000000008bd00000| Untracked 
| 190|0x000000008be00000, 0x000000008be00000, 0x000000008bf00000|  0%| F|  |TAMS 0x000000008be00000, 0x000000008be00000| Untracked 
| 191|0x000000008bf00000, 0x000000008bf00000, 0x000000008c000000|  0%| F|  |TAMS 0x000000008bf00000, 0x000000008bf00000| Untracked 
| 192|0x000000008c000000, 0x000000008c019828, 0x000000008c100000|  9%| E|  |TAMS 0x000000008c000000, 0x000000008c000000| Complete 
| 193|0x000000008c100000, 0x000000008c200000, 0x000000008c200000|100%| E|  |TAMS 0x000000008c100000, 0x000000008c100000| Complete 
| 194|0x000000008c200000, 0x000000008c300000, 0x000000008c300000|100%| E|CS|TAMS 0x000000008c200000, 0x000000008c200000| Complete 
| 195|0x000000008c300000, 0x000000008c400000, 0x000000008c400000|100%| E|CS|TAMS 0x000000008c300000, 0x000000008c300000| Complete 
| 196|0x000000008c400000, 0x000000008c500000, 0x000000008c500000|100%| E|CS|TAMS 0x000000008c400000, 0x000000008c400000| Complete 
| 197|0x000000008c500000, 0x000000008c600000, 0x000000008c600000|100%| E|CS|TAMS 0x000000008c500000, 0x000000008c500000| Complete 
| 198|0x000000008c600000, 0x000000008c700000, 0x000000008c700000|100%| E|CS|TAMS 0x000000008c600000, 0x000000008c600000| Complete 
| 199|0x000000008c700000, 0x000000008c800000, 0x000000008c800000|100%| E|CS|TAMS 0x000000008c700000, 0x000000008c700000| Complete 
| 200|0x000000008c800000, 0x000000008c900000, 0x000000008c900000|100%| E|CS|TAMS 0x000000008c800000, 0x000000008c800000| Complete 
| 201|0x000000008c900000, 0x000000008ca00000, 0x000000008ca00000|100%| E|CS|TAMS 0x000000008c900000, 0x000000008c900000| Complete 
| 202|0x000000008ca00000, 0x000000008cb00000, 0x000000008cb00000|100%| E|CS|TAMS 0x000000008ca00000, 0x000000008ca00000| Complete 
| 203|0x000000008cb00000, 0x000000008cc00000, 0x000000008cc00000|100%| E|CS|TAMS 0x000000008cb00000, 0x000000008cb00000| Complete 
| 204|0x000000008cc00000, 0x000000008cd00000, 0x000000008cd00000|100%| E|CS|TAMS 0x000000008cc00000, 0x000000008cc00000| Complete 
| 205|0x000000008cd00000, 0x000000008ce00000, 0x000000008ce00000|100%| E|CS|TAMS 0x000000008cd00000, 0x000000008cd00000| Complete 
| 206|0x000000008ce00000, 0x000000008cf00000, 0x000000008cf00000|100%| E|CS|TAMS 0x000000008ce00000, 0x000000008ce00000| Complete 
| 207|0x000000008cf00000, 0x000000008d000000, 0x000000008d000000|100%| E|CS|TAMS 0x000000008cf00000, 0x000000008cf00000| Complete 
| 208|0x000000008d000000, 0x000000008d100000, 0x000000008d100000|100%| E|CS|TAMS 0x000000008d000000, 0x000000008d000000| Complete 
| 209|0x000000008d100000, 0x000000008d200000, 0x000000008d200000|100%| E|CS|TAMS 0x000000008d100000, 0x000000008d100000| Complete 
| 210|0x000000008d200000, 0x000000008d300000, 0x000000008d300000|100%| E|CS|TAMS 0x000000008d200000, 0x000000008d200000| Complete 
| 211|0x000000008d300000, 0x000000008d400000, 0x000000008d400000|100%| E|CS|TAMS 0x000000008d300000, 0x000000008d300000| Complete 
| 212|0x000000008d400000, 0x000000008d500000, 0x000000008d500000|100%| E|CS|TAMS 0x000000008d400000, 0x000000008d400000| Complete 
| 213|0x000000008d500000, 0x000000008d600000, 0x000000008d600000|100%| E|CS|TAMS 0x000000008d500000, 0x000000008d500000| Complete 
| 214|0x000000008d600000, 0x000000008d700000, 0x000000008d700000|100%| E|CS|TAMS 0x000000008d600000, 0x000000008d600000| Complete 
| 215|0x000000008d700000, 0x000000008d800000, 0x000000008d800000|100%| E|CS|TAMS 0x000000008d700000, 0x000000008d700000| Complete 
| 216|0x000000008d800000, 0x000000008d900000, 0x000000008d900000|100%| E|CS|TAMS 0x000000008d800000, 0x000000008d800000| Complete 
| 217|0x000000008d900000, 0x000000008da00000, 0x000000008da00000|100%| E|CS|TAMS 0x000000008d900000, 0x000000008d900000| Complete 
| 218|0x000000008da00000, 0x000000008db00000, 0x000000008db00000|100%| E|CS|TAMS 0x000000008da00000, 0x000000008da00000| Complete 
| 219|0x000000008db00000, 0x000000008dc00000, 0x000000008dc00000|100%| E|CS|TAMS 0x000000008db00000, 0x000000008db00000| Complete 
| 220|0x000000008dc00000, 0x000000008dd00000, 0x000000008dd00000|100%| E|CS|TAMS 0x000000008dc00000, 0x000000008dc00000| Complete 
| 221|0x000000008dd00000, 0x000000008de00000, 0x000000008de00000|100%| E|CS|TAMS 0x000000008dd00000, 0x000000008dd00000| Complete 
| 222|0x000000008de00000, 0x000000008df00000, 0x000000008df00000|100%| E|CS|TAMS 0x000000008de00000, 0x000000008de00000| Complete 
| 223|0x000000008df00000, 0x000000008e000000, 0x000000008e000000|100%| E|CS|TAMS 0x000000008df00000, 0x000000008df00000| Complete 
| 224|0x000000008e000000, 0x000000008e100000, 0x000000008e100000|100%| E|CS|TAMS 0x000000008e000000, 0x000000008e000000| Complete 
| 225|0x000000008e100000, 0x000000008e200000, 0x000000008e200000|100%| E|CS|TAMS 0x000000008e100000, 0x000000008e100000| Complete 
| 226|0x000000008e200000, 0x000000008e300000, 0x000000008e300000|100%| E|CS|TAMS 0x000000008e200000, 0x000000008e200000| Complete 
| 227|0x000000008e300000, 0x000000008e400000, 0x000000008e400000|100%| E|CS|TAMS 0x000000008e300000, 0x000000008e300000| Complete 
| 228|0x000000008e400000, 0x000000008e500000, 0x000000008e500000|100%| E|CS|TAMS 0x000000008e400000, 0x000000008e400000| Complete 
| 229|0x000000008e500000, 0x000000008e600000, 0x000000008e600000|100%| E|CS|TAMS 0x000000008e500000, 0x000000008e500000| Complete 
| 230|0x000000008e600000, 0x000000008e700000, 0x000000008e700000|100%| E|CS|TAMS 0x000000008e600000, 0x000000008e600000| Complete 
| 231|0x000000008e700000, 0x000000008e800000, 0x000000008e800000|100%| E|CS|TAMS 0x000000008e700000, 0x000000008e700000| Complete 
| 232|0x000000008e800000, 0x000000008e900000, 0x000000008e900000|100%| E|CS|TAMS 0x000000008e800000, 0x000000008e800000| Complete 
| 233|0x000000008e900000, 0x000000008ea00000, 0x000000008ea00000|100%| E|CS|TAMS 0x000000008e900000, 0x000000008e900000| Complete 
| 234|0x000000008ea00000, 0x000000008eb00000, 0x000000008eb00000|100%| E|CS|TAMS 0x000000008ea00000, 0x000000008ea00000| Complete 
| 235|0x000000008eb00000, 0x000000008ec00000, 0x000000008ec00000|100%| E|CS|TAMS 0x000000008eb00000, 0x000000008eb00000| Complete 
| 236|0x000000008ec00000, 0x000000008ed00000, 0x000000008ed00000|100%| E|CS|TAMS 0x000000008ec00000, 0x000000008ec00000| Complete 
| 237|0x000000008ed00000, 0x000000008ee00000, 0x000000008ee00000|100%| E|CS|TAMS 0x000000008ed00000, 0x000000008ed00000| Complete 
| 238|0x000000008ee00000, 0x000000008ef00000, 0x000000008ef00000|100%| E|CS|TAMS 0x000000008ee00000, 0x000000008ee00000| Complete 
| 239|0x000000008ef00000, 0x000000008f000000, 0x000000008f000000|100%| E|CS|TAMS 0x000000008ef00000, 0x000000008ef00000| Complete 
| 240|0x000000008f000000, 0x000000008f100000, 0x000000008f100000|100%| E|CS|TAMS 0x000000008f000000, 0x000000008f000000| Complete 
| 241|0x000000008f100000, 0x000000008f200000, 0x000000008f200000|100%| E|CS|TAMS 0x000000008f100000, 0x000000008f100000| Complete 
| 242|0x000000008f200000, 0x000000008f300000, 0x000000008f300000|100%| E|CS|TAMS 0x000000008f200000, 0x000000008f200000| Complete 
| 243|0x000000008f300000, 0x000000008f400000, 0x000000008f400000|100%| E|CS|TAMS 0x000000008f300000, 0x000000008f300000| Complete 
| 244|0x000000008f400000, 0x000000008f500000, 0x000000008f500000|100%| E|CS|TAMS 0x000000008f400000, 0x000000008f400000| Complete 
| 245|0x000000008f500000, 0x000000008f600000, 0x000000008f600000|100%| E|CS|TAMS 0x000000008f500000, 0x000000008f500000| Complete 
| 246|0x000000008f600000, 0x000000008f700000, 0x000000008f700000|100%| E|CS|TAMS 0x000000008f600000, 0x000000008f600000| Complete 
| 247|0x000000008f700000, 0x000000008f800000, 0x000000008f800000|100%| E|CS|TAMS 0x000000008f700000, 0x000000008f700000| Complete 
| 248|0x000000008f800000, 0x000000008f900000, 0x000000008f900000|100%| E|CS|TAMS 0x000000008f800000, 0x000000008f800000| Complete 
| 249|0x000000008f900000, 0x000000008fa00000, 0x000000008fa00000|100%| E|CS|TAMS 0x000000008f900000, 0x000000008f900000| Complete 
| 250|0x000000008fa00000, 0x000000008fb00000, 0x000000008fb00000|100%| E|CS|TAMS 0x000000008fa00000, 0x000000008fa00000| Complete 
| 251|0x000000008fb00000, 0x000000008fc00000, 0x000000008fc00000|100%| E|CS|TAMS 0x000000008fb00000, 0x000000008fb00000| Complete 
| 252|0x000000008fc00000, 0x000000008fd00000, 0x000000008fd00000|100%| E|CS|TAMS 0x000000008fc00000, 0x000000008fc00000| Complete 
| 253|0x000000008fd00000, 0x000000008fe00000, 0x000000008fe00000|100%| E|CS|TAMS 0x000000008fd00000, 0x000000008fd00000| Complete 
| 254|0x000000008fe00000, 0x000000008ff00000, 0x000000008ff00000|100%| E|CS|TAMS 0x000000008fe00000, 0x000000008fe00000| Complete 
| 255|0x000000008ff00000, 0x0000000090000000, 0x0000000090000000|100%| E|CS|TAMS 0x000000008ff00000, 0x000000008ff00000| Complete 
| 256|0x0000000090000000, 0x0000000090100000, 0x0000000090100000|100%| E|CS|TAMS 0x0000000090000000, 0x0000000090000000| Complete 
| 257|0x0000000090100000, 0x0000000090200000, 0x0000000090200000|100%| E|CS|TAMS 0x0000000090100000, 0x0000000090100000| Complete 
| 258|0x0000000090200000, 0x0000000090300000, 0x0000000090300000|100%| E|CS|TAMS 0x0000000090200000, 0x0000000090200000| Complete 
| 259|0x0000000090300000, 0x0000000090400000, 0x0000000090400000|100%| E|CS|TAMS 0x0000000090300000, 0x0000000090300000| Complete 
| 260|0x0000000090400000, 0x0000000090500000, 0x0000000090500000|100%| E|CS|TAMS 0x0000000090400000, 0x0000000090400000| Complete 
| 261|0x0000000090500000, 0x0000000090600000, 0x0000000090600000|100%| E|CS|TAMS 0x0000000090500000, 0x0000000090500000| Complete 
| 262|0x0000000090600000, 0x0000000090700000, 0x0000000090700000|100%| E|CS|TAMS 0x0000000090600000, 0x0000000090600000| Complete 
| 263|0x0000000090700000, 0x0000000090800000, 0x0000000090800000|100%| E|CS|TAMS 0x0000000090700000, 0x0000000090700000| Complete 
| 264|0x0000000090800000, 0x0000000090900000, 0x0000000090900000|100%| E|CS|TAMS 0x0000000090800000, 0x0000000090800000| Complete 
| 265|0x0000000090900000, 0x0000000090a00000, 0x0000000090a00000|100%| E|CS|TAMS 0x0000000090900000, 0x0000000090900000| Complete 
| 266|0x0000000090a00000, 0x0000000090b00000, 0x0000000090b00000|100%| E|CS|TAMS 0x0000000090a00000, 0x0000000090a00000| Complete 
| 267|0x0000000090b00000, 0x0000000090c00000, 0x0000000090c00000|100%| E|CS|TAMS 0x0000000090b00000, 0x0000000090b00000| Complete 
| 268|0x0000000090c00000, 0x0000000090d00000, 0x0000000090d00000|100%| E|CS|TAMS 0x0000000090c00000, 0x0000000090c00000| Complete 
| 269|0x0000000090d00000, 0x0000000090e00000, 0x0000000090e00000|100%| E|CS|TAMS 0x0000000090d00000, 0x0000000090d00000| Complete 
| 270|0x0000000090e00000, 0x0000000090f00000, 0x0000000090f00000|100%| E|CS|TAMS 0x0000000090e00000, 0x0000000090e00000| Complete 
| 271|0x0000000090f00000, 0x0000000091000000, 0x0000000091000000|100%| E|CS|TAMS 0x0000000090f00000, 0x0000000090f00000| Complete 
| 272|0x0000000091000000, 0x0000000091100000, 0x0000000091100000|100%| E|CS|TAMS 0x0000000091000000, 0x0000000091000000| Complete 
| 273|0x0000000091100000, 0x0000000091200000, 0x0000000091200000|100%| E|CS|TAMS 0x0000000091100000, 0x0000000091100000| Complete 
| 274|0x0000000091200000, 0x0000000091300000, 0x0000000091300000|100%| E|CS|TAMS 0x0000000091200000, 0x0000000091200000| Complete 
| 275|0x0000000091300000, 0x0000000091400000, 0x0000000091400000|100%| E|CS|TAMS 0x0000000091300000, 0x0000000091300000| Complete 
| 276|0x0000000091400000, 0x0000000091500000, 0x0000000091500000|100%| E|CS|TAMS 0x0000000091400000, 0x0000000091400000| Complete 
| 277|0x0000000091500000, 0x0000000091600000, 0x0000000091600000|100%| E|CS|TAMS 0x0000000091500000, 0x0000000091500000| Complete 
| 278|0x0000000091600000, 0x0000000091700000, 0x0000000091700000|100%| E|CS|TAMS 0x0000000091600000, 0x0000000091600000| Complete 
| 279|0x0000000091700000, 0x0000000091800000, 0x0000000091800000|100%| E|CS|TAMS 0x0000000091700000, 0x0000000091700000| Complete 
| 280|0x0000000091800000, 0x0000000091900000, 0x0000000091900000|100%| E|CS|TAMS 0x0000000091800000, 0x0000000091800000| Complete 
| 281|0x0000000091900000, 0x0000000091a00000, 0x0000000091a00000|100%| E|CS|TAMS 0x0000000091900000, 0x0000000091900000| Complete 
| 282|0x0000000091a00000, 0x0000000091b00000, 0x0000000091b00000|100%| E|CS|TAMS 0x0000000091a00000, 0x0000000091a00000| Complete 
| 283|0x0000000091b00000, 0x0000000091c00000, 0x0000000091c00000|100%| E|CS|TAMS 0x0000000091b00000, 0x0000000091b00000| Complete 
| 284|0x0000000091c00000, 0x0000000091d00000, 0x0000000091d00000|100%| E|CS|TAMS 0x0000000091c00000, 0x0000000091c00000| Complete 
| 285|0x0000000091d00000, 0x0000000091e00000, 0x0000000091e00000|100%| E|CS|TAMS 0x0000000091d00000, 0x0000000091d00000| Complete 

Card table byte_map: [0x0000022edc230000,0x0000022edc630000] _byte_map_base: 0x0000022edbe30000

Marking Bits (Prev, Next): (CMBitMap*) 0x0000022ec96959e0, (CMBitMap*) 0x0000022ec96959a0
 Prev Bits: [0x0000022edea30000, 0x0000022ee0a30000)
 Next Bits: [0x0000022edca30000, 0x0000022edea30000)

Polling page: 0x0000022ec8e00000

Metaspace:

Usage:
  Non-class:     85.15 MB used.
      Class:     13.41 MB used.
       Both:     98.56 MB used.

Virtual space:
  Non-class space:       88.00 MB reserved,      85.50 MB ( 97%) committed,  11 nodes.
      Class space:        1.00 GB reserved,      13.75 MB (  1%) committed,  1 nodes.
             Both:        1.09 GB reserved,      99.25 MB (  9%) committed. 

Chunk freelists:
   Non-Class:  1.69 MB
       Class:  2.23 MB
        Both:  3.92 MB

MaxMetaspaceSize: unlimited
CompressedClassSpaceSize: 1.00 GB
Initial GC threshold: 21.00 MB
Current GC threshold: 136.06 MB
CDS: off
MetaspaceReclaimPolicy: balanced
 - commit_granule_bytes: 65536.
 - commit_granule_words: 8192.
 - virtual_space_node_default_size: 1048576.
 - enlarge_chunks_in_place: 1.
 - new_chunks_are_fully_committed: 0.
 - uncommit_free_chunks: 1.
 - use_allocation_guard: 0.
 - handle_deallocations: 1.


Internal statistics:

num_allocs_failed_limit: 6.
num_arena_births: 1012.
num_arena_deaths: 0.
num_vsnodes_births: 12.
num_vsnodes_deaths: 0.
num_space_committed: 1588.
num_space_uncommitted: 0.
num_chunks_returned_to_freelist: 6.
num_chunks_taken_from_freelist: 4849.
num_chunk_merges: 6.
num_chunk_splits: 3163.
num_chunks_enlarged: 2073.
num_purges: 0.
num_inconsistent_stats: 0.

CodeHeap 'non-profiled nmethods': size=120000Kb used=7936Kb max_used=8276Kb free=112063Kb
 bounds [0x0000022ed45d0000, 0x0000022ed4e10000, 0x0000022edbb00000]
CodeHeap 'profiled nmethods': size=120000Kb used=21233Kb max_used=23238Kb free=98766Kb
 bounds [0x0000022eccb00000, 0x0000022ece1c0000, 0x0000022ed4030000]
CodeHeap 'non-nmethods': size=5760Kb used=2422Kb max_used=2476Kb free=3337Kb
 bounds [0x0000022ed4030000, 0x0000022ed42a0000, 0x0000022ed45d0000]
 total_blobs=12333 nmethods=11380 adapters=865
 compilation: enabled
              stopped_count=0, restarted_count=0
 full_count=0

Compilation events (20 events):
Event: 37.657 Thread 0x0000022ee4090870 nmethod 13754 0x0000022eccfa0b10 code [0x0000022eccfa0ca0, 0x0000022eccfa0de8]
Event: 37.657 Thread 0x0000022ee4090870 13755   !   3       java.lang.Thread::blockedOn (27 bytes)
Event: 37.657 Thread 0x0000022ee4090870 nmethod 13755 0x0000022eccd01f90 code [0x0000022eccd02140, 0x0000022eccd02398]
Event: 37.660 Thread 0x0000022ee408c4c0 13756   !   4       java.util.zip.InflaterInputStream::read (138 bytes)
Event: 37.709 Thread 0x0000022ee4090870 13757       1       sun.nio.ch.FileDispatcherImpl::needsPositionLock (2 bytes)
Event: 37.709 Thread 0x0000022ee4090870 nmethod 13757 0x0000022ed4cfcc90 code [0x0000022ed4cfce20, 0x0000022ed4cfcef8]
Event: 37.731 Thread 0x0000022ee408c4c0 nmethod 13756 0x0000022ed4cd4e90 code [0x0000022ed4cd5100, 0x0000022ed4cd7ae0]
Event: 37.748 Thread 0x0000022ee4090870 13758   !   3       jdk.nio.zipfs.ZipFileSystem::getFileAttributes (169 bytes)
Event: 37.751 Thread 0x0000022ee4090870 nmethod 13758 0x0000022ecd480310 code [0x0000022ecd480700, 0x0000022ecd4822e8]
Event: 37.780 Thread 0x0000022ee408c4c0 13759       4       java.nio.file.Files::readAttributes (11 bytes)
Event: 37.781 Thread 0x0000022ee408c4c0 nmethod 13759 0x0000022ed4c19210 code [0x0000022ed4c193a0, 0x0000022ed4c19458]
Event: 37.827 Thread 0x0000022ee408c4c0 13760   !   4       java.nio.file.FileTreeWalker::next (144 bytes)
Event: 37.827 Thread 0x0000022ee4090870 13761       3       jdk.nio.zipfs.ZipDirectoryStream$1::next (5 bytes)
Event: 37.828 Thread 0x0000022ee4090870 nmethod 13761 0x0000022eccbbc010 code [0x0000022eccbbc200, 0x0000022eccbbc738]
Event: 37.828 Thread 0x0000022ee4090870 13762  s    3       jdk.nio.zipfs.ZipDirectoryStream$1::next (34 bytes)
Event: 37.828 Thread 0x0000022ee4090870 nmethod 13762 0x0000022ecd225790 code [0x0000022ecd225960, 0x0000022ecd225df8]
Event: 37.892 Thread 0x0000022ee4090870 13763       3       jdk.nio.zipfs.ZipFileSystemProvider::toZipPath (32 bytes)
Event: 37.892 Thread 0x0000022ee4090870 nmethod 13763 0x0000022ecd464990 code [0x0000022ecd464b60, 0x0000022ecd465018]
Event: 38.081 Thread 0x0000022ee4090870 13764       1       sun.nio.fs.WindowsException::lastError (5 bytes)
Event: 38.082 Thread 0x0000022ee4090870 nmethod 13764 0x0000022ed4c1c110 code [0x0000022ed4c1c2a0, 0x0000022ed4c1c378]

GC Heap History (20 events):
Event: 16.448 GC heap before
{Heap before GC invocations=29 (full 0):
 garbage-first heap   total 146432K, used 104065K [0x0000000080000000, 0x0000000100000000)
  region size 1024K, 46 young (47104K), 6 survivors (6144K)
 Metaspace       used 70742K, committed 71360K, reserved 1114112K
  class space    used 9352K, committed 9600K, reserved 1048576K
}
Event: 16.458 GC heap after
{Heap after GC invocations=30 (full 0):
 garbage-first heap   total 146432K, used 66403K [0x0000000080000000, 0x0000000100000000)
  region size 1024K, 6 young (6144K), 6 survivors (6144K)
 Metaspace       used 70742K, committed 71360K, reserved 1114112K
  class space    used 9352K, committed 9600K, reserved 1048576K
}
Event: 17.123 GC heap before
{Heap before GC invocations=30 (full 0):
 garbage-first heap   total 146432K, used 103267K [0x0000000080000000, 0x0000000100000000)
  region size 1024K, 43 young (44032K), 6 survivors (6144K)
 Metaspace       used 72819K, committed 73408K, reserved 1114112K
  class space    used 9639K, committed 9856K, reserved 1048576K
}
Event: 17.133 GC heap after
{Heap after GC invocations=31 (full 0):
 garbage-first heap   total 146432K, used 70173K [0x0000000080000000, 0x0000000100000000)
  region size 1024K, 4 young (4096K), 4 survivors (4096K)
 Metaspace       used 72819K, committed 73408K, reserved 1114112K
  class space    used 9639K, committed 9856K, reserved 1048576K
}
Event: 18.307 GC heap before
{Heap before GC invocations=32 (full 0):
 garbage-first heap   total 146432K, used 112157K [0x0000000080000000, 0x0000000100000000)
  region size 1024K, 44 young (45056K), 4 survivors (4096K)
 Metaspace       used 77641K, committed 78208K, reserved 1122304K
  class space    used 10500K, committed 10752K, reserved 1048576K
}
Event: 18.314 GC heap after
{Heap after GC invocations=33 (full 0):
 garbage-first heap   total 146432K, used 72277K [0x0000000080000000, 0x0000000100000000)
  region size 1024K, 3 young (3072K), 3 survivors (3072K)
 Metaspace       used 77641K, committed 78208K, reserved 1122304K
  class space    used 10500K, committed 10752K, reserved 1048576K
}
Event: 19.293 GC heap before
{Heap before GC invocations=33 (full 0):
 garbage-first heap   total 146432K, used 113237K [0x0000000080000000, 0x0000000100000000)
  region size 1024K, 43 young (44032K), 3 survivors (3072K)
 Metaspace       used 82850K, committed 83392K, reserved 1122304K
  class space    used 11223K, committed 11456K, reserved 1048576K
}
Event: 19.300 GC heap after
{Heap after GC invocations=34 (full 0):
 garbage-first heap   total 146432K, used 74528K [0x0000000080000000, 0x0000000100000000)
  region size 1024K, 5 young (5120K), 5 survivors (5120K)
 Metaspace       used 82850K, committed 83392K, reserved 1122304K
  class space    used 11223K, committed 11456K, reserved 1048576K
}
Event: 20.338 GC heap before
{Heap before GC invocations=35 (full 0):
 garbage-first heap   total 146432K, used 115488K [0x0000000080000000, 0x0000000100000000)
  region size 1024K, 45 young (46080K), 5 survivors (5120K)
 Metaspace       used 86503K, committed 87040K, reserved 1130496K
  class space    used 11734K, committed 11968K, reserved 1048576K
}
Event: 20.350 GC heap after
{Heap after GC invocations=36 (full 0):
 garbage-first heap   total 146432K, used 78306K [0x0000000080000000, 0x0000000100000000)
  region size 1024K, 6 young (6144K), 6 survivors (6144K)
 Metaspace       used 86503K, committed 87040K, reserved 1130496K
  class space    used 11734K, committed 11968K, reserved 1048576K
}
Event: 20.368 GC heap before
{Heap before GC invocations=36 (full 0):
 garbage-first heap   total 146432K, used 79330K [0x0000000080000000, 0x0000000100000000)
  region size 1024K, 7 young (7168K), 6 survivors (6144K)
 Metaspace       used 86549K, committed 87104K, reserved 1130496K
  class space    used 11740K, committed 11968K, reserved 1048576K
}
Event: 20.379 GC heap after
{Heap after GC invocations=37 (full 0):
 garbage-first heap   total 146432K, used 78585K [0x0000000080000000, 0x0000000100000000)
  region size 1024K, 1 young (1024K), 1 survivors (1024K)
 Metaspace       used 86549K, committed 87104K, reserved 1130496K
  class space    used 11740K, committed 11968K, reserved 1048576K
}
Event: 21.585 GC heap before
{Heap before GC invocations=37 (full 0):
 garbage-first heap   total 146432K, used 117497K [0x0000000080000000, 0x0000000100000000)
  region size 1024K, 39 young (39936K), 1 survivors (1024K)
 Metaspace       used 91418K, committed 91968K, reserved 1130496K
  class space    used 12442K, committed 12672K, reserved 1048576K
}
Event: 21.597 GC heap after
{Heap after GC invocations=38 (full 0):
 garbage-first heap   total 292864K, used 80980K [0x0000000080000000, 0x0000000100000000)
  region size 1024K, 4 young (4096K), 4 survivors (4096K)
 Metaspace       used 91418K, committed 91968K, reserved 1130496K
  class space    used 12442K, committed 12672K, reserved 1048576K
}
Event: 24.678 GC heap before
{Heap before GC invocations=38 (full 0):
 garbage-first heap   total 292864K, used 218196K [0x0000000080000000, 0x0000000100000000)
  region size 1024K, 138 young (141312K), 4 survivors (4096K)
 Metaspace       used 95667K, committed 96384K, reserved 1138688K
  class space    used 13103K, committed 13440K, reserved 1048576K
}
Event: 24.705 GC heap after
{Heap after GC invocations=39 (full 0):
 garbage-first heap   total 292864K, used 96240K [0x0000000080000000, 0x0000000100000000)
  region size 1024K, 18 young (18432K), 18 survivors (18432K)
 Metaspace       used 95667K, committed 96384K, reserved 1138688K
  class space    used 13103K, committed 13440K, reserved 1048576K
}
Event: 27.453 GC heap before
{Heap before GC invocations=39 (full 0):
 garbage-first heap   total 292864K, used 206832K [0x0000000080000000, 0x0000000100000000)
  region size 1024K, 127 young (130048K), 18 survivors (18432K)
 Metaspace       used 96574K, committed 97280K, reserved 1138688K
  class space    used 13160K, committed 13504K, reserved 1048576K
}
Event: 27.480 GC heap after
{Heap after GC invocations=40 (full 0):
 garbage-first heap   total 292864K, used 105261K [0x0000000080000000, 0x0000000100000000)
  region size 1024K, 9 young (9216K), 9 survivors (9216K)
 Metaspace       used 96574K, committed 97280K, reserved 1138688K
  class space    used 13160K, committed 13504K, reserved 1048576K
}
Event: 33.027 GC heap before
{Heap before GC invocations=40 (full 0):
 garbage-first heap   total 292864K, used 217901K [0x0000000080000000, 0x0000000100000000)
  region size 1024K, 120 young (122880K), 9 survivors (9216K)
 Metaspace       used 99625K, committed 100352K, reserved 1138688K
  class space    used 13536K, committed 13888K, reserved 1048576K
}
Event: 33.045 GC heap after
{Heap after GC invocations=41 (full 0):
 garbage-first heap   total 292864K, used 112307K [0x0000000080000000, 0x0000000100000000)
  region size 1024K, 8 young (8192K), 8 survivors (8192K)
 Metaspace       used 99625K, committed 100352K, reserved 1138688K
  class space    used 13536K, committed 13888K, reserved 1048576K
}

Dll operation events (2 events):
Event: 0.021 Loaded shared library C:\Program Files\Android\Android Studio1\jbr\bin\java.dll
Event: 1.042 Loaded shared library C:\Program Files\Android\Android Studio1\jbr\bin\verify.dll

Deoptimization events (20 events):
Event: 37.530 Thread 0x0000022eeba26f00 Uncommon trap: trap_request=0xffffffc6 fr.pc=0x0000022ed4beed4c relative=0x0000000000003b8c
Event: 37.530 Thread 0x0000022eeba26f00 Uncommon trap: reason=bimorphic_or_optimized_type_check action=maybe_recompile pc=0x0000022ed4beed4c method=java.nio.file.FileTreeWalker.next()Ljava/nio/file/FileTreeWalker$Event; @ 37 c2
Event: 37.530 Thread 0x0000022eeba26f00 DEOPT PACKING pc=0x0000022ed4beed4c sp=0x000000bf425fdea0
Event: 37.530 Thread 0x0000022eeba26f00 DEOPT UNPACKING pc=0x0000022ed408a1a3 sp=0x000000bf425fdee0 mode 2
Event: 37.532 Thread 0x0000022eeba26f00 Uncommon trap: trap_request=0xffffffc6 fr.pc=0x0000022ed4beed4c relative=0x0000000000003b8c
Event: 37.532 Thread 0x0000022eeba26f00 Uncommon trap: reason=bimorphic_or_optimized_type_check action=maybe_recompile pc=0x0000022ed4beed4c method=java.nio.file.FileTreeWalker.next()Ljava/nio/file/FileTreeWalker$Event; @ 37 c2
Event: 37.532 Thread 0x0000022eeba26f00 DEOPT PACKING pc=0x0000022ed4beed4c sp=0x000000bf425fdea0
Event: 37.532 Thread 0x0000022eeba26f00 DEOPT UNPACKING pc=0x0000022ed408a1a3 sp=0x000000bf425fdee0 mode 2
Event: 37.533 Thread 0x0000022eeba26f00 Uncommon trap: trap_request=0xffffffc6 fr.pc=0x0000022ed4beed4c relative=0x0000000000003b8c
Event: 37.533 Thread 0x0000022eeba26f00 Uncommon trap: reason=bimorphic_or_optimized_type_check action=maybe_recompile pc=0x0000022ed4beed4c method=java.nio.file.FileTreeWalker.next()Ljava/nio/file/FileTreeWalker$Event; @ 37 c2
Event: 37.533 Thread 0x0000022eeba26f00 DEOPT PACKING pc=0x0000022ed4beed4c sp=0x000000bf425fdea0
Event: 37.533 Thread 0x0000022eeba26f00 DEOPT UNPACKING pc=0x0000022ed408a1a3 sp=0x000000bf425fdee0 mode 2
Event: 37.535 Thread 0x0000022eeba26f00 Uncommon trap: trap_request=0xffffffde fr.pc=0x0000022ed46dde68 relative=0x0000000000001aa8
Event: 37.535 Thread 0x0000022eeba26f00 Uncommon trap: reason=class_check action=maybe_recompile pc=0x0000022ed46dde68 method=java.util.zip.InflaterInputStream.read([BII)I @ 100 c2
Event: 37.536 Thread 0x0000022eeba26f00 DEOPT PACKING pc=0x0000022ed46dde68 sp=0x000000bf425fdb80
Event: 37.536 Thread 0x0000022eeba26f00 DEOPT UNPACKING pc=0x0000022ed408a1a3 sp=0x000000bf425fdbd0 mode 2
Event: 37.536 Thread 0x0000022eeba26f00 Uncommon trap: trap_request=0xffffffde fr.pc=0x0000022ed46dde68 relative=0x0000000000001aa8
Event: 37.536 Thread 0x0000022eeba26f00 Uncommon trap: reason=class_check action=maybe_recompile pc=0x0000022ed46dde68 method=java.util.zip.InflaterInputStream.read([BII)I @ 100 c2
Event: 37.536 Thread 0x0000022eeba26f00 DEOPT PACKING pc=0x0000022ed46dde68 sp=0x000000bf425fdb80
Event: 37.536 Thread 0x0000022eeba26f00 DEOPT UNPACKING pc=0x0000022ed408a1a3 sp=0x000000bf425fdbd0 mode 2

Classes unloaded (0 events):
No events

Classes redefined (0 events):
No events

Internal exceptions (20 events):
Event: 37.753 Thread 0x0000022eeba26f00 Exception <a 'sun/nio/fs/WindowsException'{0x000000008c2ed0f8}> (0x000000008c2ed0f8) 
thrown [s\src\hotspot\share\prims\jni.cpp, line 517]
Event: 37.756 Thread 0x0000022eeba26f00 Exception <a 'sun/nio/fs/WindowsException'{0x000000008c2f25c0}> (0x000000008c2f25c0) 
thrown [s\src\hotspot\share\prims\jni.cpp, line 517]
Event: 37.765 Thread 0x0000022eeba26f00 Exception <a 'sun/nio/fs/WindowsException'{0x000000008c2f6860}> (0x000000008c2f6860) 
thrown [s\src\hotspot\share\prims\jni.cpp, line 517]
Event: 37.767 Thread 0x0000022eeba26f00 Exception <a 'sun/nio/fs/WindowsException'{0x000000008c2f9ae8}> (0x000000008c2f9ae8) 
thrown [s\src\hotspot\share\prims\jni.cpp, line 517]
Event: 37.776 Thread 0x0000022eeba26f00 Exception <a 'sun/nio/fs/WindowsException'{0x000000008c2fcff0}> (0x000000008c2fcff0) 
thrown [s\src\hotspot\share\prims\jni.cpp, line 517]
Event: 37.780 Thread 0x0000022eeba26f00 Exception <a 'sun/nio/fs/WindowsException'{0x000000008c10a148}> (0x000000008c10a148) 
thrown [s\src\hotspot\share\prims\jni.cpp, line 517]
Event: 37.791 Thread 0x0000022eeba26f00 Exception <a 'sun/nio/fs/WindowsException'{0x000000008c10d430}> (0x000000008c10d430) 
thrown [s\src\hotspot\share\prims\jni.cpp, line 517]
Event: 37.794 Thread 0x0000022eeba26f00 Exception <a 'sun/nio/fs/WindowsException'{0x000000008c1106f8}> (0x000000008c1106f8) 
thrown [s\src\hotspot\share\prims\jni.cpp, line 517]
Event: 37.805 Thread 0x0000022eeba26f00 Exception <a 'sun/nio/fs/WindowsException'{0x000000008c111948}> (0x000000008c111948) 
thrown [s\src\hotspot\share\prims\jni.cpp, line 517]
Event: 37.812 Thread 0x0000022eeba26f00 Exception <a 'sun/nio/fs/WindowsException'{0x000000008c118ec8}> (0x000000008c118ec8) 
thrown [s\src\hotspot\share\prims\jni.cpp, line 517]
Event: 37.814 Thread 0x0000022eeba26f00 Exception <a 'sun/nio/fs/WindowsException'{0x000000008c11c190}> (0x000000008c11c190) 
thrown [s\src\hotspot\share\prims\jni.cpp, line 517]
Event: 37.819 Thread 0x0000022eeba26f00 Exception <a 'sun/nio/fs/WindowsException'{0x000000008c127790}> (0x000000008c127790) 
thrown [s\src\hotspot\share\prims\jni.cpp, line 517]
Event: 37.823 Thread 0x0000022eeba26f00 Exception <a 'sun/nio/fs/WindowsException'{0x000000008c12eb60}> (0x000000008c12eb60) 
thrown [s\src\hotspot\share\prims\jni.cpp, line 517]
Event: 37.827 Thread 0x0000022eeba26f00 Exception <a 'sun/nio/fs/WindowsException'{0x000000008c131ea0}> (0x000000008c131ea0) 
thrown [s\src\hotspot\share\prims\jni.cpp, line 517]
Event: 37.892 Thread 0x0000022eeba26f00 Exception <a 'sun/nio/fs/WindowsException'{0x000000008c1351a8}> (0x000000008c1351a8) 
thrown [s\src\hotspot\share\prims\jni.cpp, line 517]
Event: 37.906 Thread 0x0000022eeba26f00 Exception <a 'sun/nio/fs/WindowsException'{0x000000008c13d6a8}> (0x000000008c13d6a8) 
thrown [s\src\hotspot\share\prims\jni.cpp, line 517]
Event: 38.071 Thread 0x0000022eeba26f00 Exception <a 'sun/nio/fs/WindowsException'{0x000000008c141928}> (0x000000008c141928) 
thrown [s\src\hotspot\share\prims\jni.cpp, line 517]
Event: 38.074 Thread 0x0000022eeba26f00 Exception <a 'sun/nio/fs/WindowsException'{0x000000008c144df0}> (0x000000008c144df0) 
thrown [s\src\hotspot\share\prims\jni.cpp, line 517]
Event: 38.081 Thread 0x0000022eeba26f00 Exception <a 'sun/nio/fs/WindowsException'{0x000000008c148078}> (0x000000008c148078) 
thrown [s\src\hotspot\share\prims\jni.cpp, line 517]
Event: 38.099 Thread 0x0000022eeba26f00 Exception <a 'sun/nio/fs/WindowsException'{0x000000008c14b338}> (0x000000008c14b338) 
thrown [s\src\hotspot\share\prims\jni.cpp, line 517]

VM Operations (20 events):
Event: 33.477 Executing VM operation: HandshakeAllThreads
Event: 33.477 Executing VM operation: HandshakeAllThreads done
Event: 34.071 Executing VM operation: HandshakeAllThreads
Event: 34.071 Executing VM operation: HandshakeAllThreads done
Event: 34.117 Executing VM operation: HandshakeAllThreads
Event: 34.117 Executing VM operation: HandshakeAllThreads done
Event: 34.117 Executing VM operation: HandshakeAllThreads
Event: 34.118 Executing VM operation: HandshakeAllThreads done
Event: 34.136 Executing VM operation: HandshakeAllThreads
Event: 34.137 Executing VM operation: HandshakeAllThreads done
Event: 34.258 Executing VM operation: ICBufferFull
Event: 34.258 Executing VM operation: ICBufferFull done
Event: 35.260 Executing VM operation: Cleanup
Event: 35.260 Executing VM operation: Cleanup done
Event: 36.275 Executing VM operation: Cleanup
Event: 36.275 Executing VM operation: Cleanup done
Event: 36.590 Executing VM operation: HandshakeAllThreads
Event: 36.590 Executing VM operation: HandshakeAllThreads done
Event: 37.601 Executing VM operation: Cleanup
Event: 37.602 Executing VM operation: Cleanup done

Events (20 events):
Event: 37.252 loading class java/time/temporal/TemporalQueries$3
Event: 37.252 loading class java/time/temporal/TemporalQueries$3 done
Event: 37.252 loading class java/time/temporal/TemporalQueries$4
Event: 37.252 loading class java/time/temporal/TemporalQueries$4 done
Event: 37.252 loading class java/time/temporal/TemporalQueries$5
Event: 37.252 loading class java/time/temporal/TemporalQueries$5 done
Event: 37.252 loading class java/time/temporal/TemporalQueries$6
Event: 37.252 loading class java/time/temporal/TemporalQueries$6 done
Event: 37.252 loading class java/time/temporal/TemporalQueries$7
Event: 37.252 loading class java/time/temporal/TemporalQueries$7 done
Event: 37.313 Thread 0x0000022eeba20520 Thread added: 0x0000022eeba20520
Event: 37.482 Thread 0x0000022eeba20520 Thread exited: 0x0000022eeba20520
Event: 37.522 loading class java/nio/file/FileTreeIterator
Event: 37.522 loading class java/nio/file/FileTreeIterator done
Event: 37.527 loading class java/nio/file/StandardCopyOption
Event: 37.527 loading class java/nio/file/StandardCopyOption done
Event: 37.527 loading class java/nio/file/CopyMoveHelper
Event: 37.528 loading class java/nio/file/CopyMoveHelper done
Event: 37.528 loading class java/nio/file/CopyMoveHelper$CopyOptions
Event: 37.528 loading class java/nio/file/CopyMoveHelper$CopyOptions done


Dynamic libraries:
0x00007ff6af130000 - 0x00007ff6af13a000 	C:\Program Files\Android\Android Studio1\jbr\bin\java.exe
0x00007ffd0f150000 - 0x00007ffd0f367000 	C:\WINDOWS\SYSTEM32\ntdll.dll
0x00007ffd0d920000 - 0x00007ffd0d9e4000 	C:\WINDOWS\System32\KERNEL32.DLL
0x00007ffd0c4d0000 - 0x00007ffd0c87e000 	C:\WINDOWS\System32\KERNELBASE.dll
0x00007ffd0cb30000 - 0x00007ffd0cc41000 	C:\WINDOWS\System32\ucrtbase.dll
0x00007ffcc4c30000 - 0x00007ffcc4c47000 	C:\Program Files\Android\Android Studio1\jbr\bin\jli.dll
0x00007ffcf4fe0000 - 0x00007ffcf4ffb000 	C:\Program Files\Android\Android Studio1\jbr\bin\VCRUNTIME140.dll
0x00007ffd0dd90000 - 0x00007ffd0df3d000 	C:\WINDOWS\System32\USER32.dll
0x00007ffd0cdc0000 - 0x00007ffd0cde6000 	C:\WINDOWS\System32\win32u.dll
0x00007ffd0e970000 - 0x00007ffd0e999000 	C:\WINDOWS\System32\GDI32.dll
0x00007ffd0ca10000 - 0x00007ffd0cb28000 	C:\WINDOWS\System32\gdi32full.dll
0x00007ffd0c8f0000 - 0x00007ffd0c98a000 	C:\WINDOWS\System32\msvcp_win.dll
0x00007ffcf7510000 - 0x00007ffcf77a3000 	C:\WINDOWS\WinSxS\amd64_microsoft.windows.common-controls_6595b64144ccf1df_6.0.23585.1001_none_eea134f67b8cd7e5\COMCTL32.dll
0x00007ffd0d3e0000 - 0x00007ffd0d487000 	C:\WINDOWS\System32\msvcrt.dll
0x00007ffd0d5e0000 - 0x00007ffd0d611000 	C:\WINDOWS\System32\IMM32.DLL
0x00007ffcf40e0000 - 0x00007ffcf40ec000 	C:\Program Files\Android\Android Studio1\jbr\bin\vcruntime140_1.dll
0x00007ffcc26a0000 - 0x00007ffcc272d000 	C:\Program Files\Android\Android Studio1\jbr\bin\msvcp140.dll
0x00007ffc62730000 - 0x00007ffc6339e000 	C:\Program Files\Android\Android Studio1\jbr\bin\server\jvm.dll
0x00007ffd0d7d0000 - 0x00007ffd0d880000 	C:\WINDOWS\System32\ADVAPI32.dll
0x00007ffd0d9f0000 - 0x00007ffd0da96000 	C:\WINDOWS\System32\sechost.dll
0x00007ffd0ef70000 - 0x00007ffd0f087000 	C:\WINDOWS\System32\RPCRT4.dll
0x00007ffcc4830000 - 0x00007ffcc4839000 	C:\WINDOWS\SYSTEM32\WSOCK32.dll
0x00007ffcfe6f0000 - 0x00007ffcfe724000 	C:\WINDOWS\SYSTEM32\WINMM.dll
0x00007ffcf9820000 - 0x00007ffcf982a000 	C:\WINDOWS\SYSTEM32\VERSION.dll
0x00007ffd0e090000 - 0x00007ffd0e101000 	C:\WINDOWS\System32\WS2_32.dll
0x00007ffd0b470000 - 0x00007ffd0b488000 	C:\WINDOWS\SYSTEM32\kernel.appcore.dll
0x00007ffcc27b0000 - 0x00007ffcc27ba000 	C:\Program Files\Android\Android Studio1\jbr\bin\jimage.dll
0x00007ffd09d00000 - 0x00007ffd09f33000 	C:\WINDOWS\SYSTEM32\DBGHELP.DLL
0x00007ffd0eb60000 - 0x00007ffd0eeea000 	C:\WINDOWS\System32\combase.dll
0x00007ffd0db00000 - 0x00007ffd0dbd7000 	C:\WINDOWS\System32\OLEAUT32.dll
0x00007ffcf5cb0000 - 0x00007ffcf5ce2000 	C:\WINDOWS\SYSTEM32\dbgcore.DLL
0x00007ffd0c990000 - 0x00007ffd0ca0a000 	C:\WINDOWS\System32\bcryptPrimitives.dll
0x00007ffc62700000 - 0x00007ffc62725000 	C:\Program Files\Android\Android Studio1\jbr\bin\java.dll
0x00007ffc638b0000 - 0x00007ffc638c8000 	C:\Program Files\Android\Android Studio1\jbr\bin\zip.dll
0x00007ffd0e110000 - 0x00007ffd0e966000 	C:\WINDOWS\System32\SHELL32.dll
0x00007ffd0a3e0000 - 0x00007ffd0acef000 	C:\WINDOWS\SYSTEM32\windows.storage.dll
0x00007ffd0a2a0000 - 0x00007ffd0a3de000 	C:\WINDOWS\SYSTEM32\wintypes.dll
0x00007ffd0df40000 - 0x00007ffd0e033000 	C:\WINDOWS\System32\SHCORE.dll
0x00007ffd0daa0000 - 0x00007ffd0dafe000 	C:\WINDOWS\System32\shlwapi.dll
0x00007ffd0c400000 - 0x00007ffd0c426000 	C:\WINDOWS\SYSTEM32\profapi.dll
0x00007ffc626e0000 - 0x00007ffc626f9000 	C:\Program Files\Android\Android Studio1\jbr\bin\net.dll
0x00007ffd01b20000 - 0x00007ffd01c57000 	C:\WINDOWS\SYSTEM32\WINHTTP.dll
0x00007ffd0b940000 - 0x00007ffd0b9a9000 	C:\WINDOWS\system32\mswsock.dll
0x00007ffc626c0000 - 0x00007ffc626d6000 	C:\Program Files\Android\Android Studio1\jbr\bin\nio.dll
0x00007ffccd660000 - 0x00007ffccd670000 	C:\Program Files\Android\Android Studio1\jbr\bin\verify.dll
0x00007ffcdc480000 - 0x00007ffcdc4a7000 	C:\Users\33601\.gradle\native\68d5fa5c4cc2d200863cafc0d521ce42e7d3e7ee720ec0a83991735586a16f82\windows-amd64\native-platform.dll
0x00007ffcb6930000 - 0x00007ffcb6a74000 	C:\Users\33601\.gradle\native\e376f236ea51e6404a007f0833ffe2c6e607c4080706a723a18a27aeea778392\windows-amd64\native-platform-file-events.dll
0x00007ffcc9680000 - 0x00007ffcc9689000 	C:\Program Files\Android\Android Studio1\jbr\bin\management.dll
0x00007ffcc9670000 - 0x00007ffcc967b000 	C:\Program Files\Android\Android Studio1\jbr\bin\management_ext.dll
0x00007ffd0ceb0000 - 0x00007ffd0ceb8000 	C:\WINDOWS\System32\PSAPI.DLL
0x00007ffd0bc60000 - 0x00007ffd0bc7b000 	C:\WINDOWS\SYSTEM32\CRYPTSP.dll
0x00007ffd0b430000 - 0x00007ffd0b465000 	C:\WINDOWS\system32\rsaenh.dll
0x00007ffd0b9e0000 - 0x00007ffd0ba0c000 	C:\WINDOWS\SYSTEM32\USERENV.dll
0x00007ffd0be10000 - 0x00007ffd0be38000 	C:\WINDOWS\SYSTEM32\bcrypt.dll
0x00007ffd0bc40000 - 0x00007ffd0bc4c000 	C:\WINDOWS\SYSTEM32\CRYPTBASE.dll
0x00007ffd0afe0000 - 0x00007ffd0b00d000 	C:\WINDOWS\SYSTEM32\IPHLPAPI.DLL
0x00007ffd0d880000 - 0x00007ffd0d889000 	C:\WINDOWS\System32\NSI.dll
0x00007ffd01930000 - 0x00007ffd01949000 	C:\WINDOWS\SYSTEM32\dhcpcsvc6.DLL
0x00007ffd01910000 - 0x00007ffd0192f000 	C:\WINDOWS\SYSTEM32\dhcpcsvc.DLL
0x00007ffd0b010000 - 0x00007ffd0b109000 	C:\WINDOWS\SYSTEM32\DNSAPI.dll
0x00007ffc55690000 - 0x00007ffc55698000 	C:\WINDOWS\system32\wshunix.dll
0x00007ffcd3630000 - 0x00007ffcd3647000 	C:\WINDOWS\system32\napinsp.dll
0x00007ffcd3610000 - 0x00007ffcd362b000 	C:\WINDOWS\system32\pnrpnsp.dll
0x00007ffcd35e0000 - 0x00007ffcd3601000 	C:\WINDOWS\system32\nlansp_c.dll
0x00007ffcd35c0000 - 0x00007ffcd35d1000 	C:\WINDOWS\System32\winrnr.dll
0x00007ffcfa050000 - 0x00007ffcfa065000 	C:\WINDOWS\system32\wshbth.dll
0x00007ffcf9590000 - 0x00007ffcf959a000 	C:\Windows\System32\rasadhlp.dll
0x00007ffcfe360000 - 0x00007ffcfe3e4000 	C:\WINDOWS\System32\fwpuclnt.dll
0x00007ffcfe550000 - 0x00007ffcfe56e000 	C:\Users\33601\AppData\Local\Temp\native-platform4623910893811068327dir\native-platform.dll

dbghelp: loaded successfully - version: 4.0.5 - missing functions: none
symbol engine: initialized successfully - sym options: 0x614 - pdb path: .;C:\Program Files\Android\Android Studio1\jbr\bin;C:\WINDOWS\SYSTEM32;C:\WINDOWS\WinSxS\amd64_microsoft.windows.common-controls_6595b64144ccf1df_6.0.23585.1001_none_eea134f67b8cd7e5;C:\Program Files\Android\Android Studio1\jbr\bin\server;C:\Users\33601\.gradle\native\68d5fa5c4cc2d200863cafc0d521ce42e7d3e7ee720ec0a83991735586a16f82\windows-amd64;C:\Users\33601\.gradle\native\e376f236ea51e6404a007f0833ffe2c6e607c4080706a723a18a27aeea778392\windows-amd64;C:\Users\33601\AppData\Local\Temp\native-platform4623910893811068327dir

VM Arguments:
jvm_args: --add-opens=java.base/java.util=ALL-UNNAMED --add-opens=java.base/java.lang=ALL-UNNAMED --add-opens=java.base/java.lang.invoke=ALL-UNNAMED --add-opens=java.prefs/java.util.prefs=ALL-UNNAMED --add-opens=java.base/java.nio.charset=ALL-UNNAMED --add-opens=java.base/java.net=ALL-UNNAMED --add-opens=java.base/java.util.concurrent.atomic=ALL-UNNAMED -Xmx2048m -Dfile.encoding=UTF-8 -Duser.country=FR -Duser.language=fr -Duser.variant 
java_command: org.gradle.launcher.daemon.bootstrap.GradleDaemon 8.0
java_class_path (initial): C:\Users\33601\.gradle\wrapper\dists\gradle-8.0-bin\ca5e32bp14vu59qr306oxotwh\gradle-8.0\lib\gradle-launcher-8.0.jar
Launcher Type: SUN_STANDARD

[Global flags]
     intx CICompilerCount                          = 4                                         {product} {ergonomic}
     uint ConcGCThreads                            = 2                                         {product} {ergonomic}
     uint G1ConcRefinementThreads                  = 8                                         {product} {ergonomic}
   size_t G1HeapRegionSize                         = 1048576                                   {product} {ergonomic}
    uintx GCDrainStackTargetSize                   = 64                                        {product} {ergonomic}
   size_t InitialHeapSize                          = 264241152                                 {product} {ergonomic}
   size_t MarkStackSize                            = 4194304                                   {product} {ergonomic}
   size_t MaxHeapSize                              = 2147483648                                {product} {command line}
   size_t MaxNewSize                               = 1287651328                                {product} {ergonomic}
   size_t MinHeapDeltaBytes                        = 1048576                                   {product} {ergonomic}
   size_t MinHeapSize                              = 8388608                                   {product} {ergonomic}
    uintx NonNMethodCodeHeapSize                   = 5839372                                {pd product} {ergonomic}
    uintx NonProfiledCodeHeapSize                  = 122909434                              {pd product} {ergonomic}
    uintx ProfiledCodeHeapSize                     = 122909434                              {pd product} {ergonomic}
    uintx ReservedCodeCacheSize                    = 251658240                              {pd product} {ergonomic}
     bool SegmentedCodeCache                       = true                                      {product} {ergonomic}
   size_t SoftMaxHeapSize                          = 2147483648                             {manageable} {ergonomic}
     bool UseCompressedClassPointers               = true                           {product lp64_product} {ergonomic}
     bool UseCompressedOops                        = true                           {product lp64_product} {ergonomic}
     bool UseG1GC                                  = true                                      {product} {ergonomic}
     bool UseLargePagesIndividualAllocation        = false                                  {pd product} {ergonomic}

Logging:
Log output configuration:
 #0: stdout all=warning uptime,level,tags
 #1: stderr all=off uptime,level,tags

Environment Variables:
PATH=C:\Python311\Scripts\;C:\Python311\;C:\Program Files (x86)\Common Files\Oracle\Java\javapath;C:\WINDOWS\system32;C:\WINDOWS;C:\WINDOWS\System32\Wbem;C:\WINDOWS\System32\WindowsPowerShell\v1.0\;C:\WINDOWS\System32\OpenSSH\;C:\Program Files (x86)\PowerShell\7\;C:\Program Files\dotnet\;C:\Users\33601\Desktop\SCRCPY\scrcpy-win64-v1.24;C:\Program Files\Git\cmd;C:\Program Files\nodejs\;C:\ProgramData\chocolatey\bin;C:\Program Files\PowerShell\7\;C:\Users\33601\AppData\Local\Microsoft\WindowsApps;
USERNAME=33601
OS=Windows_NT
PROCESSOR_IDENTIFIER=Intel64 Family 6 Model 140 Stepping 1, GenuineIntel
TMP=C:\Users\33601\AppData\Local\Temp
TEMP=C:\Users\33601\AppData\Local\Temp


JNI global refs:
JNI global refs: 25, weak refs: 0

JNI global refs memory usage: 843, weak refs: 841


---------------  S Y S T E M  ---------------

OS:
 Windows 11 , 64 bit Build 23585 (10.0.23585.1001)
OS uptime: 3 days 15:39 hours
Hyper-V role detected

CPU: total 8 (initial active 8) (4 cores per cpu, 2 threads per core) family 6 model 140 stepping 1 microcode 0xac, cx8, cmov, fxsr, ht, mmx, 3dnowpref, sse, sse2, sse3, ssse3, sse4.1, sse4.2, popcnt, lzcnt, tsc, tscinvbit, avx, avx2, aes, erms, clmul, bmi1, bmi2, adx, avx512f, avx512dq, avx512cd, avx512bw, avx512vl, sha, fma, vzeroupper, avx512_vpopcntdq, avx512_vpclmulqdq, avx512_vaes, avx512_vnni, clflush, clflushopt, clwb, avx512_vbmi2, avx512_vbmi, hv

Memory: 4k page, system-wide physical 16106M (476M free)
TotalPageFile size 65258M (AvailPageFile size 3M)
current process WorkingSet (physical memory assigned to process): 553M, peak: 572M
current process commit charge ("private bytes"): 597M, peak: 614M

vm_info: OpenJDK 64-Bit Server VM (17.0.6+0-b2043.56-10027231) for windows-amd64 JRE (17.0.6+0-b2043.56-10027231), built on Apr 28 2023 00:43:19 by "androidbuild" with MS VC++ 16.10 / 16.11 (VS2019)

END.
